MPASM 5.76              PASSWORD_CHANGE1.ASM   4-24-2018  14:15:59         PAGE  1


LOC  OBJECT CODE     LINE SOURCE TEXT
  VALUE

                      00001 
                      00002 
                      00003 
                      00004 #include "p16f873.inc"
                      00001         LIST
                      00002 
                      00003 ;==========================================================================
                      00004 ; Build date : Sep 19 2017
                      00005 ;  MPASM PIC16F873 processor include
                      00006 ; 
                      00007 ;  (c) Copyright 1999-2017 Microchip Technology, All rights reserved
                      00008 ;==========================================================================
                      00009 
Message[301]: MESSAGE: (Processor-header file mismatch.  Verify selected processor.)
                      00501         LIST
                      00005 
                      00006     
                      00007 ;Variables
                      00008 ;ports
Warning[207]: Found label after column 1. (LCDPORT)
  00000006            00009     LCDPORT     equ     PORTB       ; lcd port
Warning[207]: Found label after column 1. (LCDTRIS)
  00000086            00010     LCDTRIS     equ     TRISB
Warning[207]: Found label after column 1. (KEYPORT)
  00000007            00011     KEYPORT     equ     PORTC       ; keypad port
Warning[207]: Found label after column 1. (KEYTRIS)
  00000087            00012     KEYTRIS     equ     TRISC
Warning[207]: Found label after column 1. (CONTROLPORT)
  00000005            00013     CONTROLPORT equ     PORTA       ; motor control
Warning[207]: Found label after column 1. (CONTROLTRIS)
  00000085            00014     CONTROLTRIS equ     TRISA   
                      00015 ;password check
Warning[207]: Found label after column 1. (PwordTemp)
  00000026            00016     PwordTemp   equ     0x26        ; to store each character at comparision
Warning[207]: Found label after column 1. (PwordCheck)
  00000027            00017     PwordCheck  equ     0x27        ; to check number of loops in Password_check
Warning[207]: Found label after column 1. (Pword1)
  00000030            00018     Pword1      equ     0x30        ; password is retrieved to 0x30 to 0x33
Warning[207]: Found label after column 1. (Usercode)
  00000040            00019     Usercode    equ     0x40        ; users code is stored temporarily at 0x40 to 0x43
                      00020 ;LCD and Keypad
Warning[207]: Found label after column 1. (LCDTemp)
  00000022            00021     LCDTemp     equ     0x22        ; Yo keep LCD data tempararily
Warning[207]: Found label after column 1. (button_pressed)
  00000025            00022     button_pressed equ  0x25        ; to store the pressed button
                      00023 ;delays
Warning[207]: Found label after column 1. (c1)
  00000020            00024     c1          equ     0x20        ; for delays
Warning[207]: Found label after column 1. (c2)
  00000021            00025     c2          equ     0x21        ; for delays
                      00026 ;eeprom
Warning[207]: Found label after column 1. (eeval)
  00000050            00027     eeval       equ     0x50        ; temp store eeprom write data
MPASM 5.76              PASSWORD_CHANGE1.ASM   4-24-2018  14:15:59         PAGE  2


LOC  OBJECT CODE     LINE SOURCE TEXT
  VALUE

Warning[207]: Found label after column 1. (eead)
  00000051            00028     eead        equ     0x51        ; store the address of eeprom
                      00029 ;password reset
Warning[207]: Found label after column 1. (reset)
  00000028            00030     reset       equ     0x28        ;to check whether program in reset mode
                      00031  
                      00032 
                      00033  
                      00034 ;Program
                      00035 
Warning[205]: Found directive in column 1. (org)
                      00036 org 0x00
Warning[203]: Found opcode in column 1. (goto)
0000   2???           00037 goto Main
                      00038    
0001                  00039 Main:
                      00040     
0001   2???           00041     call        LCD_Init                
0002   2???           00042     call        Key_Init
0003   2???           00043     call        DoorAlarm_Init
0004   2???           00044     call        Check_PwordChange
                      00045     
                      00046     ;goto       Menu_Select  
                      00047     
                      00048        
                      00049 
0005                  00050 Menu_Select:                        ; select one option from available menu
0005   2???           00051     call        LCD_clear
0006   2???           00052     call        Msg0
                      00053     
0007   2???           00054     call         Key_Check
0008   3041           00055     movlw       'A'                 ;Door open and close
0009   0225           00056     subwf       button_pressed,0        
000A   1903           00057     btfsc       STATUS,Z                
000B   2???           00058     call        Door_OpenClose
                      00059     
000C   3042           00060     movlw       'B'                 ;reset password
000D   0225           00061     subwf       button_pressed,0        
000E   1903           00062     btfsc       STATUS,Z                
000F   2???           00063     call        Pword_Reset
                      00064     
0010   2???           00065     goto        Menu_Select
                      00066     
                      00067     
                      00068 
                      00069 ;Menus....
                      00070     
0011                  00071 Door_OpenClose:                     ; subroutine for loop of opening and closing the door
                      00072     
                      00073     
0011   2???           00074     call        LCD_clear           ;clear display
0012   2???           00075     call        Msg1                ;"Enter Password"
0013   2???           00076     call        LCD_Enter           ;input mode
MPASM 5.76              PASSWORD_CHANGE1.ASM   4-24-2018  14:15:59         PAGE  3


LOC  OBJECT CODE     LINE SOURCE TEXT
  VALUE

0014   2???           00077     goto        Password_Check      ; check the password
Warning[207]: Found label after column 1. (closedoor)
0015                  00078     closedoor
0015   2???           00079     call        Key_Check
0016   3044           00080     movlw       'D'
0017   0225           00081     subwf       button_pressed,0    ; close door when D is pressed
0018   1903           00082     btfsc       STATUS,Z
0019   2???           00083     goto        Door_Close
001A   2???           00084     goto        closedoor
                      00085     
001B                  00086 Pword_Reset:                        ; subroutine for changing the password
001B   2???           00087     call        LCD_clear           ;clear display
001C   2???           00088     call        Msg4                ;"Reset Password"
001D   2???           00089     call        Delay
001E   2???           00090     call        Reset_P
001F   0008           00091     return
                      00092     
                      00093  ;Password Check.......
                      00094  
0020                  00095 Password_Check:                     ; check the password 
                      00096     
0020   2???           00097     call        Get_Pword
0021   2???           00098     call        Store_UserCode
0022   3003           00099     movlw       3
0023   00A7           00100     movwf       PwordCheck          ; for 3 incorrect attempts
                      00101     ;goto       Check_IncorrectAttempts
                      00102     
                      00103  
0024                  00104 Check_IncorrectAttempts:            ; check the number of incorrect attempts and trigger and alarm
                      00105     
0024   0BA7           00106     decfsz      PwordCheck,1
0025   2???           00107     goto        Compare_Code
0026   2???           00108     goto        Attempts_Over
                      00109     
                      00110  
0027                  00111 Get_Pword:                          ; to get the password stored in eeprom
                      00112     
0027   3030           00113     movlw       0x30                ; passowrd is retrieved to 0x30 to 0x33
0028   0084           00114     movwf       FSR
                      00115     
0029   3000           00116     movlw       0x00                ; pword stored at 0x00 to 0x03
002A   00D1           00117     movwf       eead
002B   2???           00118     call        Read_EEPROM
002C   0080           00119     movwf       INDF
                      00120     
002D   0A84           00121     incf        FSR,1
002E   0AD1           00122     incf        eead,1
002F   2???           00123     call        Read_EEPROM
0030   0080           00124     movwf       INDF
                      00125     
0031   0A84           00126     incf        FSR,1
0032   0AD1           00127     incf        eead,1
0033   2???           00128     call        Read_EEPROM
MPASM 5.76              PASSWORD_CHANGE1.ASM   4-24-2018  14:15:59         PAGE  4


LOC  OBJECT CODE     LINE SOURCE TEXT
  VALUE

0034   0080           00129     movwf       INDF
                      00130     
0035   0A84           00131     incf        FSR,1
0036   0AD1           00132     incf        eead,1
0037   2???           00133     call        Read_EEPROM
0038   0080           00134     movwf       INDF
0039   0008           00135     return
                      00136   
Warning[207]: Found label after column 1. (Store_UserCode)
003A                  00137  Store_UserCode:            ; to store the code given by user
                      00138     
003A   3040           00139     movlw       0x40
003B   0084           00140     movwf       FSR
                      00141     
Warning[207]: Found label after column 1. (loopinstore)
003C                  00142     loopinstore
003C   2???           00143     call        Key_Check
003D   0825           00144     movf        button_pressed,0
003E   0080           00145     movwf       INDF
003F   2???           00146     call        LCD_char
0040   2???           00147     call        Delay5
0041   0A84           00148     incf        FSR,1
0042   1D04           00149     btfss       FSR,2       ;0x43=0100 0111 therefore checks the 3rd bit ti find weather 4 digits are en
                            tered
0043   2???           00150     goto        loopinstore
0044   0008           00151     return
                      00152     
Warning[207]: Found label after column 1. (Show_UserCode)
0045                  00153   Show_UserCode:           ; show the code submitted by user
                      00154     
0045   3040           00155     movlw       0x40
0046   0084           00156     movwf       FSR
Warning[207]: Found label after column 1. (loopinshow)
0047                  00157     loopinshow
0047   0800           00158     movf        INDF,0
0048   2???           00159     call        LCD_char
0049   2???           00160     call        Delay5
004A   0A84           00161     incf        FSR,1
004B   1D04           00162     btfss       FSR,2
004C   2???           00163     goto        loopinshow
004D   0008           00164     return
                      00165  
Warning[207]: Found label after column 1. (Compare_Code)
004E                  00166  Compare_Code:                      ; compare the user submited code with the correct password
                      00167     
004E   3030           00168     movlw       0x30
004F   0084           00169     movwf        FSR                ; point to 0x30-0x33
                      00170     
Warning[207]: Found label after column 1. (loopinCompare)
0050                  00171     loopinCompare
0050   0800           00172     movf        INDF,0  
0051   00A6           00173     movwf       PwordTemp           ;store the value in current pointed register
0052   3010           00174     movlw       0x10
MPASM 5.76              PASSWORD_CHANGE1.ASM   4-24-2018  14:15:59         PAGE  5


LOC  OBJECT CODE     LINE SOURCE TEXT
  VALUE

0053   0784           00175     addwf       FSR,1               ;point to 0x40-0x43
0054   0800           00176     movf        INDF,0
0055   0226           00177     subwf       PwordTemp,0         ;check weather 0x30=0x40 and ....
0056   1D03           00178     btfss       STATUS,Z            ;check 0 flag
0057   2???           00179     goto        Compared_IncorrectPword ;subroutine for wrong password
0058   3010           00180     movlw       0x10                
0059   0284           00181     subwf       FSR,1               ;point back to 30
005A   0A84           00182     incf        FSR,1
005B   1D04           00183     btfss       FSR,2
005C   2???           00184     goto        loopinCompare
005D   2???           00185     goto        Compared_CorrectPword;subroutine for right password
                      00186     
                      00187     
                      00188     
Warning[207]: Found label after column 1. (Compared_IncorrectPword)
005E                  00189  Compared_IncorrectPword:           ;subroutine for wrong password
                      00190     
005E   2???           00191     call        LCD_clear
005F   2???           00192     call        Msg2
0060   2???           00193     call        LCD_Enter
0061   2???           00194     call        Store_UserCode
0062   2???           00195     goto        Check_IncorrectAttempts
                      00196     
                      00197     
Warning[207]: Found label after column 1. (Compared_CorrectPword)
0063                  00198  Compared_CorrectPword:             ;subroutine for right password
                      00199     
0063   1105           00200     bcf         CONTROLPORT,2       ; off the alarm if its triggered
0064   2???           00201     call        LCD_clear
0065   1828           00202     btfsc       reset,0             ; go back to password reset
0066   2???           00203     goto        reset1              
                      00204     
                      00205     
0067   2???           00206     call        Msg3
0068   2???           00207     call        Door_Open
0069   2???           00208     goto        closedoor
                      00209     
                      00210     
Warning[207]: Found label after column 1. (Attempts_Over)
006A                  00211  Attempts_Over:                     ; trigger the alarm
                      00212     
006A   2???           00213     call        LCD_clear
006B   2???           00214     call        Alarm_On
006C   2???           00215     goto        Compare_Code
                      00216     
                      00217     
                      00218  ;Password Reset
                      00219  
Warning[207]: Found label after column 1. (Reset_P)
006D                  00220  Reset_P:                           ;reset the password
006D   2???           00221     call        LCD_clear
006E   2???           00222     call        Msg5                ;'old password'
006F   2???           00223     call        LCD_Enter
MPASM 5.76              PASSWORD_CHANGE1.ASM   4-24-2018  14:15:59         PAGE  6


LOC  OBJECT CODE     LINE SOURCE TEXT
  VALUE

0070   1428           00224     bsf         reset,0         
0071   2???           00225     goto        Password_Check
Warning[207]: Found label after column 1. (reset1)
0072                  00226     reset1
0072   1028           00227     bcf         reset,0
0073   2???           00228     call        Msg6                ;'new password'
0074   2???           00229     call        LCD_Enter
0075   2???           00230     call        Store_UserCodetoEEPROM
0076   2???           00231     call        LCD_clear
0077   2???           00232     call        Msg7                ;reset complete
0078   2???           00233     call        Delay
                      00234     
0079   0008           00235     return
                      00236     
Warning[207]: Found label after column 1. (Store_UserCodetoEEPROM)
007A                  00237  Store_UserCodetoEEPROM:            ; store the new password on eeprom
007A   2???           00238     call        Store_UserCode
                      00239     
007B   3000           00240     movlw       0x00
007C   00D1           00241     movwf       eead    
                      00242     
007D   0840           00243     movf        0x40,0
007E   2???           00244     call        Write_EEPROM
007F   0AD1           00245     incf        eead,1
                      00246     
0080   0841           00247     movf        0x41,0
0081   2???           00248     call        Write_EEPROM
0082   0AD1           00249     incf        eead,1
                      00250     
0083   0842           00251      movf       0x42,0
0084   2???           00252     call        Write_EEPROM
0085   0AD1           00253     incf        eead,1
                      00254     
0086   0843           00255     movf        0x43,0
0087   2???           00256     call        Write_EEPROM
0088   0AD1           00257     incf        eead,1
                      00258     
0089   3001           00259     movlw       0x01                ;to note that user had changed the password.
008A   2???           00260     call        Write_EEPROM
008B   0008           00261     return
                      00262     
Warning[207]: Found label after column 1. (Store_Pword)
008C                  00263  Store_Pword:                       ; store the fisrt password. from 0x00 to 0x03
                      00264     
008C   3000           00265     movlw       0x00
008D   00D1           00266     movwf       eead    
                      00267     
008E   3031           00268     movlw       '1'
008F   2???           00269     call        Write_EEPROM
0090   0AD1           00270     incf        eead,1
                      00271     
0091   3032           00272     movlw       '2'
0092   2???           00273     call        Write_EEPROM
MPASM 5.76              PASSWORD_CHANGE1.ASM   4-24-2018  14:15:59         PAGE  7


LOC  OBJECT CODE     LINE SOURCE TEXT
  VALUE

0093   0AD1           00274     incf        eead,1
                      00275     
0094   3033           00276     movlw       '3'
0095   2???           00277     call        Write_EEPROM
0096   0AD1           00278     incf        eead,1
                      00279     
0097   3034           00280     movlw       '4'
0098   2???           00281     call        Write_EEPROM
0099   0008           00282     return
                      00283     
Warning[207]: Found label after column 1. (Check_PwordChange)
009A                  00284  Check_PwordChange:                 ; check whether the password is changed by the user at begining.else
                             write eeprom with default password
                      00285     
009A   3005           00286     movlw       0x05
009B   00D1           00287     movwf       eead
009C   2???           00288     call        Read_EEPROM
009D   1800           00289     btfsc       W,0
009E   2???           00290     call        Store_Pword
009F   0008           00291     return
                      00292     
                      00293      
                      00294  ; Door & Alarm Control
                      00295  
Warning[207]: Found label after column 1. (DoorAlarm_Init)
00A0                  00296  DoorAlarm_Init:                    ; initialize the motor
                      00297     
00A0   1283           00298     bcf         STATUS,5            ; select bank 0
00A1   0185           00299     clrf        CONTROLPORT         ; clear the port
00A2   1683           00300     bsf         STATUS,5            ;select bank 1
00A3   3006           00301     movlw       0x06
Message[302]: Register in operand not in bank 0.  Ensure that bank bits are correct.
00A4   009F           00302     movwf       ADCON1              ;configure all pins as digital inputs
Message[302]: Register in operand not in bank 0.  Ensure that bank bits are correct.
00A5   1005           00303     bcf         CONTROLTRIS,0       ;make 0 pin output
Message[302]: Register in operand not in bank 0.  Ensure that bank bits are correct.
00A6   1085           00304     bcf         CONTROLTRIS,1       ;make 1 pin output
Message[302]: Register in operand not in bank 0.  Ensure that bank bits are correct.
00A7   1105           00305     bcf         CONTROLTRIS,2       ;make 2 pin output for the alarm
00A8   1283           00306     bcf         STATUS,5            ;select bank 0
00A9   0008           00307     return
                      00308  
Warning[207]: Found label after column 1. (Door_Open)
00AA                  00309  Door_Open:                         ;open the door when password is correct
                      00310     
00AA   1405           00311     bsf         CONTROLPORT,0       ; motor forward direction
00AB   2???           00312     call        Delay               ; use delays to control the turn amount
00AC   2???           00313     call        Delay
00AD   1005           00314     bcf         CONTROLPORT,0       ; motor off
00AE   0008           00315     return
                      00316     
Warning[207]: Found label after column 1. (Door_Close)
00AF                  00317  Door_Close:                        ;close the door 
MPASM 5.76              PASSWORD_CHANGE1.ASM   4-24-2018  14:15:59         PAGE  8


LOC  OBJECT CODE     LINE SOURCE TEXT
  VALUE

                      00318     
00AF   1485           00319     bsf         CONTROLPORT,1       ; motor reverse direction
00B0   2???           00320     call        Delay
00B1   2???           00321     call        Delay
00B2   1085           00322     bcf         CONTROLPORT,1       ; motor off
00B3   0008           00323     return
                      00324     
Warning[207]: Found label after column 1. (Alarm_On)
00B4                  00325  Alarm_On:
                      00326     
00B4   1505           00327     bsf         CONTROLPORT,2       ;Alarm on
                      00328     ;call       Delay
00B5   0008           00329     return
                      00330     
                      00331  ;EEPROM
                      00332  
Warning[207]: Found label after column 1. (Read_EEPROM)
00B6                  00333  Read_EEPROM:
                      00334     
00B6   1703           00335     bsf         STATUS, 6           
00B7   1283           00336     bcf         STATUS, 5           ;Bank 2
00B8   0851           00337     movf        eead, 0             ;Write address
Message[302]: Register in operand not in bank 0.  Ensure that bank bits are correct.
00B9   008D           00338     movwf       EEADR               ;to read from
00BA   1683           00339     bsf         STATUS, 5           ;Bank 3
Message[302]: Register in operand not in bank 0.  Ensure that bank bits are correct.
00BB   138C           00340     bcf         EECON1, 7           ;Point to Data memory
Message[302]: Register in operand not in bank 0.  Ensure that bank bits are correct.
00BC   140C           00341     bsf         EECON1, 0           ;Start read operation
00BD   1283           00342     bcf         STATUS, 5           ;Bank 2
Message[302]: Register in operand not in bank 0.  Ensure that bank bits are correct.
00BE   080C           00343     movf        EEDATA, 0           ;W = EEDATA
00BF   1303           00344     bcf         STATUS, 6           ;select bank 0
00C0   0008           00345     return
                      00346 
00C1                  00347 Write_EEPROM:
                      00348     
00C1   00D0           00349     movwf       eeval               ; move the value to register
00C2   1703           00350     bsf         STATUS, 6           
00C3   0851           00351     movf        eead, 0             ;Address to
Message[302]: Register in operand not in bank 0.  Ensure that bank bits are correct.
00C4   008D           00352     movwf       EEADR               ;write to
00C5   0850           00353     movf        eeval, 0            ;Data to
Message[302]: Register in operand not in bank 0.  Ensure that bank bits are correct.
00C6   008C           00354     movwf       EEDATA              ;write
00C7   1683           00355     bsf         STATUS, 5           ;Bank 3
Message[302]: Register in operand not in bank 0.  Ensure that bank bits are correct.
00C8   138C           00356     bcf         EECON1, 7           ;Point to Data memory
Message[302]: Register in operand not in bank 0.  Ensure that bank bits are correct.
00C9   150C           00357     bsf         EECON1, 2           ;Enable writes
                      00358                                     ;Only disable interrupts
                      00359     ;bcf        INTCON, GIE         ;if already enabled,
                      00360                                     ;otherwise discard
MPASM 5.76              PASSWORD_CHANGE1.ASM   4-24-2018  14:15:59         PAGE  9


LOC  OBJECT CODE     LINE SOURCE TEXT
  VALUE

00CA   3055           00361     movlw       0x55                ;Write 55h to
Message[302]: Register in operand not in bank 0.  Ensure that bank bits are correct.
00CB   008D           00362     movwf       EECON2              ;EECON2
00CC   30AA           00363     movlw        0xAA               ;Write AAh to
Message[302]: Register in operand not in bank 0.  Ensure that bank bits are correct.
00CD   008D           00364     movwf       EECON2              ;EECON2
Message[302]: Register in operand not in bank 0.  Ensure that bank bits are correct.
00CE   148C           00365     bsf         EECON1, 1           ;Start write operation
                      00366                                     ;Only enable interrupts
                      00367     ;bsf        INTCON, GIE         ;if using interrupts,
                      00368                                     ;otherwise discard
Message[302]: Register in operand not in bank 0.  Ensure that bank bits are correct.
00CF   110C           00369     bcf         EECON1, 2           ;Disable writes
Message[302]: Register in operand not in bank 0.  Ensure that bank bits are correct.
00D0   188C           00370     btfsc       EECON1, 1           ;Wait for write to finish
00D1   2???           00371     goto        $-1
00D2   1283           00372     bcf         STATUS,5            
00D3   1303           00373     bcf         STATUS,6            ;select bank 0
                      00374     
                      00375     
00D4   0008           00376     return
                      00377     
                      00378  ;LCD routines...........   
                      00379  
00D5                  00380 LCD_Init:                            ; initialize LED to 4 bit mode
                      00381     
00D5   1683           00382     bsf         STATUS, 5           ; select bank 1 
00D6   3000           00383     movlw       b'00000000'         ; LCDPORT Outputs
Message[302]: Register in operand not in bank 0.  Ensure that bank bits are correct.
00D7   0086           00384     movwf       LCDTRIS             ; Change PortB to output
00D8   1283           00385     bcf         STATUS, 5           ; select bank 0
00D9   2???           00386     call        Delay5              ; Wait 15 msecs
00DA   2???           00387     call        Delay5      
00DB   2???           00388     call        Delay5      
00DC   3030           00389     movlw       b'00110000'         ; Send the Reset Instruction
00DD   0086           00390     movwf       LCDPORT     
00DE   2???           00391     call        Pulse_e             ; Pulse LCD_E
00DF   2???           00392     call        Delay5              ; Delay 5ms
00E0   2???           00393     call        Pulse_e             ; Pulse LCD_E
00E1   2???           00394     call        Delay2              ; Delay of 2ms
00E2   2???           00395     call        Pulse_e             ; Pulse LCD_E
00E3   2???           00396     call        Delay2              ; Delay of 2ms
00E4   3020           00397     movlw       0x020               ; Send the Data Length Specification
00E5   0086           00398     movwf       LCDPORT     
00E6   2???           00399     call        Pulse_e             ; Pulse LCD_E
00E7   2???           00400     call        Delay2              ; Delay of 2ms
00E8   3028           00401     movlw       b'00101000'         ; Set Interface Length
00E9   2???           00402     call        LCD_Ins     
00EA   3010           00403     movlw       b'00010000'         ; Turn Off Display
00EB   2???           00404     call        LCD_Ins     
00EC   3001           00405     movlw       b'00000001'         ; Clear Display RAM
00ED   2???           00406     call        LCD_Ins     
00EE   3006           00407     movlw       b'00000110'         ; Set Cursor Movement
MPASM 5.76              PASSWORD_CHANGE1.ASM   4-24-2018  14:15:59         PAGE 10


LOC  OBJECT CODE     LINE SOURCE TEXT
  VALUE

00EF   2???           00408     call        LCD_Ins     
00F0   300C           00409     movlw       b'00001100'         ; Turn on Display/Cursor
00F1   2???           00410     call        LCD_Ins     
00F2   3001           00411     movlw       b'00000001'         ; Clear LCD
00F3   2???           00412     call        LCD_Ins     
00F4   0008           00413     return 
                      00414     
00F5                  00415 LCD_Ins:                            ;Send the Instruction to the LCD
                      00416     
00F5   00A2           00417     movwf       LCDTemp             ; Save the Value
00F6   39F0           00418     andlw       b'11110000'         ; High Nibble first
00F7   0086           00419     movwf       LCDPORT     
00F8   1106           00420     bcf         LCDPORT,2           
00F9   2???           00421     call        Pulse_e     
00FA   0E22           00422     swapf       LCDTemp, 0          ; Low Nibble Second
00FB   39F0           00423     andlw       b'11110000'         
00FC   0086           00424     movwf       LCDPORT     
00FD   1106           00425     bcf         LCDPORT,2           
00FE   2???           00426     call        Pulse_e     
00FF   2???           00427     call        Delay2              ; wait 2 ms
                      00428     
0100   0008           00429     return 
                      00430 
0101                  00431 LCD_char:                           ; Send the Character to the LCD
                      00432     
0101   00A2           00433     movwf       LCDTemp             ; Save the Value
0102   39F0           00434     andlw       0xF0                ; High Nibble first
0103   0086           00435     movwf       LCDPORT     
0104   1506           00436     bsf         LCDPORT,2           
0105   2???           00437     call        Pulse_e ;
0106   0E22           00438     swapf       LCDTemp, 0          ; Low Nibble Second
0107   39F0           00439     andlw       0xF0        
0108   0086           00440     movwf       LCDPORT     
0109   1506           00441     bsf         LCDPORT,2           
010A   2???           00442     call        Pulse_e     
010B   2???           00443     call        Delay2     
010C   0000           00444     nop 
010D   0008           00445     return 
                      00446 
010E                  00447 Pulse_e:                            ;LCD Enable pulse to write data from LCDPORT into LCD module.
                      00448     
010E   1586           00449     bsf         LCDPORT,3            
010F   0000           00450     nop                      
0110   1186           00451     bcf         LCDPORT,3                    
0111   0000           00452     nop                     
0112   0008           00453     return
                      00454 
0113                  00455 LCD_Enter:                          ;Input Mode
                      00456     
0113   30C0           00457     movlw       b'11000000'         ;Goto 2nd row
0114   2???           00458     call        LCD_Ins
0115   300F           00459     movlw       b'00001111'         ; Turn on Display/Cursor
0116   2???           00460     call        LCD_Ins
MPASM 5.76              PASSWORD_CHANGE1.ASM   4-24-2018  14:15:59         PAGE 11


LOC  OBJECT CODE     LINE SOURCE TEXT
  VALUE

0117   0008           00461     return
                      00462 
0118                  00463 LCD_clear:
                      00464     
0118   3001           00465     movlw        b'00000001'        ; Clear display
0119   2???           00466     call        LCD_Ins
011A   2???           00467     call        Delay5
011B   300C           00468     movlw       b'00001100'         ; Turn off Cursor
011C   2???           00469     call        LCD_Ins
011D   2???           00470     call        Delay2
011E   0008           00471     return
                      00472     
                      00473 ;Messages..........
                      00474     
011F                  00475 Msg1:                               ; 'Enter Password'
011F   3045           00476     movlw   'E'
0120   2???           00477     call    LCD_char
0121   304E           00478     movlw   'N'
0122   2???           00479     call    LCD_char
0123   3054           00480     movlw   'T'
0124   2???           00481     call    LCD_char
0125   3045           00482     movlw   'E'
0126   2???           00483     call    LCD_char
0127   3052           00484     movlw   'R'
0128   2???           00485     call    LCD_char
0129   3020           00486     movlw   ' '
012A   2???           00487     call    LCD_char
012B   3050           00488     movlw   'P'
012C   2???           00489     call    LCD_char
012D   3041           00490     movlw   'A'
012E   2???           00491     call    LCD_char
012F   3053           00492     movlw   'S'
0130   2???           00493     call    LCD_char
0131   3053           00494     movlw   'S'
0132   2???           00495     call    LCD_char
0133   3057           00496     movlw   'W'
0134   2???           00497     call    LCD_char
0135   304F           00498     movlw   'O'
0136   2???           00499     call    LCD_char
0137   3052           00500     movlw   'R'
0138   2???           00501     call    LCD_char
0139   3044           00502     movlw   'D'
013A   2???           00503     call    LCD_char
013B   0008           00504     return
                      00505  
Warning[207]: Found label after column 1. (Msg2)
013C                  00506  Msg2:                               ; 'Incorrect Password'
013C   3049           00507     movlw   'I'
013D   2???           00508     call    LCD_char
013E   304E           00509     movlw   'N'
013F   2???           00510     call    LCD_char
0140   3043           00511     movlw   'C'
0141   2???           00512     call    LCD_char
MPASM 5.76              PASSWORD_CHANGE1.ASM   4-24-2018  14:15:59         PAGE 12


LOC  OBJECT CODE     LINE SOURCE TEXT
  VALUE

0142   304F           00513     movlw   'O'
0143   2???           00514     call    LCD_char
0144   3052           00515     movlw   'R'
0145   2???           00516     call    LCD_char
0146   3052           00517     movlw   'R'
0147   2???           00518     call    LCD_char
0148   3045           00519     movlw   'E'
0149   2???           00520     call    LCD_char
014A   3043           00521     movlw   'C'
014B   2???           00522     call    LCD_char
014C   3054           00523     movlw   'T'
014D   2???           00524     call    LCD_char
014E   302E           00525     movlw   '.'
014F   2???           00526     call    LCD_char
0150   3020           00527     movlw   ' '
0151   2???           00528     call    LCD_char
0152   3052           00529     movlw   'R'
0153   2???           00530     call    LCD_char
0154   3045           00531     movlw   'E'
0155   2???           00532     call    LCD_char
0156   3054           00533     movlw   'T'
0157   2???           00534     call    LCD_char
0158   3052           00535     movlw   'R'
0159   2???           00536     call    LCD_char
015A   3059           00537     movlw   'Y'
015B   2???           00538     call    LCD_char
                      00539     
015C   0008           00540     return
                      00541     
Warning[207]: Found label after column 1. (Msg3)
015D                  00542  Msg3:                                  ; 'Correct Password'
015D   3043           00543     movlw   'C'
015E   2???           00544     call    LCD_char
015F   304F           00545     movlw   'O'
0160   2???           00546     call    LCD_char
0161   3052           00547     movlw   'R'
0162   2???           00548     call    LCD_char
0163   3052           00549     movlw   'R'
0164   2???           00550     call    LCD_char
0165   3045           00551     movlw   'E'
0166   2???           00552     call    LCD_char
0167   3043           00553     movlw   'C'
0168   2???           00554     call    LCD_char
0169   3054           00555     movlw   'T'
016A   2???           00556     call    LCD_char
016B   0008           00557     return
                      00558     
Warning[207]: Found label after column 1. (Msg0)
016C                  00559  Msg0:                                  ;'_WELCOME_'
                      00560     
016C   3020           00561     movlw   ' '
016D   2???           00562     call    LCD_char
016E   3020           00563     movlw   ' '
MPASM 5.76              PASSWORD_CHANGE1.ASM   4-24-2018  14:15:59         PAGE 13


LOC  OBJECT CODE     LINE SOURCE TEXT
  VALUE

016F   2???           00564     call    LCD_char
0170   302A           00565     movlw   '*'
0171   2???           00566     call    LCD_char
0172   302A           00567     movlw   '*'
0173   2???           00568     call    LCD_char
0174   3057           00569     movlw   'W'
0175   2???           00570     call    LCD_char
0176   3045           00571     movlw   'E'
0177   2???           00572     call    LCD_char
0178   304C           00573     movlw   'L'
0179   2???           00574     call    LCD_char
017A   3043           00575     movlw   'C'
017B   2???           00576     call    LCD_char
017C   304F           00577     movlw   'O'
017D   2???           00578     call    LCD_char
017E   304D           00579     movlw   'M'
017F   2???           00580     call    LCD_char
0180   3045           00581     movlw   'E'
0181   2???           00582     call    LCD_char
0182   302A           00583     movlw   '*'
0183   2???           00584     call    LCD_char
0184   302A           00585     movlw   '*'
0185   2???           00586     call    LCD_char
0186   0008           00587     return
                      00588     
0187                  00589 Msg4:                               ; 'Reset Password'
0187   3052           00590     movlw   'R'
0188   2???           00591     call    LCD_char
0189   3045           00592     movlw   'E'
018A   2???           00593     call    LCD_char
018B   3053           00594     movlw   'S'
018C   2???           00595     call    LCD_char
018D   3045           00596     movlw   'E'
018E   2???           00597     call    LCD_char
018F   3054           00598     movlw   'T'
0190   2???           00599     call    LCD_char
0191   3020           00600     movlw   ' '
0192   2???           00601     call    LCD_char
0193   3050           00602     movlw   'P'
0194   2???           00603     call    LCD_char
0195   3041           00604     movlw   'A'
0196   2???           00605     call    LCD_char
0197   3053           00606     movlw   'S'
0198   2???           00607     call    LCD_char
0199   3053           00608     movlw   'S'
019A   2???           00609     call    LCD_char
019B   3057           00610     movlw   'W'
019C   2???           00611     call    LCD_char
019D   304F           00612     movlw   'O'
019E   2???           00613     call    LCD_char
019F   3052           00614     movlw   'R'
01A0   2???           00615     call    LCD_char
01A1   3044           00616     movlw   'D'
MPASM 5.76              PASSWORD_CHANGE1.ASM   4-24-2018  14:15:59         PAGE 14


LOC  OBJECT CODE     LINE SOURCE TEXT
  VALUE

01A2   2???           00617     call    LCD_char
01A3   0008           00618     return
                      00619     
01A4                  00620 Msg5:                               ; 'Old Password'
01A4   304F           00621     movlw   'O'
01A5   2???           00622     call    LCD_char
01A6   304C           00623     movlw   'L'
01A7   2???           00624     call    LCD_char
01A8   3044           00625     movlw   'D'
01A9   2???           00626     call    LCD_char
01AA   3020           00627     movlw   ' '
01AB   2???           00628     call    LCD_char
01AC   3050           00629     movlw   'P'
01AD   2???           00630     call    LCD_char
01AE   3041           00631     movlw   'A'
01AF   2???           00632     call    LCD_char
01B0   3053           00633     movlw   'S'
01B1   2???           00634     call    LCD_char
01B2   3053           00635     movlw   'S'
01B3   2???           00636     call    LCD_char
01B4   3057           00637     movlw   'W'
01B5   2???           00638     call    LCD_char
01B6   304F           00639     movlw   'O'
01B7   2???           00640     call    LCD_char
01B8   3052           00641     movlw   'R'
01B9   2???           00642     call    LCD_char
01BA   3044           00643     movlw   'D'
01BB   2???           00644     call    LCD_char
01BC   0008           00645     return
                      00646     
01BD                  00647 Msg6:                               ; 'New Password'
01BD   304E           00648     movlw   'N'
01BE   2???           00649     call    LCD_char
01BF   3045           00650     movlw   'E'
01C0   2???           00651     call    LCD_char
01C1   3057           00652     movlw   'W'
01C2   2???           00653     call    LCD_char
01C3   3020           00654     movlw   ' '
01C4   2???           00655     call    LCD_char
01C5   3050           00656     movlw   'P'
01C6   2???           00657     call    LCD_char
01C7   3041           00658     movlw   'A'
01C8   2???           00659     call    LCD_char
01C9   3053           00660     movlw   'S'
01CA   2???           00661     call    LCD_char
01CB   3053           00662     movlw   'S'
01CC   2???           00663     call    LCD_char
01CD   3057           00664     movlw   'W'
01CE   2???           00665     call    LCD_char
01CF   304F           00666     movlw   'O'
01D0   2???           00667     call    LCD_char
01D1   3052           00668     movlw   'R'
01D2   2???           00669     call    LCD_char
MPASM 5.76              PASSWORD_CHANGE1.ASM   4-24-2018  14:15:59         PAGE 15


LOC  OBJECT CODE     LINE SOURCE TEXT
  VALUE

01D3   3044           00670     movlw   'D'
01D4   2???           00671     call    LCD_char
01D5   0008           00672     return
                      00673     
01D6                  00674 Msg7:                               ; 'Reset Complete'
01D6   3052           00675     movlw   'R'
01D7   2???           00676     call    LCD_char
01D8   3045           00677     movlw   'E'
01D9   2???           00678     call    LCD_char
01DA   3053           00679     movlw   'S'
01DB   2???           00680     call    LCD_char
01DC   3045           00681     movlw   'E'
01DD   2???           00682     call    LCD_char
01DE   3054           00683     movlw   'T'
01DF   2???           00684     call    LCD_char
01E0   3020           00685     movlw   ' '
01E1   2???           00686     call    LCD_char
01E2   3043           00687     movlw   'C'
01E3   2???           00688     call    LCD_char
01E4   304F           00689     movlw   'O'
01E5   2???           00690     call    LCD_char
01E6   304D           00691     movlw   'M'
01E7   2???           00692     call    LCD_char
01E8   3050           00693     movlw   'P'
01E9   2???           00694     call    LCD_char
01EA   304C           00695     movlw   'L'
01EB   2???           00696     call    LCD_char
01EC   3045           00697     movlw   'E'
01ED   2???           00698     call    LCD_char
01EE   3054           00699     movlw   'T'
01EF   2???           00700     call    LCD_char
01F0   3045           00701     movlw   'E'
01F1   2???           00702     call    LCD_char
01F2   0008           00703     return
                      00704  
                      00705     
                      00706     
                      00707     
                      00708  
                      00709 ;Keypad routines.............
                      00710     
01F3                  00711 Key_Init:                                ;Initalize keypad
                      00712     
01F3   1683           00713     bsf         STATUS,5                ;select bank 1
01F4   30F0           00714     movlw       b'11110000'             ;0-4 outputs,5-7 inputs.
Message[302]: Register in operand not in bank 0.  Ensure that bank bits are correct.
01F5   0087           00715     movwf       KEYTRIS     
01F6   1283           00716     bcf         STATUS,5                ;select bank0
01F7   01A5           00717     clrf        button_pressed          ;clear the button
01F8   0008           00718     return
                      00719     
                      00720     
01F9                  00721 Key_Check:                              ;check what button has been pressed
MPASM 5.76              PASSWORD_CHANGE1.ASM   4-24-2018  14:15:59         PAGE 16


LOC  OBJECT CODE     LINE SOURCE TEXT
  VALUE

                      00722     
01F9   3058           00723     movlw       'X'                     ;X stored as buttonpressed
01FA   00A5           00724     movwf       button_pressed
01FB   1407           00725     bsf         KEYPORT, 0              ;scan the first column of keys          
01FC   1A07           00726     btfsc       KEYPORT, 4                              
01FD   3037           00727     movlw       '7'                     ;7 is pressed.
01FE   1A87           00728     btfsc       KEYPORT, 5                              
01FF   3034           00729     movlw       '4'                     ;4 is pressed.
0200   1B07           00730     btfsc       KEYPORT, 6                              
0201   3031           00731     movlw       '1'                     ;1 is pressed.
0202   1B87           00732     btfsc       KEYPORT, 7                              
0203   302A           00733     movlw       '*'                     ;* is pressed.
0204   1007           00734     bcf         KEYPORT, 0              ;take first column low.
                      00735 
0205   1487           00736     bsf         KEYPORT, 1              ;scan the second column of keys
0206   1A07           00737     btfsc       KEYPORT, 4                      
0207   3038           00738     movlw       '8'                     ;8 is pressed.
0208   1A87           00739     btfsc       KEYPORT, 5                      
0209   3035           00740     movlw       '5'                     ;5 is pressed.
020A   1B07           00741     btfsc       KEYPORT, 6                      
020B   3032           00742     movlw       '2'                     ;2 is pressed.
020C   1B87           00743     btfsc       KEYPORT, 7                      
020D   3030           00744     movlw       '0'                     ;0 is pressed.
020E   1087           00745     bcf         KEYPORT, 1              ;take second column low.
                      00746 
020F   1507           00747     bsf         KEYPORT, 2              ;scan the third column of keys 
0210   1A07           00748     btfsc       KEYPORT, 4                      
0211   3039           00749     movlw       '9'                     ;9 is pressed.
0212   1A87           00750     btfsc       KEYPORT, 5                      
0213   3036           00751     movlw       '6'                     ;6 is pressed.
0214   1B07           00752     btfsc       KEYPORT, 6                      
0215   3033           00753     movlw       '3'                     ;3 is pressed.
0216   1B87           00754     btfsc       KEYPORT, 7                      
0217   3023           00755     movlw       '#'                     ;1 is pressed.
0218   1107           00756     bcf         KEYPORT, 2              ;take rhird column low.
                      00757 
0219   1587           00758     bsf         KEYPORT, 3              ;scan the last column of keys
021A   1A07           00759     btfsc       KEYPORT, 4                      
021B   3041           00760     movlw       'A'                     ;A is pressed.
021C   1A87           00761     btfsc       KEYPORT, 5                      
021D   3042           00762     movlw       'B'                     ;B is pressed.
021E   1B07           00763     btfsc       KEYPORT, 6                      
021F   3043           00764     movlw       'C'                     ;C is pressed.
0220   1B87           00765     btfsc       KEYPORT, 7                      
0221   3044           00766     movlw       'D'                     ;D is pressed.
0222   1187           00767     bcf         KEYPORT, 3              ;take last column low.
                      00768     
0223   00A5           00769     movwf       button_pressed
0224   3058           00770     movlw       'X'
0225   0225           00771     subwf       button_pressed,0        ; Check whether the button pressed ='X'
0226   1903           00772     btfsc       STATUS,Z                ; else a button has been pressed and stored
0227   2???           00773     goto        Key_Check
                      00774                         
MPASM 5.76              PASSWORD_CHANGE1.ASM   4-24-2018  14:15:59         PAGE 17


LOC  OBJECT CODE     LINE SOURCE TEXT
  VALUE

0228   0008           00775     return
                      00776  
                      00777 
                      00778     
                      00779     
                      00780 ; Delay routines........
                      00781     
0229                  00782 Delay5:                                 ;5ms @ 1MHz
                      00783     
0229   3002           00784     movlw       d'2'
022A   00A0           00785     movwf       c1
022B   2???           00786     call        Delay
022C   0008           00787     return
                      00788     
022D                  00789 Delay:                                  ;0.7s
                      00790     
022D   0BA0           00791     decfsz      c1,1    
022E   2???           00792     goto        Delay
022F   0BA1           00793     decfsz      c2,1
0230   2???           00794     goto        Delay
0231   0008           00795     return
0232                  00796 Delay2:                                 ;2ms
0232   0BA0           00797     decfsz      c1,1        
0233   2???           00798     goto        Delay2
0234   0008           00799     return
                      00800  
                      00801  end
MPASM 5.76              PASSWORD_CHANGE1.ASM   4-24-2018  14:15:59         PAGE 18


SYMBOL TABLE
  LABEL                             VALUE 

ACKDT                             00000005
ACKEN                             00000004
ACKSTAT                           00000006
ADCON0                            0000001F
ADCON1                            0000009F
ADCS0                             00000006
ADCS1                             00000007
ADDEN                             00000003
ADFM                              00000007
ADIE                              00000006
ADIF                              00000006
ADON                              00000000
ADRESH                            0000001E
ADRESL                            0000009E
Alarm_On                          000000B4
Attempts_Over                     0000006A
BCLIE                             00000003
BCLIF                             00000003
BF                                00000000
BRGH                              00000002
C                                 00000000
CCP1CON                           00000017
CCP1IE                            00000002
CCP1IF                            00000002
CCP1M0                            00000000
CCP1M1                            00000001
CCP1M2                            00000002
CCP1M3                            00000003
CCP1X                             00000005
CCP1Y                             00000004
CCP2CON                           0000001D
CCP2IE                            00000000
CCP2IF                            00000000
CCP2M0                            00000000
CCP2M1                            00000001
CCP2M2                            00000002
CCP2M3                            00000003
CCP2X                             00000005
CCP2Y                             00000004
CCPR1                             00000015
CCPR1H                            00000016
CCPR1L                            00000015
CCPR2                             0000001B
CCPR2H                            0000001C
CCPR2L                            0000001B
CHS0                              00000003
CHS1                              00000004
CHS2                              00000005
CKE                               00000006
CKP                               00000004
CONTROLPORT                       00000005
CONTROLTRIS                       00000085
CREN                              00000004
MPASM 5.76              PASSWORD_CHANGE1.ASM   4-24-2018  14:15:59         PAGE 19


SYMBOL TABLE
  LABEL                             VALUE 

CSRC                              00000007
Check_IncorrectAttempts           00000024
Check_PwordChange                 0000009A
Compare_Code                      0000004E
Compared_CorrectPword             00000063
Compared_IncorrectPword           0000005E
D                                 00000005
DATA_ADDRESS                      00000005
DC                                00000001
D_A                               00000005
D_NOT_A                           00000005
Delay                             0000022D
Delay2                            00000232
Delay5                            00000229
DoorAlarm_Init                    000000A0
Door_Close                        000000AF
Door_Open                         000000AA
Door_OpenClose                    00000011
EEADR                             0000010D
EEADRH                            0000010F
EECON1                            0000018C
EECON2                            0000018D
EEDATA                            0000010C
EEDATH                            0000010E
EEIE                              00000004
EEIF                              00000004
EEPGD                             00000007
F                                 00000001
FERR                              00000002
FSR                               00000004
GCEN                              00000007
GIE                               00000007
GO                                00000002
GO_DONE                           00000002
GO_NOT_DONE                       00000002
Get_Pword                         00000027
I2C_DATA                          00000005
I2C_READ                          00000002
I2C_START                         00000003
I2C_STOP                          00000004
INDF                              00000000
INTCON                            0000000B
INTE                              00000004
INTEDG                            00000006
INTF                              00000001
IRP                               00000007
KEYPORT                           00000007
KEYTRIS                           00000087
Key_Check                         000001F9
Key_Init                          000001F3
LCDPORT                           00000006
LCDTRIS                           00000086
LCDTemp                           00000022
MPASM 5.76              PASSWORD_CHANGE1.ASM   4-24-2018  14:15:59         PAGE 20


SYMBOL TABLE
  LABEL                             VALUE 

LCD_Enter                         00000113
LCD_Init                          000000D5
LCD_Ins                           000000F5
LCD_char                          00000101
LCD_clear                         00000118
Main                              00000001
Menu_Select                       00000005
Msg0                              0000016C
Msg1                              0000011F
Msg2                              0000013C
Msg3                              0000015D
Msg4                              00000187
Msg5                              000001A4
Msg6                              000001BD
Msg7                              000001D6
NOT_A                             00000005
NOT_ADDRESS                       00000005
NOT_BO                            00000000
NOT_BOR                           00000000
NOT_DONE                          00000002
NOT_PD                            00000003
NOT_POR                           00000001
NOT_RBPU                          00000007
NOT_RC8                           00000006
NOT_T1SYNC                        00000002
NOT_TO                            00000004
NOT_TX8                           00000006
NOT_W                             00000002
NOT_WRITE                         00000002
OERR                              00000001
OPTION_REG                        00000081
P                                 00000004
PCFG0                             00000000
PCFG1                             00000001
PCFG2                             00000002
PCFG3                             00000003
PCL                               00000002
PCLATH                            0000000A
PCON                              0000008E
PEIE                              00000006
PEN                               00000002
PIE1                              0000008C
PIE2                              0000008D
PIR1                              0000000C
PIR2                              0000000D
PORTA                             00000005
PORTB                             00000006
PORTC                             00000007
PR2                               00000092
PS0                               00000000
PS1                               00000001
PS2                               00000002
PSA                               00000003
MPASM 5.76              PASSWORD_CHANGE1.ASM   4-24-2018  14:15:59         PAGE 21


SYMBOL TABLE
  LABEL                             VALUE 

Password_Check                    00000020
Pulse_e                           0000010E
Pword1                            00000030
PwordCheck                        00000027
PwordTemp                         00000026
Pword_Reset                       0000001B
R                                 00000002
RA0                               00000000
RA1                               00000001
RA2                               00000002
RA3                               00000003
RA4                               00000004
RA5                               00000005
RB0                               00000000
RB1                               00000001
RB2                               00000002
RB3                               00000003
RB4                               00000004
RB5                               00000005
RB6                               00000006
RB7                               00000007
RBIE                              00000003
RBIF                              00000000
RC0                               00000000
RC1                               00000001
RC2                               00000002
RC3                               00000003
RC4                               00000004
RC5                               00000005
RC6                               00000006
RC7                               00000007
RC8_9                             00000006
RC9                               00000006
RCD8                              00000000
RCEN                              00000003
RCIE                              00000005
RCIF                              00000005
RCREG                             0000001A
RCSTA                             00000018
RD                                00000000
READ_WRITE                        00000002
RP0                               00000005
RP1                               00000006
RSEN                              00000001
RX9                               00000006
RX9D                              00000000
R_NOT_W                           00000002
R_W                               00000002
Read_EEPROM                       000000B6
Reset_P                           0000006D
S                                 00000003
SEN                               00000000
SMP                               00000007
MPASM 5.76              PASSWORD_CHANGE1.ASM   4-24-2018  14:15:59         PAGE 22


SYMBOL TABLE
  LABEL                             VALUE 

SPBRG                             00000099
SPEN                              00000007
SREN                              00000005
SSPADD                            00000093
SSPBUF                            00000013
SSPCON                            00000014
SSPCON2                           00000091
SSPEN                             00000005
SSPIE                             00000003
SSPIF                             00000003
SSPM0                             00000000
SSPM1                             00000001
SSPM2                             00000002
SSPM3                             00000003
SSPOV                             00000006
SSPSTAT                           00000094
STATUS                            00000003
SYNC                              00000004
Show_UserCode                     00000045
Store_Pword                       0000008C
Store_UserCode                    0000003A
Store_UserCodetoEEPROM            0000007A
T0CS                              00000005
T0IE                              00000005
T0IF                              00000002
T0SE                              00000004
T1CKPS0                           00000004
T1CKPS1                           00000005
T1CON                             00000010
T1INSYNC                          00000002
T1OSCEN                           00000003
T1SYNC                            00000002
T2CKPS0                           00000000
T2CKPS1                           00000001
T2CON                             00000012
TMR0                              00000001
TMR0IE                            00000005
TMR0IF                            00000002
TMR1                              0000000E
TMR1CS                            00000001
TMR1H                             0000000F
TMR1IE                            00000000
TMR1IF                            00000000
TMR1L                             0000000E
TMR1ON                            00000000
TMR2                              00000011
TMR2IE                            00000001
TMR2IF                            00000001
TMR2ON                            00000002
TOUTPS0                           00000003
TOUTPS1                           00000004
TOUTPS2                           00000005
TOUTPS3                           00000006
MPASM 5.76              PASSWORD_CHANGE1.ASM   4-24-2018  14:15:59         PAGE 23


SYMBOL TABLE
  LABEL                             VALUE 

TRISA                             00000085
TRISA0                            00000000
TRISA1                            00000001
TRISA2                            00000002
TRISA3                            00000003
TRISA4                            00000004
TRISA5                            00000005
TRISB                             00000086
TRISB0                            00000000
TRISB1                            00000001
TRISB2                            00000002
TRISB3                            00000003
TRISB4                            00000004
TRISB5                            00000005
TRISB6                            00000006
TRISB7                            00000007
TRISC                             00000087
TRISC0                            00000000
TRISC1                            00000001
TRISC2                            00000002
TRISC3                            00000003
TRISC4                            00000004
TRISC5                            00000005
TRISC6                            00000006
TRISC7                            00000007
TRMT                              00000001
TX8_9                             00000006
TX9                               00000006
TX9D                              00000000
TXD8                              00000000
TXEN                              00000005
TXIE                              00000004
TXIF                              00000004
TXREG                             00000019
TXSTA                             00000098
UA                                00000001
Usercode                          00000040
W                                 00000000
WCOL                              00000007
WR                                00000001
WREN                              00000002
WRERR                             00000003
Write_EEPROM                      000000C1
Z                                 00000002
_.org_0_00D1                      000000D1
_BODEN_OFF                        00003FBF
_BODEN_ON                         00003FFF
_BOREN_OFF                        00003FBF
_BOREN_ON                         00003FFF
_CONFIG                           00002007
_CPD_OFF                          00003FFF
_CPD_ON                           00003EFF
_CP_ALL                           00000FCF
MPASM 5.76              PASSWORD_CHANGE1.ASM   4-24-2018  14:15:59         PAGE 24


SYMBOL TABLE
  LABEL                             VALUE 

_CP_HALF                          00001FDF
_CP_OFF                           00003FFF
_CP_UPPER_256                     00002FEF
_DEBUG_OFF                        00003FFF
_DEBUG_ON                         000037FF
_DEVID1                           00002006
_FOSC_EXTRC                       00003FFF
_FOSC_HS                          00003FFE
_FOSC_LP                          00003FFC
_FOSC_XT                          00003FFD
_HS_OSC                           00003FFE
_IDLOC0                           00002000
_IDLOC1                           00002001
_IDLOC2                           00002002
_IDLOC3                           00002003
_LP_OSC                           00003FFC
_LVP_OFF                          00003F7F
_LVP_ON                           00003FFF
_PWRTE_OFF                        00003FFF
_PWRTE_ON                         00003FF7
_RC_OSC                           00003FFF
_WDTE_OFF                         00003FFB
_WDTE_ON                          00003FFF
_WDT_OFF                          00003FFB
_WDT_ON                           00003FFF
_WRT_ENABLE_OFF                   00003DFF
_WRT_ENABLE_ON                    00003FFF
_WRT_OFF                          00003DFF
_WRT_ON                           00003FFF
_XT_OSC                           00003FFD
__16F873A                         00000001
button_pressed                    00000025
c1                                00000020
c2                                00000021
closedoor                         00000015
eead                              00000051
eeval                             00000050
loopinCompare                     00000050
loopinshow                        00000047
loopinstore                       0000003C
reset                             00000028
reset1                            00000072

Errors   :     0
Warnings :    42 reported,     0 suppressed
Messages :    20 reported,     0 suppressed

