MPASM 5.76                     INTERRUPT.ASM   5-6-2018  11:05:21         PAGE  1


LOC  OBJECT CODE     LINE SOURCE TEXT
  VALUE

                      00001 
                      00002 
                      00003 
                      00004 #include "p16f873.inc"
                      00001         LIST
                      00002 
                      00003 ;==========================================================================
                      00004 ; Build date : Sep 19 2017
                      00005 ;  MPASM PIC16F873 processor include
                      00006 ; 
                      00007 ;  (c) Copyright 1999-2017 Microchip Technology, All rights reserved
                      00008 ;==========================================================================
                      00009 
Message[301]: MESSAGE: (Processor-header file mismatch.  Verify selected processor.)
                      00501         LIST
                      00005 
                      00006     
                      00007 ;Variables
                      00008 ;ports
Warning[207]: Found label after column 1. (LCDPORT)
  00000006            00009     LCDPORT     equ     PORTB       ; lcd port
Warning[207]: Found label after column 1. (LCDTRIS)
  00000086            00010     LCDTRIS     equ     TRISB
Warning[207]: Found label after column 1. (KEYPORTC)
  00000007            00011     KEYPORTC    equ     PORTC       ; keypad,motor,alarm port(INPUTS)
Warning[207]: Found label after column 1. (KEYTRISC)
  00000087            00012     KEYTRISC    equ     TRISC
Warning[207]: Found label after column 1. (KEYPORTA)
  00000005            00013     KEYPORTA    equ     PORTA       ; keypad port(OUTPUTS)
Warning[207]: Found label after column 1. (KEYTRISA)
  00000085            00014     KEYTRISA    equ     TRISA
                      00015         
                      00016 ;password check
Warning[207]: Found label after column 1. (PwordTemp)
  00000026            00017     PwordTemp   equ     0x26        ; to store each character at comparision
Warning[207]: Found label after column 1. (PwordCheck)
  00000027            00018     PwordCheck  equ     0x27        ; to check number of loops in Password_check
Warning[207]: Found label after column 1. (Pword1)
  00000030            00019     Pword1      equ     0x30        ; password is retrieved to 0x30 to 0x33
Warning[207]: Found label after column 1. (Usercode)
  00000040            00020     Usercode    equ     0x40        ; users code is stored temporarily at 0x40 to 0x43
                      00021 ;LCD and Keypad
Warning[207]: Found label after column 1. (LCDTemp)
  00000022            00022     LCDTemp     equ     0x22        ; Yo keep LCD data tempararily
Warning[207]: Found label after column 1. (button_pressed)
  00000025            00023     button_pressed equ  0x25        ; to store the pressed button
                      00024 ;delays
Warning[207]: Found label after column 1. (c1)
  00000020            00025     c1          equ     0x20        ; for delays
Warning[207]: Found label after column 1. (c2)
  00000021            00026     c2          equ     0x21        ; for delays
                      00027 ;eeprom
Warning[207]: Found label after column 1. (eeval)
MPASM 5.76                     INTERRUPT.ASM   5-6-2018  11:05:21         PAGE  2


LOC  OBJECT CODE     LINE SOURCE TEXT
  VALUE

  00000050            00028     eeval       equ     0x50        ; temp store eeprom write data
Warning[207]: Found label after column 1. (eead)
  00000051            00029     eead        equ     0x51        ; store the address of eeprom
                      00030 ;program status register            ; check whether status bits are set/reset 
Warning[207]: Found label after column 1. (statusreg)
  00000028            00031     statusreg   equ     0x28        ; 0 -to check whether program in reset mode
                      00032                                     ; 1 -sleep bit
                      00033 ;interrupt      
Warning[207]: Found label after column 1. (tmrctr)
  00000052            00034      tmrctr     equ     0x52        ; count number of timer1 interrupts to go to sleep
                      00035  
                      00036 
                      00037  
                      00038 ;Program
                      00039 
Warning[205]: Found directive in column 1. (org)
                      00040 org 0x00
Warning[203]: Found opcode in column 1. (goto)
0000   2???           00041 goto Main
                      00042         
Warning[205]: Found directive in column 1. (org)
                      00043 org 0x04
Warning[203]: Found opcode in column 1. (goto)
0004   2???           00044 goto ISR
                      00045    
0005                  00046 Main:
                      00047     
0005   2???           00048     call        LCD_Init                
0006   2???           00049     call        Key_Init
0007   2???           00050     call        DoorAlarm_Init
0008   2???           00051     call        Check_PwordChange
                      00052     
0009   1086           00053     bcf         PORTB,1
                      00054     ;bsf                INTCON,4            ; enable RB0 interrupt bit
000A   1683           00055     bsf         STATUS,5
Message[302]: Register in operand not in bank 0.  Ensure that bank bits are correct.
000B   140C           00056     bsf         PIE1,0              ; enable timer1 overflow bit
000C   1283           00057     bcf         STATUS,5
000D   170B           00058     bsf         INTCON,6            ; enable peripheral interrupt enable bit
000E   178B           00059     bsf         INTCON,7            ; enable global interrupt bit
                      00060     
000F   3030           00061     movlw       b'00110000'         ; 8:1 prescale . timer on
0010   0090           00062     movwf       T1CON
                      00063     
                      00064         
                      00065     ;goto       Menu_Select  
                      00066     
                      00067 
                      00068 
0011                  00069 Menu_Select:                        ; select one option from available menu
0011   2???           00070     call        LCD_clear
0012   2???           00071     call        Msg0
                      00072     
MPASM 5.76                     INTERRUPT.ASM   5-6-2018  11:05:21         PAGE  3


LOC  OBJECT CODE     LINE SOURCE TEXT
  VALUE

                      00073     ;btfsc      statusreg,1         ; check whether not operated for 10sec
                      00074     ;bsf                PORTB,1
                      00075         
0013   2???           00076     call         Key_Check
0014   3041           00077     movlw       'A'                 ;Door open and close
0015   0225           00078     subwf       button_pressed,0        
0016   1903           00079     btfsc       STATUS,Z                
0017   2???           00080     call        Door_OpenClose
                      00081     
0018   3042           00082     movlw       'B'                 ;reset password
0019   0225           00083     subwf       button_pressed,0        
001A   1903           00084     btfsc       STATUS,Z                
001B   2???           00085     call        Pword_Reset
                      00086     
                      00087     
                      00088     
                      00089     
001C   2???           00090     goto        Menu_Select
                      00091     
Warning[207]: Found label after column 1. (ISR)
001D                  00092  ISR:                               ; Interrupt service routine
                      00093     
Message[305]: Using default destination of 1 (file).
001D   0BD2           00094     decfsz      tmrctr
001E   2???           00095     goto        ISR1
001F   2???           00096     goto        ISRtime
Warning[207]: Found label after column 1. (ISR1)
0020                  00097     ISR1
0020   100C           00098     bcf         PIR1,0
0021   0009           00099     retfie
Warning[207]: Found label after column 1. (ISRtime)
0022                  00100     ISRtime
0022   0063           00101     sleep
0023   100C           00102     bcf         PIR1,0
0024   0009           00103     retfie   
                      00104 
                      00105 ;Menus....
                      00106     
0025                  00107 Door_OpenClose:                     ; subroutine for loop of opening and closing the door
                      00108     
0025   1010           00109     bcf         T1CON,0             ;off tmr1
0026   2???           00110     call        LCD_clear           ;clear display
0027   2???           00111     call        Msg1                ;"Enter Password"
0028   2???           00112     call        LCD_Enter           ;input mode
0029   2???           00113     goto        Password_Check      ; check the password
Warning[207]: Found label after column 1. (closedoor)
002A                  00114     closedoor
002A   2???           00115     call        Key_Check
002B   3044           00116     movlw       'D'
002C   0225           00117     subwf       button_pressed,0    ; close door when D is pressed
002D   1903           00118     btfsc       STATUS,Z
002E   2???           00119     goto        Door_Close
002F   2???           00120     goto        closedoor
MPASM 5.76                     INTERRUPT.ASM   5-6-2018  11:05:21         PAGE  4


LOC  OBJECT CODE     LINE SOURCE TEXT
  VALUE

                      00121     
0030                  00122 Pword_Reset:                        ; subroutine for changing the password
0030   2???           00123     call        LCD_clear           ;clear display
0031   2???           00124     call        Msg4                ;"Reset Password"
0032   2???           00125     call        Delay
0033   2???           00126     call        Reset_P
0034   0008           00127     return
                      00128     
                      00129  ;Password Check.......
                      00130  
0035                  00131 Password_Check:                     ; check the password 
0035   1010           00132     bcf         T1CON,0             ;off tmr1
0036   2???           00133     call        Get_Pword
0037   2???           00134     call        Store_UserCode
0038   3003           00135     movlw       3
0039   00A7           00136     movwf       PwordCheck          ; for 3 incorrect attempts
                      00137     ;goto       Check_IncorrectAttempts
                      00138     
                      00139  
003A                  00140 Check_IncorrectAttempts:            ; check the number of incorrect attempts and trigger and alarm
                      00141     
003A   0BA7           00142     decfsz      PwordCheck,1
003B   2???           00143     goto        Compare_Code
003C   2???           00144     goto        Attempts_Over
                      00145     
                      00146  
003D                  00147 Get_Pword:                          ; to get the password stored in eeprom
                      00148     
003D   3030           00149     movlw       0x30                ; passowrd is retrieved to 0x30 to 0x33
003E   0084           00150     movwf       FSR
                      00151     
003F   3000           00152     movlw       0x00                ; pword stored at 0x00 to 0x03
0040   00D1           00153     movwf       eead
0041   2???           00154     call        Read_EEPROM
0042   0080           00155     movwf       INDF
                      00156     
0043   0A84           00157     incf        FSR,1
0044   0AD1           00158     incf        eead,1
0045   2???           00159     call        Read_EEPROM
0046   0080           00160     movwf       INDF
                      00161     
0047   0A84           00162     incf        FSR,1
0048   0AD1           00163     incf        eead,1
0049   2???           00164     call        Read_EEPROM
004A   0080           00165     movwf       INDF
                      00166     
004B   0A84           00167     incf        FSR,1
004C   0AD1           00168     incf        eead,1
004D   2???           00169     call        Read_EEPROM
004E   0080           00170     movwf       INDF
004F   0008           00171     return
                      00172   
Warning[207]: Found label after column 1. (Store_UserCode)
MPASM 5.76                     INTERRUPT.ASM   5-6-2018  11:05:21         PAGE  5


LOC  OBJECT CODE     LINE SOURCE TEXT
  VALUE

0050                  00173  Store_UserCode:            ; to store the code given by user
                      00174     
0050   3040           00175     movlw       0x40
0051   0084           00176     movwf       FSR
                      00177     
Warning[207]: Found label after column 1. (loopinstore)
0052                  00178     loopinstore
0052   2???           00179     call        Key_Check
0053   0825           00180     movf        button_pressed,0
0054   0080           00181     movwf       INDF
0055   2???           00182     call        LCD_char
0056   2???           00183     call        Delay5
0057   0A84           00184     incf        FSR,1
0058   1D04           00185     btfss       FSR,2       ;0x43=0100 0111 therefore checks the 3rd bit ti find weather 4 digits are en
                            tered
0059   2???           00186     goto        loopinstore
005A   0008           00187     return
                      00188     
Warning[207]: Found label after column 1. (Show_UserCode)
005B                  00189   Show_UserCode:           ; show the code submitted by user
                      00190     
005B   3040           00191     movlw       0x40
005C   0084           00192     movwf       FSR
Warning[207]: Found label after column 1. (loopinshow)
005D                  00193     loopinshow
005D   0800           00194     movf        INDF,0
005E   2???           00195     call        LCD_char
005F   2???           00196     call        Delay5
0060   0A84           00197     incf        FSR,1
0061   1D04           00198     btfss       FSR,2
0062   2???           00199     goto        loopinshow
0063   0008           00200     return
                      00201  
Warning[207]: Found label after column 1. (Compare_Code)
0064                  00202  Compare_Code:                      ; compare the user submited code with the correct password
                      00203     
0064   3030           00204     movlw       0x30
0065   0084           00205     movwf        FSR                ; point to 0x30-0x33
                      00206     
Warning[207]: Found label after column 1. (loopinCompare)
0066                  00207     loopinCompare
0066   0800           00208     movf        INDF,0  
0067   00A6           00209     movwf       PwordTemp           ;store the value in current pointed register
0068   3010           00210     movlw       0x10
0069   0784           00211     addwf       FSR,1               ;point to 0x40-0x43
006A   0800           00212     movf        INDF,0
006B   0226           00213     subwf       PwordTemp,0         ;check weather 0x30=0x40 and ....
006C   1D03           00214     btfss       STATUS,Z            ;check 0 flag
006D   2???           00215     goto        Compared_IncorrectPword ;subroutine for wrong password
006E   3010           00216     movlw       0x10                
006F   0284           00217     subwf       FSR,1               ;point back to 30
0070   0A84           00218     incf        FSR,1
0071   1D04           00219     btfss       FSR,2
MPASM 5.76                     INTERRUPT.ASM   5-6-2018  11:05:21         PAGE  6


LOC  OBJECT CODE     LINE SOURCE TEXT
  VALUE

0072   2???           00220     goto        loopinCompare
0073   2???           00221     goto        Compared_CorrectPword;subroutine for right password
                      00222     
                      00223     
                      00224     
Warning[207]: Found label after column 1. (Compared_IncorrectPword)
0074                  00225  Compared_IncorrectPword:           ;subroutine for wrong password
                      00226     
0074   2???           00227     call        LCD_clear
0075   2???           00228     call        Msg2
0076   2???           00229     call        LCD_Enter
0077   2???           00230     call        Store_UserCode
0078   2???           00231     goto        Check_IncorrectAttempts
                      00232     
                      00233     
Warning[207]: Found label after column 1. (Compared_CorrectPword)
0079                  00234  Compared_CorrectPword:             ;subroutine for right password
                      00235     
0079   1087           00236     bcf         KEYPORTC,1          ; off the alarm if its triggered
007A   2???           00237     call        LCD_clear
007B   1828           00238     btfsc       statusreg,0                 ; go back to password reset
007C   2???           00239     goto        reset1              
                      00240     
                      00241     
007D   2???           00242     call        Msg3
007E   2???           00243     call        Door_Open
007F   2???           00244     goto        closedoor
                      00245     
                      00246     
Warning[207]: Found label after column 1. (Attempts_Over)
0080                  00247  Attempts_Over:                     ; trigger the alarm
                      00248     
0080   2???           00249     call        LCD_clear
0081   2???           00250     call        Alarm_On
0082   2???           00251     goto        Compare_Code
                      00252     
                      00253     
                      00254  ;Password Reset
                      00255  
Warning[207]: Found label after column 1. (Reset_P)
0083                  00256  Reset_P:                           ;reset the password
0083   2???           00257     call        LCD_clear
0084   2???           00258     call        Msg5                ;'old password'
0085   2???           00259     call        LCD_Enter
0086   1428           00260     bsf         statusreg,0             
0087   2???           00261     goto        Password_Check
Warning[207]: Found label after column 1. (reset1)
0088                  00262     reset1
0088   1028           00263     bcf         statusreg,0
0089   2???           00264     call        Msg6                ;'new password'
008A   2???           00265     call        LCD_Enter
008B   2???           00266     call        Store_UserCodetoEEPROM
008C   2???           00267     call        LCD_clear
MPASM 5.76                     INTERRUPT.ASM   5-6-2018  11:05:21         PAGE  7


LOC  OBJECT CODE     LINE SOURCE TEXT
  VALUE

008D   2???           00268     call        Msg7                ;reset complete
008E   2???           00269     call        Delay
                      00270     
008F   2???           00271     call        Tmr1_On
                      00272     
0090   0008           00273     return
                      00274     
Warning[207]: Found label after column 1. (Store_UserCodetoEEPROM)
0091                  00275  Store_UserCodetoEEPROM:            ; store the new password on eeprom
0091   2???           00276     call        Store_UserCode
                      00277     
0092   3000           00278     movlw       0x00
0093   00D1           00279     movwf       eead    
                      00280     
0094   0840           00281     movf        0x40,0
0095   2???           00282     call        Write_EEPROM
0096   0AD1           00283     incf        eead,1
                      00284     
0097   0841           00285     movf        0x41,0
0098   2???           00286     call        Write_EEPROM
0099   0AD1           00287     incf        eead,1
                      00288     
009A   0842           00289      movf       0x42,0
009B   2???           00290     call        Write_EEPROM
009C   0AD1           00291     incf        eead,1
                      00292     
009D   0843           00293     movf        0x43,0
009E   2???           00294     call        Write_EEPROM
009F   0AD1           00295     incf        eead,1
                      00296     
00A0   3001           00297     movlw       0x01                ;to note that user had changed the password.
00A1   2???           00298     call        Write_EEPROM
00A2   0008           00299     return
                      00300     
Warning[207]: Found label after column 1. (Store_Pword)
00A3                  00301  Store_Pword:                       ; store the fisrt password. from 0x00 to 0x03
                      00302     
00A3   3000           00303     movlw       0x00
00A4   00D1           00304     movwf       eead    
                      00305     
00A5   3031           00306     movlw       '1'
00A6   2???           00307     call        Write_EEPROM
00A7   0AD1           00308     incf        eead,1
                      00309     
00A8   3032           00310     movlw       '2'
00A9   2???           00311     call        Write_EEPROM
00AA   0AD1           00312     incf        eead,1
                      00313     
00AB   3033           00314     movlw       '3'
00AC   2???           00315     call        Write_EEPROM
00AD   0AD1           00316     incf        eead,1
                      00317     
00AE   3034           00318     movlw       '4'
MPASM 5.76                     INTERRUPT.ASM   5-6-2018  11:05:21         PAGE  8


LOC  OBJECT CODE     LINE SOURCE TEXT
  VALUE

00AF   2???           00319     call        Write_EEPROM
00B0   0008           00320     return
                      00321     
Warning[207]: Found label after column 1. (Check_PwordChange)
00B1                  00322  Check_PwordChange:                 ; check whether the password is changed by the user at begining.else
                             write eeprom with default password
                      00323     
00B1   3005           00324     movlw       0x05
00B2   00D1           00325     movwf       eead
00B3   2???           00326     call        Read_EEPROM
00B4   1800           00327     btfsc       W,0
00B5   2???           00328     call        Store_Pword
00B6   0008           00329     return
                      00330     
                      00331      
                      00332  ; Door & Alarm Control
                      00333  
Warning[207]: Found label after column 1. (DoorAlarm_Init)
00B7                  00334  DoorAlarm_Init:                    ; initialize the motor
                      00335     
00B7   1683           00336     bsf             STATUS,5        ;select bank1
00B8   30FF           00337     movlw           d'255'
Message[302]: Register in operand not in bank 0.  Ensure that bank bits are correct.
00B9   0092           00338     movwf           PR2             ; set the period of PWM signal to 16ms
Message[302]: Register in operand not in bank 0.  Ensure that bank bits are correct.
00BA   1107           00339     bcf             KEYTRISC,2      ; motor
Message[302]: Register in operand not in bank 0.  Ensure that bank bits are correct.
00BB   1087           00340     bcf             KEYTRISC,1      ; alarm
00BC   1283           00341     bcf             STATUS,5        ;select bank 0
00BD   0008           00342     return
                      00343  
Warning[207]: Found label after column 1. (Door_Open)
00BE                  00344  Door_Open:                         ;open the door when password is correct
                      00345     
                      00346     
00BE   301F           00347     movlw           b'00011111'     ;make pwm duty cycle to 2ms.(d125)
00BF   0095           00348     movwf           CCPR1L          ;higher 8 bits
00C0   301C           00349     movlw           b'00011100'
00C1   0097           00350     movwf           CCP1CON         ;lower 2 bits in 4-5.11xx in 0-4 for PWM mode.
00C2   3006           00351     movlw           b'00000110'
00C3   0092           00352     movwf           T2CON           ;on timer2 and set the prescaler to x16.
                      00353     
00C4   0008           00354     return
                      00355     
Warning[207]: Found label after column 1. (Door_Close)
00C5                  00356  Door_Close:                        ;close the door 
                      00357     
                      00358     
00C5   300B           00359     movlw           b'00001011'     ;make pwm duty cycle to 1ms.(d62)
00C6   0095           00360     movwf           CCPR1L
00C7   302C           00361     movlw           b'00101100'
00C8   0097           00362     movwf           CCP1CON
00C9   3006           00363     movlw           b'00000110'
MPASM 5.76                     INTERRUPT.ASM   5-6-2018  11:05:21         PAGE  9


LOC  OBJECT CODE     LINE SOURCE TEXT
  VALUE

00CA   0092           00364     movwf           T2CON
00CB   2???           00365     call            Delay
00CC   2???           00366     call            Delay
00CD   2???           00367     call            Delay
00CE   1112           00368     bcf             T2CON,2         ;off timer2
00CF   1117           00369     bcf             CCP1CON,2       ;
00D0   1197           00370     bcf             CCP1CON,3       ;off CCP1
00D1   2???           00371     call            Tmr1_On
                      00372     
                      00373    
                      00374     ;bsf                    statusreg,1
00D2   0008           00375     return
                      00376     
Warning[207]: Found label after column 1. (Alarm_On)
00D3                  00377  Alarm_On:
                      00378     
00D3   1487           00379     bsf         KEYPORTC,1          ;Alarm on
                      00380     ;call       Delay
00D4   0008           00381     return
                      00382  
                      00383  ;Timer1
                      00384  
Warning[207]: Found label after column 1. (Tmr1_On)
00D5                  00385  Tmr1_On:                           ; on the timer 1
00D5   300A           00386     movlw           d'10'           ; check for 10s of inactivity
00D6   00D2           00387     movwf           tmrctr
00D7   1410           00388     bsf             T1CON,0         ; on timer 1 (sleep mode init)
00D8   0008           00389     return
                      00390     
                      00391     
                      00392  ;EEPROM
                      00393  
Warning[207]: Found label after column 1. (Read_EEPROM)
00D9                  00394  Read_EEPROM:
                      00395     
00D9   1703           00396     bsf         STATUS, 6           
00DA   1283           00397     bcf         STATUS, 5           ;Bank 2
00DB   0851           00398     movf        eead, 0             ;Write address
Message[302]: Register in operand not in bank 0.  Ensure that bank bits are correct.
00DC   008D           00399     movwf       EEADR               ;to read from
00DD   1683           00400     bsf         STATUS, 5           ;Bank 3
Message[302]: Register in operand not in bank 0.  Ensure that bank bits are correct.
00DE   138C           00401     bcf         EECON1, 7           ;Point to Data memory
Message[302]: Register in operand not in bank 0.  Ensure that bank bits are correct.
00DF   140C           00402     bsf         EECON1, 0           ;Start read operation
00E0   1283           00403     bcf         STATUS, 5           ;Bank 2
Message[302]: Register in operand not in bank 0.  Ensure that bank bits are correct.
00E1   080C           00404     movf        EEDATA, 0           ;W = EEDATA
00E2   1303           00405     bcf         STATUS, 6           ;select bank 0
00E3   0008           00406     return
                      00407 
00E4                  00408 Write_EEPROM:
                      00409     
MPASM 5.76                     INTERRUPT.ASM   5-6-2018  11:05:21         PAGE 10


LOC  OBJECT CODE     LINE SOURCE TEXT
  VALUE

00E4   00D0           00410     movwf       eeval               ; move the value to register
00E5   1703           00411     bsf         STATUS, 6           
00E6   0851           00412     movf        eead, 0             ;Address to
Message[302]: Register in operand not in bank 0.  Ensure that bank bits are correct.
00E7   008D           00413     movwf       EEADR               ;write to
00E8   0850           00414     movf        eeval, 0            ;Data to
Message[302]: Register in operand not in bank 0.  Ensure that bank bits are correct.
00E9   008C           00415     movwf       EEDATA              ;write
00EA   1683           00416     bsf         STATUS, 5           ;Bank 3
Message[302]: Register in operand not in bank 0.  Ensure that bank bits are correct.
00EB   138C           00417     bcf         EECON1, 7           ;Point to Data memory
Message[302]: Register in operand not in bank 0.  Ensure that bank bits are correct.
00EC   150C           00418     bsf         EECON1, 2           ;Enable writes
                      00419                                     ;Only disable interrupts
                      00420     ;bcf        INTCON, GIE         ;if already enabled,
                      00421                                     ;otherwise discard
00ED   3055           00422     movlw       0x55                ;Write 55h to
Message[302]: Register in operand not in bank 0.  Ensure that bank bits are correct.
00EE   008D           00423     movwf       EECON2              ;EECON2
00EF   30AA           00424     movlw        0xAA               ;Write AAh to
Message[302]: Register in operand not in bank 0.  Ensure that bank bits are correct.
00F0   008D           00425     movwf       EECON2              ;EECON2
Message[302]: Register in operand not in bank 0.  Ensure that bank bits are correct.
00F1   148C           00426     bsf         EECON1, 1           ;Start write operation
                      00427                                     ;Only enable interrupts
                      00428     ;bsf        INTCON, GIE         ;if using interrupts,
                      00429                                     ;otherwise discard
Message[302]: Register in operand not in bank 0.  Ensure that bank bits are correct.
00F2   110C           00430     bcf         EECON1, 2           ;Disable writes
Message[302]: Register in operand not in bank 0.  Ensure that bank bits are correct.
00F3   188C           00431     btfsc       EECON1, 1           ;Wait for write to finish
00F4   2???           00432     goto        $-1
00F5   1283           00433     bcf         STATUS,5            
00F6   1303           00434     bcf         STATUS,6            ;select bank 0
                      00435     
                      00436     
00F7   0008           00437     return
                      00438     
                      00439  ;LCD routines...........   
                      00440  
00F8                  00441 LCD_Init:                            ; initialize LED to 4 bit mode
                      00442     
00F8   1683           00443     bsf         STATUS, 5           ; select bank 1 
00F9   3001           00444     movlw       b'00000001'         ; LCDPORT Outputs. RB0 as an input fot interrupt
Message[302]: Register in operand not in bank 0.  Ensure that bank bits are correct.
00FA   0086           00445     movwf       LCDTRIS             ; Change PortB to output
00FB   1283           00446     bcf         STATUS, 5           ; select bank 0
00FC   2???           00447     call        Delay5              ; Wait 15 msecs
00FD   2???           00448     call        Delay5      
00FE   2???           00449     call        Delay5      
00FF   3030           00450     movlw       b'00110000'         ; Send the Reset Instruction
0100   0086           00451     movwf       LCDPORT     
0101   2???           00452     call        Pulse_e             ; Pulse LCD_E
MPASM 5.76                     INTERRUPT.ASM   5-6-2018  11:05:21         PAGE 11


LOC  OBJECT CODE     LINE SOURCE TEXT
  VALUE

0102   2???           00453     call        Delay5              ; Delay 5ms
0103   2???           00454     call        Pulse_e             ; Pulse LCD_E
0104   2???           00455     call        Delay2              ; Delay of 2ms
0105   2???           00456     call        Pulse_e             ; Pulse LCD_E
0106   2???           00457     call        Delay2              ; Delay of 2ms
0107   3020           00458     movlw       0x020               ; Send the Data Length Specification
0108   0086           00459     movwf       LCDPORT     
0109   2???           00460     call        Pulse_e             ; Pulse LCD_E
010A   2???           00461     call        Delay2              ; Delay of 2ms
010B   3028           00462     movlw       b'00101000'         ; Set Interface Length
010C   2???           00463     call        LCD_Ins     
010D   3010           00464     movlw       b'00010000'         ; Turn Off Display
010E   2???           00465     call        LCD_Ins     
010F   3001           00466     movlw       b'00000001'         ; Clear Display RAM
0110   2???           00467     call        LCD_Ins     
0111   3006           00468     movlw       b'00000110'         ; Set Cursor Movement
0112   2???           00469     call        LCD_Ins     
0113   300C           00470     movlw       b'00001100'         ; Turn on Display/Cursor
0114   2???           00471     call        LCD_Ins     
0115   3001           00472     movlw       b'00000001'         ; Clear LCD
0116   2???           00473     call        LCD_Ins     
0117   0008           00474     return 
                      00475     
0118                  00476 LCD_Ins:                            ;Send the Instruction to the LCD
                      00477     
0118   00A2           00478     movwf       LCDTemp             ; Save the Value
0119   39F0           00479     andlw       b'11110000'         ; High Nibble first
011A   0086           00480     movwf       LCDPORT     
011B   1106           00481     bcf         LCDPORT,2           
011C   2???           00482     call        Pulse_e     
011D   0E22           00483     swapf       LCDTemp, 0          ; Low Nibble Second
011E   39F0           00484     andlw       b'11110000'         
011F   0086           00485     movwf       LCDPORT     
0120   1106           00486     bcf         LCDPORT,2           
0121   2???           00487     call        Pulse_e     
0122   2???           00488     call        Delay2              ; wait 2 ms
                      00489     
0123   0008           00490     return 
                      00491 
0124                  00492 LCD_char:                           ; Send the Character to the LCD
                      00493     
0124   00A2           00494     movwf       LCDTemp             ; Save the Value
0125   39F0           00495     andlw       0xF0                ; High Nibble first
0126   0086           00496     movwf       LCDPORT     
0127   1506           00497     bsf         LCDPORT,2           
0128   2???           00498     call        Pulse_e ;
0129   0E22           00499     swapf       LCDTemp, 0          ; Low Nibble Second
012A   39F0           00500     andlw       0xF0        
012B   0086           00501     movwf       LCDPORT     
012C   1506           00502     bsf         LCDPORT,2           
012D   2???           00503     call        Pulse_e     
012E   2???           00504     call        Delay2     
012F   0000           00505     nop 
MPASM 5.76                     INTERRUPT.ASM   5-6-2018  11:05:21         PAGE 12


LOC  OBJECT CODE     LINE SOURCE TEXT
  VALUE

0130   0008           00506     return 
                      00507 
0131                  00508 Pulse_e:                            ;LCD Enable pulse to write data from LCDPORT into LCD module.
                      00509     
0131   1586           00510     bsf         LCDPORT,3            
0132   0000           00511     nop                      
0133   1186           00512     bcf         LCDPORT,3                    
0134   0000           00513     nop                     
0135   0008           00514     return
                      00515 
0136                  00516 LCD_Enter:                          ;Input Mode
                      00517     
0136   30C0           00518     movlw       b'11000000'         ;Goto 2nd row
0137   2???           00519     call        LCD_Ins
0138   300F           00520     movlw       b'00001111'         ; Turn on Display/Cursor
0139   2???           00521     call        LCD_Ins
013A   0008           00522     return
                      00523 
013B                  00524 LCD_clear:
                      00525     
013B   3001           00526     movlw        b'00000001'        ; Clear display
013C   2???           00527     call        LCD_Ins
013D   2???           00528     call        Delay5
013E   300C           00529     movlw       b'00001100'         ; Turn off Cursor
013F   2???           00530     call        LCD_Ins
0140   2???           00531     call        Delay2
0141   0008           00532     return
                      00533     
                      00534 ;Messages..........
                      00535     
0142                  00536 Msg1:                               ; 'Enter Password'
0142   3045           00537     movlw   'E'
0143   2???           00538     call    LCD_char
0144   304E           00539     movlw   'N'
0145   2???           00540     call    LCD_char
0146   3054           00541     movlw   'T'
0147   2???           00542     call    LCD_char
0148   3045           00543     movlw   'E'
0149   2???           00544     call    LCD_char
014A   3052           00545     movlw   'R'
014B   2???           00546     call    LCD_char
014C   3020           00547     movlw   ' '
014D   2???           00548     call    LCD_char
014E   3050           00549     movlw   'P'
014F   2???           00550     call    LCD_char
0150   3041           00551     movlw   'A'
0151   2???           00552     call    LCD_char
0152   3053           00553     movlw   'S'
0153   2???           00554     call    LCD_char
0154   3053           00555     movlw   'S'
0155   2???           00556     call    LCD_char
0156   3057           00557     movlw   'W'
0157   2???           00558     call    LCD_char
MPASM 5.76                     INTERRUPT.ASM   5-6-2018  11:05:21         PAGE 13


LOC  OBJECT CODE     LINE SOURCE TEXT
  VALUE

0158   304F           00559     movlw   'O'
0159   2???           00560     call    LCD_char
015A   3052           00561     movlw   'R'
015B   2???           00562     call    LCD_char
015C   3044           00563     movlw   'D'
015D   2???           00564     call    LCD_char
015E   0008           00565     return
                      00566  
Warning[207]: Found label after column 1. (Msg2)
015F                  00567  Msg2:                               ; 'Incorrect Password'
015F   3049           00568     movlw   'I'
0160   2???           00569     call    LCD_char
0161   304E           00570     movlw   'N'
0162   2???           00571     call    LCD_char
0163   3043           00572     movlw   'C'
0164   2???           00573     call    LCD_char
0165   304F           00574     movlw   'O'
0166   2???           00575     call    LCD_char
0167   3052           00576     movlw   'R'
0168   2???           00577     call    LCD_char
0169   3052           00578     movlw   'R'
016A   2???           00579     call    LCD_char
016B   3045           00580     movlw   'E'
016C   2???           00581     call    LCD_char
016D   3043           00582     movlw   'C'
016E   2???           00583     call    LCD_char
016F   3054           00584     movlw   'T'
0170   2???           00585     call    LCD_char
0171   302E           00586     movlw   '.'
0172   2???           00587     call    LCD_char
0173   3020           00588     movlw   ' '
0174   2???           00589     call    LCD_char
0175   3052           00590     movlw   'R'
0176   2???           00591     call    LCD_char
0177   3045           00592     movlw   'E'
0178   2???           00593     call    LCD_char
0179   3054           00594     movlw   'T'
017A   2???           00595     call    LCD_char
017B   3052           00596     movlw   'R'
017C   2???           00597     call    LCD_char
017D   3059           00598     movlw   'Y'
017E   2???           00599     call    LCD_char
                      00600     
017F   0008           00601     return
                      00602     
Warning[207]: Found label after column 1. (Msg3)
0180                  00603  Msg3:                                  ; 'Correct Password'
0180   3043           00604     movlw   'C'
0181   2???           00605     call    LCD_char
0182   304F           00606     movlw   'O'
0183   2???           00607     call    LCD_char
0184   3052           00608     movlw   'R'
0185   2???           00609     call    LCD_char
MPASM 5.76                     INTERRUPT.ASM   5-6-2018  11:05:21         PAGE 14


LOC  OBJECT CODE     LINE SOURCE TEXT
  VALUE

0186   3052           00610     movlw   'R'
0187   2???           00611     call    LCD_char
0188   3045           00612     movlw   'E'
0189   2???           00613     call    LCD_char
018A   3043           00614     movlw   'C'
018B   2???           00615     call    LCD_char
018C   3054           00616     movlw   'T'
018D   2???           00617     call    LCD_char
018E   0008           00618     return
                      00619     
Warning[207]: Found label after column 1. (Msg0)
018F                  00620  Msg0:                                  ;'_WELCOME_'
                      00621     
018F   3020           00622     movlw   ' '
0190   2???           00623     call    LCD_char
0191   3020           00624     movlw   ' '
0192   2???           00625     call    LCD_char
0193   302A           00626     movlw   '*'
0194   2???           00627     call    LCD_char
0195   302A           00628     movlw   '*'
0196   2???           00629     call    LCD_char
0197   3057           00630     movlw   'W'
0198   2???           00631     call    LCD_char
0199   3045           00632     movlw   'E'
019A   2???           00633     call    LCD_char
019B   304C           00634     movlw   'L'
019C   2???           00635     call    LCD_char
019D   3043           00636     movlw   'C'
019E   2???           00637     call    LCD_char
019F   304F           00638     movlw   'O'
01A0   2???           00639     call    LCD_char
01A1   304D           00640     movlw   'M'
01A2   2???           00641     call    LCD_char
01A3   3045           00642     movlw   'E'
01A4   2???           00643     call    LCD_char
01A5   302A           00644     movlw   '*'
01A6   2???           00645     call    LCD_char
01A7   302A           00646     movlw   '*'
01A8   2???           00647     call    LCD_char
01A9   0008           00648     return
                      00649     
01AA                  00650 Msg4:                               ; 'Reset Password'
01AA   3052           00651     movlw   'R'
01AB   2???           00652     call    LCD_char
01AC   3045           00653     movlw   'E'
01AD   2???           00654     call    LCD_char
01AE   3053           00655     movlw   'S'
01AF   2???           00656     call    LCD_char
01B0   3045           00657     movlw   'E'
01B1   2???           00658     call    LCD_char
01B2   3054           00659     movlw   'T'
01B3   2???           00660     call    LCD_char
01B4   3020           00661     movlw   ' '
MPASM 5.76                     INTERRUPT.ASM   5-6-2018  11:05:21         PAGE 15


LOC  OBJECT CODE     LINE SOURCE TEXT
  VALUE

01B5   2???           00662     call    LCD_char
01B6   3050           00663     movlw   'P'
01B7   2???           00664     call    LCD_char
01B8   3041           00665     movlw   'A'
01B9   2???           00666     call    LCD_char
01BA   3053           00667     movlw   'S'
01BB   2???           00668     call    LCD_char
01BC   3053           00669     movlw   'S'
01BD   2???           00670     call    LCD_char
01BE   3057           00671     movlw   'W'
01BF   2???           00672     call    LCD_char
01C0   304F           00673     movlw   'O'
01C1   2???           00674     call    LCD_char
01C2   3052           00675     movlw   'R'
01C3   2???           00676     call    LCD_char
01C4   3044           00677     movlw   'D'
01C5   2???           00678     call    LCD_char
01C6   0008           00679     return
                      00680     
01C7                  00681 Msg5:                               ; 'Old Password'
01C7   304F           00682     movlw   'O'
01C8   2???           00683     call    LCD_char
01C9   304C           00684     movlw   'L'
01CA   2???           00685     call    LCD_char
01CB   3044           00686     movlw   'D'
01CC   2???           00687     call    LCD_char
01CD   3020           00688     movlw   ' '
01CE   2???           00689     call    LCD_char
01CF   3050           00690     movlw   'P'
01D0   2???           00691     call    LCD_char
01D1   3041           00692     movlw   'A'
01D2   2???           00693     call    LCD_char
01D3   3053           00694     movlw   'S'
01D4   2???           00695     call    LCD_char
01D5   3053           00696     movlw   'S'
01D6   2???           00697     call    LCD_char
01D7   3057           00698     movlw   'W'
01D8   2???           00699     call    LCD_char
01D9   304F           00700     movlw   'O'
01DA   2???           00701     call    LCD_char
01DB   3052           00702     movlw   'R'
01DC   2???           00703     call    LCD_char
01DD   3044           00704     movlw   'D'
01DE   2???           00705     call    LCD_char
01DF   0008           00706     return
                      00707     
01E0                  00708 Msg6:                               ; 'New Password'
01E0   304E           00709     movlw   'N'
01E1   2???           00710     call    LCD_char
01E2   3045           00711     movlw   'E'
01E3   2???           00712     call    LCD_char
01E4   3057           00713     movlw   'W'
01E5   2???           00714     call    LCD_char
MPASM 5.76                     INTERRUPT.ASM   5-6-2018  11:05:21         PAGE 16


LOC  OBJECT CODE     LINE SOURCE TEXT
  VALUE

01E6   3020           00715     movlw   ' '
01E7   2???           00716     call    LCD_char
01E8   3050           00717     movlw   'P'
01E9   2???           00718     call    LCD_char
01EA   3041           00719     movlw   'A'
01EB   2???           00720     call    LCD_char
01EC   3053           00721     movlw   'S'
01ED   2???           00722     call    LCD_char
01EE   3053           00723     movlw   'S'
01EF   2???           00724     call    LCD_char
01F0   3057           00725     movlw   'W'
01F1   2???           00726     call    LCD_char
01F2   304F           00727     movlw   'O'
01F3   2???           00728     call    LCD_char
01F4   3052           00729     movlw   'R'
01F5   2???           00730     call    LCD_char
01F6   3044           00731     movlw   'D'
01F7   2???           00732     call    LCD_char
01F8   0008           00733     return
                      00734     
01F9                  00735 Msg7:                               ; 'Reset Complete'
01F9   3052           00736     movlw   'R'
01FA   2???           00737     call    LCD_char
01FB   3045           00738     movlw   'E'
01FC   2???           00739     call    LCD_char
01FD   3053           00740     movlw   'S'
01FE   2???           00741     call    LCD_char
01FF   3045           00742     movlw   'E'
0200   2???           00743     call    LCD_char
0201   3054           00744     movlw   'T'
0202   2???           00745     call    LCD_char
0203   3020           00746     movlw   ' '
0204   2???           00747     call    LCD_char
0205   3043           00748     movlw   'C'
0206   2???           00749     call    LCD_char
0207   304F           00750     movlw   'O'
0208   2???           00751     call    LCD_char
0209   304D           00752     movlw   'M'
020A   2???           00753     call    LCD_char
020B   3050           00754     movlw   'P'
020C   2???           00755     call    LCD_char
020D   304C           00756     movlw   'L'
020E   2???           00757     call    LCD_char
020F   3045           00758     movlw   'E'
0210   2???           00759     call    LCD_char
0211   3054           00760     movlw   'T'
0212   2???           00761     call    LCD_char
0213   3045           00762     movlw   'E'
0214   2???           00763     call    LCD_char
0215   0008           00764     return
                      00765  
                      00766     
                      00767     
MPASM 5.76                     INTERRUPT.ASM   5-6-2018  11:05:21         PAGE 17


LOC  OBJECT CODE     LINE SOURCE TEXT
  VALUE

                      00768     
                      00769  
                      00770 ;Keypad routines.............
                      00771     
0216                  00772 Key_Init:                                ;Initalize keypad
                      00773     
0216   1683           00774     bsf         STATUS,5                ;select bank 1
0217   30F0           00775     movlw       b'11110000'             ;0-4 outputs,5-7 inputs in portc
Message[302]: Register in operand not in bank 0.  Ensure that bank bits are correct.
0218   0087           00776     movwf       KEYTRISC
0219   3006           00777     movlw       0x06    
Message[302]: Register in operand not in bank 0.  Ensure that bank bits are correct.
021A   009F           00778     movwf       ADCON1                  ;configure all pins as digital inputs
021B   3000           00779     movlw       b'00000000'             ; make portA output  
Message[302]: Register in operand not in bank 0.  Ensure that bank bits are correct.
021C   0085           00780     movwf       KEYTRISA
021D   1283           00781     bcf         STATUS,5                ;select bank0
021E   0185           00782     clrf        KEYPORTA                ; clear the port
021F   0187           00783     clrf        KEYPORTC                ; clear the port
0220   01A5           00784     clrf        button_pressed          ;clear the button
0221   0008           00785     return
                      00786     
                      00787     
0222                  00788 Key_Check:                              ;check what button has been pressed
                      00789     
0222   3058           00790     movlw       'X'                     ;X stored as buttonpressed
0223   00A5           00791     movwf       button_pressed
0224   1405           00792     bsf         KEYPORTA, 0             ;scan the first column of keys          
0225   1A07           00793     btfsc       KEYPORTC, 4                             
0226   3037           00794     movlw       '7'                     ;7 is pressed.
0227   1A87           00795     btfsc       KEYPORTC, 5                             
0228   3034           00796     movlw       '4'                     ;4 is pressed.
0229   1B07           00797     btfsc       KEYPORTC, 6                             
022A   3031           00798     movlw       '1'                     ;1 is pressed.
022B   1B87           00799     btfsc       KEYPORTC, 7                             
022C   302A           00800     movlw       '*'                     ;* is pressed.
022D   1005           00801     bcf         KEYPORTA, 0             ;take first column low.
                      00802 
022E   1485           00803     bsf         KEYPORTA, 1             ;scan the second column of keys
022F   1A07           00804     btfsc       KEYPORTC, 4                     
0230   3038           00805     movlw       '8'                     ;8 is pressed.
0231   1A87           00806     btfsc       KEYPORTC, 5                     
0232   3035           00807     movlw       '5'                     ;5 is pressed.
0233   1B07           00808     btfsc       KEYPORTC, 6                     
0234   3032           00809     movlw       '2'                     ;2 is pressed.
0235   1B87           00810     btfsc       KEYPORTC, 7                     
0236   3030           00811     movlw       '0'                     ;0 is pressed.
0237   1085           00812     bcf         KEYPORTA, 1             ;take second column low.
                      00813 
0238   1505           00814     bsf         KEYPORTA, 2             ;scan the third column of keys 
0239   1A07           00815     btfsc       KEYPORTC, 4                     
023A   3039           00816     movlw       '9'                     ;9 is pressed.
023B   1A87           00817     btfsc       KEYPORTC, 5                     
MPASM 5.76                     INTERRUPT.ASM   5-6-2018  11:05:21         PAGE 18


LOC  OBJECT CODE     LINE SOURCE TEXT
  VALUE

023C   3036           00818     movlw       '6'                     ;6 is pressed.
023D   1B07           00819     btfsc       KEYPORTC, 6                     
023E   3033           00820     movlw       '3'                     ;3 is pressed.
023F   1B87           00821     btfsc       KEYPORTC, 7                     
0240   3023           00822     movlw       '#'                     ;1 is pressed.
0241   1105           00823     bcf         KEYPORTA, 2             ;take rhird column low.
                      00824 
0242   1585           00825     bsf         KEYPORTA, 3             ;scan the last column of keys
0243   1A07           00826     btfsc       KEYPORTC, 4                     
0244   3041           00827     movlw       'A'                     ;A is pressed.
0245   1A87           00828     btfsc       KEYPORTC, 5                     
0246   3042           00829     movlw       'B'                     ;B is pressed.
0247   1B07           00830     btfsc       KEYPORTC, 6                     
0248   3043           00831     movlw       'C'                     ;C is pressed.
0249   1B87           00832     btfsc       KEYPORTC, 7                     
024A   3044           00833     movlw       'D'                     ;D is pressed.
024B   1185           00834     bcf         KEYPORTA, 3             ;take last column low.
                      00835     
024C   00A5           00836     movwf       button_pressed
024D   3058           00837     movlw       'X'
024E   0225           00838     subwf       button_pressed,0        ; Check whether the button pressed ='X'
024F   1903           00839     btfsc       STATUS,Z                ; else a button has been pressed and stored
0250   2???           00840     goto        Key_Check
                      00841                         
0251   0008           00842     return
                      00843  
                      00844 
                      00845     
                      00846     
                      00847 ; Delay routines........
                      00848     
0252                  00849 Delay5:                                 ;5ms @ 1MHz
                      00850     
0252   3002           00851     movlw       d'2'
0253   00A0           00852     movwf       c1
0254   2???           00853     call        Delay
0255   0008           00854     return
                      00855     
0256                  00856 Delay:                                  ;0.7s
                      00857     
0256   0BA0           00858     decfsz      c1,1    
0257   2???           00859     goto        Delay
0258   0BA1           00860     decfsz      c2,1
0259   2???           00861     goto        Delay
025A   0008           00862     return
025B                  00863 Delay2:                                 ;2ms
025B   0BA0           00864     decfsz      c1,1        
025C   2???           00865     goto        Delay2
025D   0008           00866     return
                      00867  
                      00868  end
MPASM 5.76                     INTERRUPT.ASM   5-6-2018  11:05:21         PAGE 19


SYMBOL TABLE
  LABEL                             VALUE 

ACKDT                             00000005
ACKEN                             00000004
ACKSTAT                           00000006
ADCON0                            0000001F
ADCON1                            0000009F
ADCS0                             00000006
ADCS1                             00000007
ADDEN                             00000003
ADFM                              00000007
ADIE                              00000006
ADIF                              00000006
ADON                              00000000
ADRESH                            0000001E
ADRESL                            0000009E
Alarm_On                          000000D3
Attempts_Over                     00000080
BCLIE                             00000003
BCLIF                             00000003
BF                                00000000
BRGH                              00000002
C                                 00000000
CCP1CON                           00000017
CCP1IE                            00000002
CCP1IF                            00000002
CCP1M0                            00000000
CCP1M1                            00000001
CCP1M2                            00000002
CCP1M3                            00000003
CCP1X                             00000005
CCP1Y                             00000004
CCP2CON                           0000001D
CCP2IE                            00000000
CCP2IF                            00000000
CCP2M0                            00000000
CCP2M1                            00000001
CCP2M2                            00000002
CCP2M3                            00000003
CCP2X                             00000005
CCP2Y                             00000004
CCPR1                             00000015
CCPR1H                            00000016
CCPR1L                            00000015
CCPR2                             0000001B
CCPR2H                            0000001C
CCPR2L                            0000001B
CHS0                              00000003
CHS1                              00000004
CHS2                              00000005
CKE                               00000006
CKP                               00000004
CREN                              00000004
CSRC                              00000007
Check_IncorrectAttempts           0000003A
MPASM 5.76                     INTERRUPT.ASM   5-6-2018  11:05:21         PAGE 20


SYMBOL TABLE
  LABEL                             VALUE 

Check_PwordChange                 000000B1
Compare_Code                      00000064
Compared_CorrectPword             00000079
Compared_IncorrectPword           00000074
D                                 00000005
DATA_ADDRESS                      00000005
DC                                00000001
D_A                               00000005
D_NOT_A                           00000005
Delay                             00000256
Delay2                            0000025B
Delay5                            00000252
DoorAlarm_Init                    000000B7
Door_Close                        000000C5
Door_Open                         000000BE
Door_OpenClose                    00000025
EEADR                             0000010D
EEADRH                            0000010F
EECON1                            0000018C
EECON2                            0000018D
EEDATA                            0000010C
EEDATH                            0000010E
EEIE                              00000004
EEIF                              00000004
EEPGD                             00000007
F                                 00000001
FERR                              00000002
FSR                               00000004
GCEN                              00000007
GIE                               00000007
GO                                00000002
GO_DONE                           00000002
GO_NOT_DONE                       00000002
Get_Pword                         0000003D
I2C_DATA                          00000005
I2C_READ                          00000002
I2C_START                         00000003
I2C_STOP                          00000004
INDF                              00000000
INTCON                            0000000B
INTE                              00000004
INTEDG                            00000006
INTF                              00000001
IRP                               00000007
ISR                               0000001D
ISR1                              00000020
ISRtime                           00000022
KEYPORTA                          00000005
KEYPORTC                          00000007
KEYTRISA                          00000085
KEYTRISC                          00000087
Key_Check                         00000222
Key_Init                          00000216
MPASM 5.76                     INTERRUPT.ASM   5-6-2018  11:05:21         PAGE 21


SYMBOL TABLE
  LABEL                             VALUE 

LCDPORT                           00000006
LCDTRIS                           00000086
LCDTemp                           00000022
LCD_Enter                         00000136
LCD_Init                          000000F8
LCD_Ins                           00000118
LCD_char                          00000124
LCD_clear                         0000013B
Main                              00000005
Menu_Select                       00000011
Msg0                              0000018F
Msg1                              00000142
Msg2                              0000015F
Msg3                              00000180
Msg4                              000001AA
Msg5                              000001C7
Msg6                              000001E0
Msg7                              000001F9
NOT_A                             00000005
NOT_ADDRESS                       00000005
NOT_BO                            00000000
NOT_BOR                           00000000
NOT_DONE                          00000002
NOT_PD                            00000003
NOT_POR                           00000001
NOT_RBPU                          00000007
NOT_RC8                           00000006
NOT_T1SYNC                        00000002
NOT_TO                            00000004
NOT_TX8                           00000006
NOT_W                             00000002
NOT_WRITE                         00000002
OERR                              00000001
OPTION_REG                        00000081
P                                 00000004
PCFG0                             00000000
PCFG1                             00000001
PCFG2                             00000002
PCFG3                             00000003
PCL                               00000002
PCLATH                            0000000A
PCON                              0000008E
PEIE                              00000006
PEN                               00000002
PIE1                              0000008C
PIE2                              0000008D
PIR1                              0000000C
PIR2                              0000000D
PORTA                             00000005
PORTB                             00000006
PORTC                             00000007
PR2                               00000092
PS0                               00000000
MPASM 5.76                     INTERRUPT.ASM   5-6-2018  11:05:21         PAGE 22


SYMBOL TABLE
  LABEL                             VALUE 

PS1                               00000001
PS2                               00000002
PSA                               00000003
Password_Check                    00000035
Pulse_e                           00000131
Pword1                            00000030
PwordCheck                        00000027
PwordTemp                         00000026
Pword_Reset                       00000030
R                                 00000002
RA0                               00000000
RA1                               00000001
RA2                               00000002
RA3                               00000003
RA4                               00000004
RA5                               00000005
RB0                               00000000
RB1                               00000001
RB2                               00000002
RB3                               00000003
RB4                               00000004
RB5                               00000005
RB6                               00000006
RB7                               00000007
RBIE                              00000003
RBIF                              00000000
RC0                               00000000
RC1                               00000001
RC2                               00000002
RC3                               00000003
RC4                               00000004
RC5                               00000005
RC6                               00000006
RC7                               00000007
RC8_9                             00000006
RC9                               00000006
RCD8                              00000000
RCEN                              00000003
RCIE                              00000005
RCIF                              00000005
RCREG                             0000001A
RCSTA                             00000018
RD                                00000000
READ_WRITE                        00000002
RP0                               00000005
RP1                               00000006
RSEN                              00000001
RX9                               00000006
RX9D                              00000000
R_NOT_W                           00000002
R_W                               00000002
Read_EEPROM                       000000D9
Reset_P                           00000083
MPASM 5.76                     INTERRUPT.ASM   5-6-2018  11:05:21         PAGE 23


SYMBOL TABLE
  LABEL                             VALUE 

S                                 00000003
SEN                               00000000
SMP                               00000007
SPBRG                             00000099
SPEN                              00000007
SREN                              00000005
SSPADD                            00000093
SSPBUF                            00000013
SSPCON                            00000014
SSPCON2                           00000091
SSPEN                             00000005
SSPIE                             00000003
SSPIF                             00000003
SSPM0                             00000000
SSPM1                             00000001
SSPM2                             00000002
SSPM3                             00000003
SSPOV                             00000006
SSPSTAT                           00000094
STATUS                            00000003
SYNC                              00000004
Show_UserCode                     0000005B
Store_Pword                       000000A3
Store_UserCode                    00000050
Store_UserCodetoEEPROM            00000091
T0CS                              00000005
T0IE                              00000005
T0IF                              00000002
T0SE                              00000004
T1CKPS0                           00000004
T1CKPS1                           00000005
T1CON                             00000010
T1INSYNC                          00000002
T1OSCEN                           00000003
T1SYNC                            00000002
T2CKPS0                           00000000
T2CKPS1                           00000001
T2CON                             00000012
TMR0                              00000001
TMR0IE                            00000005
TMR0IF                            00000002
TMR1                              0000000E
TMR1CS                            00000001
TMR1H                             0000000F
TMR1IE                            00000000
TMR1IF                            00000000
TMR1L                             0000000E
TMR1ON                            00000000
TMR2                              00000011
TMR2IE                            00000001
TMR2IF                            00000001
TMR2ON                            00000002
TOUTPS0                           00000003
MPASM 5.76                     INTERRUPT.ASM   5-6-2018  11:05:21         PAGE 24


SYMBOL TABLE
  LABEL                             VALUE 

TOUTPS1                           00000004
TOUTPS2                           00000005
TOUTPS3                           00000006
TRISA                             00000085
TRISA0                            00000000
TRISA1                            00000001
TRISA2                            00000002
TRISA3                            00000003
TRISA4                            00000004
TRISA5                            00000005
TRISB                             00000086
TRISB0                            00000000
TRISB1                            00000001
TRISB2                            00000002
TRISB3                            00000003
TRISB4                            00000004
TRISB5                            00000005
TRISB6                            00000006
TRISB7                            00000007
TRISC                             00000087
TRISC0                            00000000
TRISC1                            00000001
TRISC2                            00000002
TRISC3                            00000003
TRISC4                            00000004
TRISC5                            00000005
TRISC6                            00000006
TRISC7                            00000007
TRMT                              00000001
TX8_9                             00000006
TX9                               00000006
TX9D                              00000000
TXD8                              00000000
TXEN                              00000005
TXIE                              00000004
TXIF                              00000004
TXREG                             00000019
TXSTA                             00000098
Tmr1_On                           000000D5
UA                                00000001
Usercode                          00000040
W                                 00000000
WCOL                              00000007
WR                                00000001
WREN                              00000002
WRERR                             00000003
Write_EEPROM                      000000E4
Z                                 00000002
_.org_1_00F4                      000000F4
_BODEN_OFF                        00003FBF
_BODEN_ON                         00003FFF
_BOREN_OFF                        00003FBF
_BOREN_ON                         00003FFF
MPASM 5.76                     INTERRUPT.ASM   5-6-2018  11:05:21         PAGE 25


SYMBOL TABLE
  LABEL                             VALUE 

_CONFIG                           00002007
_CPD_OFF                          00003FFF
_CPD_ON                           00003EFF
_CP_ALL                           00000FCF
_CP_HALF                          00001FDF
_CP_OFF                           00003FFF
_CP_UPPER_256                     00002FEF
_DEBUG_OFF                        00003FFF
_DEBUG_ON                         000037FF
_DEVID1                           00002006
_FOSC_EXTRC                       00003FFF
_FOSC_HS                          00003FFE
_FOSC_LP                          00003FFC
_FOSC_XT                          00003FFD
_HS_OSC                           00003FFE
_IDLOC0                           00002000
_IDLOC1                           00002001
_IDLOC2                           00002002
_IDLOC3                           00002003
_LP_OSC                           00003FFC
_LVP_OFF                          00003F7F
_LVP_ON                           00003FFF
_PWRTE_OFF                        00003FFF
_PWRTE_ON                         00003FF7
_RC_OSC                           00003FFF
_WDTE_OFF                         00003FFB
_WDTE_ON                          00003FFF
_WDT_OFF                          00003FFB
_WDT_ON                           00003FFF
_WRT_ENABLE_OFF                   00003DFF
_WRT_ENABLE_ON                    00003FFF
_WRT_OFF                          00003DFF
_WRT_ON                           00003FFF
_XT_OSC                           00003FFD
__16F873A                         00000001
button_pressed                    00000025
c1                                00000020
c2                                00000021
closedoor                         0000002A
eead                              00000051
eeval                             00000050
loopinCompare                     00000066
loopinshow                        0000005D
loopinstore                       00000052
reset1                            00000088
statusreg                         00000028
tmrctr                            00000052

Errors   :     0
Warnings :    49 reported,     0 suppressed
Messages :    23 reported,     0 suppressed

