MPASM 5.76                          CPS1.ASM   4-24-2018  15:02:49         PAGE  1


LOC  OBJECT CODE     LINE SOURCE TEXT
  VALUE

                      00001 
                      00002 
                      00003 
                      00004 #include "p16f873.inc"
                      00001         LIST
                      00002 
                      00003 ;==========================================================================
                      00004 ; Build date : Sep 19 2017
                      00005 ;  MPASM PIC16F873 processor include
                      00006 ; 
                      00007 ;  (c) Copyright 1999-2017 Microchip Technology, All rights reserved
                      00008 ;==========================================================================
                      00009 
Message[301]: MESSAGE: (Processor-header file mismatch.  Verify selected processor.)
                      00501         LIST
                      00005 
                      00006     
                      00007 ;Variables
                      00008 ;ports
Warning[207]: Found label after column 1. (LCDPORT)
  00000006            00009     LCDPORT     equ     PORTB       ; lcd port
Warning[207]: Found label after column 1. (LCDTRIS)
  00000086            00010     LCDTRIS     equ     TRISB
Warning[207]: Found label after column 1. (KEYPORTC)
  00000007            00011     KEYPORTC    equ     PORTC       ; keypad,motor,alarm port(INPUTS)
Warning[207]: Found label after column 1. (KEYTRISC)
  00000087            00012     KEYTRISC    equ     TRISC
Warning[207]: Found label after column 1. (KEYPORTA)
  00000005            00013     KEYPORTA    equ     PORTA       ; keypad port(OUTPUTS)
Warning[207]: Found label after column 1. (KEYTRISA)
  00000085            00014     KEYTRISA    equ     TRISA
                      00015         
                      00016 ;password check
Warning[207]: Found label after column 1. (PwordTemp)
  00000026            00017     PwordTemp   equ     0x26        ; to store each character at comparision
Warning[207]: Found label after column 1. (PwordCheck)
  00000027            00018     PwordCheck  equ     0x27        ; to check number of loops in Password_check
Warning[207]: Found label after column 1. (Pword1)
  00000030            00019     Pword1      equ     0x30        ; password is retrieved to 0x30 to 0x33
Warning[207]: Found label after column 1. (Usercode)
  00000040            00020     Usercode    equ     0x40        ; users code is stored temporarily at 0x40 to 0x43
                      00021 ;LCD and Keypad
Warning[207]: Found label after column 1. (LCDTemp)
  00000022            00022     LCDTemp     equ     0x22        ; Yo keep LCD data tempararily
Warning[207]: Found label after column 1. (button_pressed)
  00000025            00023     button_pressed equ  0x25        ; to store the pressed button
                      00024 ;delays
Warning[207]: Found label after column 1. (c1)
  00000020            00025     c1          equ     0x20        ; for delays
Warning[207]: Found label after column 1. (c2)
  00000021            00026     c2          equ     0x21        ; for delays
                      00027 ;eeprom
Warning[207]: Found label after column 1. (eeval)
MPASM 5.76                          CPS1.ASM   4-24-2018  15:02:49         PAGE  2


LOC  OBJECT CODE     LINE SOURCE TEXT
  VALUE

  00000050            00028     eeval       equ     0x50        ; temp store eeprom write data
Warning[207]: Found label after column 1. (eead)
  00000051            00029     eead        equ     0x51        ; store the address of eeprom
                      00030 ;password reset
Warning[207]: Found label after column 1. (reset)
  00000028            00031     reset       equ     0x28        ;to check whether program in reset mode
                      00032  
                      00033 
                      00034  
                      00035 ;Program
                      00036 
Warning[205]: Found directive in column 1. (org)
                      00037 org 0x00
Warning[203]: Found opcode in column 1. (goto)
0000   2???           00038 goto Main
                      00039    
0001                  00040 Main:
                      00041     
0001   2???           00042     call        LCD_Init                
0002   2???           00043     call        Key_Init
0003   2???           00044     call        DoorAlarm_Init
0004   2???           00045     call        Check_PwordChange
                      00046     
                      00047     ;goto       Menu_Select  
                      00048     
                      00049        
                      00050 
0005                  00051 Menu_Select:                        ; select one option from available menu
0005   2???           00052     call        LCD_clear
0006   2???           00053     call        Msg0
                      00054     
0007   2???           00055     call         Key_Check
0008   3041           00056     movlw       'A'                 ;Door open and close
0009   0225           00057     subwf       button_pressed,0        
000A   1903           00058     btfsc       STATUS,Z                
000B   2???           00059     call        Door_OpenClose
                      00060     
000C   3042           00061     movlw       'B'                 ;reset password
000D   0225           00062     subwf       button_pressed,0        
000E   1903           00063     btfsc       STATUS,Z                
000F   2???           00064     call        Pword_Reset
                      00065     
0010   2???           00066     goto        Menu_Select
                      00067     
                      00068     
                      00069 
                      00070 ;Menus....
                      00071     
0011                  00072 Door_OpenClose:                     ; subroutine for loop of opening and closing the door
                      00073     
                      00074     
0011   2???           00075     call        LCD_clear           ;clear display
0012   2???           00076     call        Msg1                ;"Enter Password"
MPASM 5.76                          CPS1.ASM   4-24-2018  15:02:49         PAGE  3


LOC  OBJECT CODE     LINE SOURCE TEXT
  VALUE

0013   2???           00077     call        LCD_Enter           ;input mode
0014   2???           00078     goto        Password_Check      ; check the password
Warning[207]: Found label after column 1. (closedoor)
0015                  00079     closedoor
0015   2???           00080     call        Key_Check
0016   3044           00081     movlw       'D'
0017   0225           00082     subwf       button_pressed,0    ; close door when D is pressed
0018   1903           00083     btfsc       STATUS,Z
0019   2???           00084     goto        Door_Close
001A   2???           00085     goto        closedoor
                      00086     
001B                  00087 Pword_Reset:                        ; subroutine for changing the password
001B   2???           00088     call        LCD_clear           ;clear display
001C   2???           00089     call        Msg4                ;"Reset Password"
001D   2???           00090     call        Delay
001E   2???           00091     call        Reset_P
001F   0008           00092     return
                      00093     
                      00094  ;Password Check.......
                      00095  
0020                  00096 Password_Check:                     ; check the password 
                      00097     
0020   2???           00098     call        Get_Pword
0021   2???           00099     call        Store_UserCode
0022   3003           00100     movlw       3
0023   00A7           00101     movwf       PwordCheck          ; for 3 incorrect attempts
                      00102     ;goto       Check_IncorrectAttempts
                      00103     
                      00104  
0024                  00105 Check_IncorrectAttempts:            ; check the number of incorrect attempts and trigger and alarm
                      00106     
0024   0BA7           00107     decfsz      PwordCheck,1
0025   2???           00108     goto        Compare_Code
0026   2???           00109     goto        Attempts_Over
                      00110     
                      00111  
0027                  00112 Get_Pword:                          ; to get the password stored in eeprom
                      00113     
0027   3030           00114     movlw       0x30                ; passowrd is retrieved to 0x30 to 0x33
0028   0084           00115     movwf       FSR
                      00116     
0029   3000           00117     movlw       0x00                ; pword stored at 0x00 to 0x03
002A   00D1           00118     movwf       eead
002B   2???           00119     call        Read_EEPROM
002C   0080           00120     movwf       INDF
                      00121     
002D   0A84           00122     incf        FSR,1
002E   0AD1           00123     incf        eead,1
002F   2???           00124     call        Read_EEPROM
0030   0080           00125     movwf       INDF
                      00126     
0031   0A84           00127     incf        FSR,1
0032   0AD1           00128     incf        eead,1
MPASM 5.76                          CPS1.ASM   4-24-2018  15:02:49         PAGE  4


LOC  OBJECT CODE     LINE SOURCE TEXT
  VALUE

0033   2???           00129     call        Read_EEPROM
0034   0080           00130     movwf       INDF
                      00131     
0035   0A84           00132     incf        FSR,1
0036   0AD1           00133     incf        eead,1
0037   2???           00134     call        Read_EEPROM
0038   0080           00135     movwf       INDF
0039   0008           00136     return
                      00137   
Warning[207]: Found label after column 1. (Store_UserCode)
003A                  00138  Store_UserCode:            ; to store the code given by user
                      00139     
003A   3040           00140     movlw       0x40
003B   0084           00141     movwf       FSR
                      00142     
Warning[207]: Found label after column 1. (loopinstore)
003C                  00143     loopinstore
003C   2???           00144     call        Key_Check
003D   0825           00145     movf        button_pressed,0
003E   0080           00146     movwf       INDF
003F   2???           00147     call        LCD_char
0040   2???           00148     call        Delay5
0041   0A84           00149     incf        FSR,1
0042   1D04           00150     btfss       FSR,2       ;0x43=0100 0111 therefore checks the 3rd bit ti find weather 4 digits are en
                            tered
0043   2???           00151     goto        loopinstore
0044   0008           00152     return
                      00153     
Warning[207]: Found label after column 1. (Show_UserCode)
0045                  00154   Show_UserCode:           ; show the code submitted by user
                      00155     
0045   3040           00156     movlw       0x40
0046   0084           00157     movwf       FSR
Warning[207]: Found label after column 1. (loopinshow)
0047                  00158     loopinshow
0047   0800           00159     movf        INDF,0
0048   2???           00160     call        LCD_char
0049   2???           00161     call        Delay5
004A   0A84           00162     incf        FSR,1
004B   1D04           00163     btfss       FSR,2
004C   2???           00164     goto        loopinshow
004D   0008           00165     return
                      00166  
Warning[207]: Found label after column 1. (Compare_Code)
004E                  00167  Compare_Code:                      ; compare the user submited code with the correct password
                      00168     
004E   3030           00169     movlw       0x30
004F   0084           00170     movwf        FSR                ; point to 0x30-0x33
                      00171     
Warning[207]: Found label after column 1. (loopinCompare)
0050                  00172     loopinCompare
0050   0800           00173     movf        INDF,0  
0051   00A6           00174     movwf       PwordTemp           ;store the value in current pointed register
MPASM 5.76                          CPS1.ASM   4-24-2018  15:02:49         PAGE  5


LOC  OBJECT CODE     LINE SOURCE TEXT
  VALUE

0052   3010           00175     movlw       0x10
0053   0784           00176     addwf       FSR,1               ;point to 0x40-0x43
0054   0800           00177     movf        INDF,0
0055   0226           00178     subwf       PwordTemp,0         ;check weather 0x30=0x40 and ....
0056   1D03           00179     btfss       STATUS,Z            ;check 0 flag
0057   2???           00180     goto        Compared_IncorrectPword ;subroutine for wrong password
0058   3010           00181     movlw       0x10                
0059   0284           00182     subwf       FSR,1               ;point back to 30
005A   0A84           00183     incf        FSR,1
005B   1D04           00184     btfss       FSR,2
005C   2???           00185     goto        loopinCompare
005D   2???           00186     goto        Compared_CorrectPword;subroutine for right password
                      00187     
                      00188     
                      00189     
Warning[207]: Found label after column 1. (Compared_IncorrectPword)
005E                  00190  Compared_IncorrectPword:           ;subroutine for wrong password
                      00191     
005E   2???           00192     call        LCD_clear
005F   2???           00193     call        Msg2
0060   2???           00194     call        LCD_Enter
0061   2???           00195     call        Store_UserCode
0062   2???           00196     goto        Check_IncorrectAttempts
                      00197     
                      00198     
Warning[207]: Found label after column 1. (Compared_CorrectPword)
0063                  00199  Compared_CorrectPword:             ;subroutine for right password
                      00200     
0063   1087           00201     bcf         KEYPORTC,1          ; off the alarm if its triggered
0064   2???           00202     call        LCD_clear
0065   1828           00203     btfsc       reset,0             ; go back to password reset
0066   2???           00204     goto        reset1              
                      00205     
                      00206     
0067   2???           00207     call        Msg3
0068   2???           00208     call        Door_Open
0069   2???           00209     goto        closedoor
                      00210     
                      00211     
Warning[207]: Found label after column 1. (Attempts_Over)
006A                  00212  Attempts_Over:                     ; trigger the alarm
                      00213     
006A   2???           00214     call        LCD_clear
006B   2???           00215     call        Alarm_On
006C   2???           00216     goto        Compare_Code
                      00217     
                      00218     
                      00219  ;Password Reset
                      00220  
Warning[207]: Found label after column 1. (Reset_P)
006D                  00221  Reset_P:                           ;reset the password
006D   2???           00222     call        LCD_clear
006E   2???           00223     call        Msg5                ;'old password'
MPASM 5.76                          CPS1.ASM   4-24-2018  15:02:49         PAGE  6


LOC  OBJECT CODE     LINE SOURCE TEXT
  VALUE

006F   2???           00224     call        LCD_Enter
0070   1428           00225     bsf         reset,0         
0071   2???           00226     goto        Password_Check
Warning[207]: Found label after column 1. (reset1)
0072                  00227     reset1
0072   1028           00228     bcf         reset,0
0073   2???           00229     call        Msg6                ;'new password'
0074   2???           00230     call        LCD_Enter
0075   2???           00231     call        Store_UserCodetoEEPROM
0076   2???           00232     call        LCD_clear
0077   2???           00233     call        Msg7                ;reset complete
0078   2???           00234     call        Delay
                      00235     
0079   0008           00236     return
                      00237     
Warning[207]: Found label after column 1. (Store_UserCodetoEEPROM)
007A                  00238  Store_UserCodetoEEPROM:            ; store the new password on eeprom
007A   2???           00239     call        Store_UserCode
                      00240     
007B   3000           00241     movlw       0x00
007C   00D1           00242     movwf       eead    
                      00243     
007D   0840           00244     movf        0x40,0
007E   2???           00245     call        Write_EEPROM
007F   0AD1           00246     incf        eead,1
                      00247     
0080   0841           00248     movf        0x41,0
0081   2???           00249     call        Write_EEPROM
0082   0AD1           00250     incf        eead,1
                      00251     
0083   0842           00252      movf       0x42,0
0084   2???           00253     call        Write_EEPROM
0085   0AD1           00254     incf        eead,1
                      00255     
0086   0843           00256     movf        0x43,0
0087   2???           00257     call        Write_EEPROM
0088   0AD1           00258     incf        eead,1
                      00259     
0089   3001           00260     movlw       0x01                ;to note that user had changed the password.
008A   2???           00261     call        Write_EEPROM
008B   0008           00262     return
                      00263     
Warning[207]: Found label after column 1. (Store_Pword)
008C                  00264  Store_Pword:                       ; store the fisrt password. from 0x00 to 0x03
                      00265     
008C   3000           00266     movlw       0x00
008D   00D1           00267     movwf       eead    
                      00268     
008E   3031           00269     movlw       '1'
008F   2???           00270     call        Write_EEPROM
0090   0AD1           00271     incf        eead,1
                      00272     
0091   3032           00273     movlw       '2'
MPASM 5.76                          CPS1.ASM   4-24-2018  15:02:49         PAGE  7


LOC  OBJECT CODE     LINE SOURCE TEXT
  VALUE

0092   2???           00274     call        Write_EEPROM
0093   0AD1           00275     incf        eead,1
                      00276     
0094   3033           00277     movlw       '3'
0095   2???           00278     call        Write_EEPROM
0096   0AD1           00279     incf        eead,1
                      00280     
0097   3034           00281     movlw       '4'
0098   2???           00282     call        Write_EEPROM
0099   0008           00283     return
                      00284     
Warning[207]: Found label after column 1. (Check_PwordChange)
009A                  00285  Check_PwordChange:                 ; check whether the password is changed by the user at begining.else
                             write eeprom with default password
                      00286     
009A   3005           00287     movlw       0x05
009B   00D1           00288     movwf       eead
009C   2???           00289     call        Read_EEPROM
009D   1800           00290     btfsc       W,0
009E   2???           00291     call        Store_Pword
009F   0008           00292     return
                      00293     
                      00294      
                      00295  ; Door & Alarm Control
                      00296  
Warning[207]: Found label after column 1. (DoorAlarm_Init)
00A0                  00297  DoorAlarm_Init:                    ; initialize the motor
                      00298     
00A0   1683           00299     bsf             STATUS,5        ;select bank1
00A1   30FF           00300     movlw           d'255'
Message[302]: Register in operand not in bank 0.  Ensure that bank bits are correct.
00A2   0092           00301     movwf           PR2             ; set the period of PWM signal to 16ms
Message[302]: Register in operand not in bank 0.  Ensure that bank bits are correct.
00A3   1107           00302     bcf             KEYTRISC,2      ; motor
Message[302]: Register in operand not in bank 0.  Ensure that bank bits are correct.
00A4   1087           00303     bcf             KEYTRISC,1      ; alarm
00A5   1283           00304     bcf             STATUS,5        ;select bank 0
00A6   0008           00305     return
                      00306  
Warning[207]: Found label after column 1. (Door_Open)
00A7                  00307  Door_Open:                         ;open the door when password is correct
                      00308     
                      00309     
00A7   301F           00310     movlw           b'00011111'     ;make pwm duty cycle to 2ms.(d125)
00A8   0095           00311     movwf           CCPR1L          ;higher 8 bits
00A9   301C           00312     movlw           b'00011100'
00AA   0097           00313     movwf           CCP1CON         ;lower 2 bits in 4-5.11xx in 0-4 for PWM mode.
00AB   3006           00314     movlw           b'00000110'
00AC   0092           00315     movwf           T2CON           ;on timer2 and set the prescaler to x16.
                      00316     
00AD   0008           00317     return
                      00318     
Warning[207]: Found label after column 1. (Door_Close)
MPASM 5.76                          CPS1.ASM   4-24-2018  15:02:49         PAGE  8


LOC  OBJECT CODE     LINE SOURCE TEXT
  VALUE

00AE                  00319  Door_Close:                        ;close the door 
                      00320     
                      00321     
00AE   300B           00322     movlw           b'00001011'     ;make pwm duty cycle to 1ms.(d62)
00AF   0095           00323     movwf           CCPR1L
00B0   302C           00324     movlw           b'00101100'
00B1   0097           00325     movwf           CCP1CON
00B2   3006           00326     movlw           b'00000110'
00B3   0092           00327     movwf           T2CON
00B4   2???           00328     call            Delay
00B5   2???           00329     call            Delay
00B6   2???           00330     call            Delay
00B7   1112           00331     bcf             T2CON,2         ;off timer2
00B8   1117           00332     bcf             CCP1CON,2       ;
00B9   1197           00333     bcf             CCP1CON,3       ;off CCP1
                      00334     
00BA   0008           00335     return
                      00336     
Warning[207]: Found label after column 1. (Alarm_On)
00BB                  00337  Alarm_On:
                      00338     
00BB   1487           00339     bsf         KEYPORTC,1          ;Alarm on
                      00340     ;call       Delay
00BC   0008           00341     return
                      00342     
                      00343  ;EEPROM
                      00344  
Warning[207]: Found label after column 1. (Read_EEPROM)
00BD                  00345  Read_EEPROM:
                      00346     
00BD   1703           00347     bsf         STATUS, 6           
00BE   1283           00348     bcf         STATUS, 5           ;Bank 2
00BF   0851           00349     movf        eead, 0             ;Write address
Message[302]: Register in operand not in bank 0.  Ensure that bank bits are correct.
00C0   008D           00350     movwf       EEADR               ;to read from
00C1   1683           00351     bsf         STATUS, 5           ;Bank 3
Message[302]: Register in operand not in bank 0.  Ensure that bank bits are correct.
00C2   138C           00352     bcf         EECON1, 7           ;Point to Data memory
Message[302]: Register in operand not in bank 0.  Ensure that bank bits are correct.
00C3   140C           00353     bsf         EECON1, 0           ;Start read operation
00C4   1283           00354     bcf         STATUS, 5           ;Bank 2
Message[302]: Register in operand not in bank 0.  Ensure that bank bits are correct.
00C5   080C           00355     movf        EEDATA, 0           ;W = EEDATA
00C6   1303           00356     bcf         STATUS, 6           ;select bank 0
00C7   0008           00357     return
                      00358 
00C8                  00359 Write_EEPROM:
                      00360     
00C8   00D0           00361     movwf       eeval               ; move the value to register
00C9   1703           00362     bsf         STATUS, 6           
00CA   0851           00363     movf        eead, 0             ;Address to
Message[302]: Register in operand not in bank 0.  Ensure that bank bits are correct.
00CB   008D           00364     movwf       EEADR               ;write to
MPASM 5.76                          CPS1.ASM   4-24-2018  15:02:49         PAGE  9


LOC  OBJECT CODE     LINE SOURCE TEXT
  VALUE

00CC   0850           00365     movf        eeval, 0            ;Data to
Message[302]: Register in operand not in bank 0.  Ensure that bank bits are correct.
00CD   008C           00366     movwf       EEDATA              ;write
00CE   1683           00367     bsf         STATUS, 5           ;Bank 3
Message[302]: Register in operand not in bank 0.  Ensure that bank bits are correct.
00CF   138C           00368     bcf         EECON1, 7           ;Point to Data memory
Message[302]: Register in operand not in bank 0.  Ensure that bank bits are correct.
00D0   150C           00369     bsf         EECON1, 2           ;Enable writes
                      00370                                     ;Only disable interrupts
                      00371     ;bcf        INTCON, GIE         ;if already enabled,
                      00372                                     ;otherwise discard
00D1   3055           00373     movlw       0x55                ;Write 55h to
Message[302]: Register in operand not in bank 0.  Ensure that bank bits are correct.
00D2   008D           00374     movwf       EECON2              ;EECON2
00D3   30AA           00375     movlw        0xAA               ;Write AAh to
Message[302]: Register in operand not in bank 0.  Ensure that bank bits are correct.
00D4   008D           00376     movwf       EECON2              ;EECON2
Message[302]: Register in operand not in bank 0.  Ensure that bank bits are correct.
00D5   148C           00377     bsf         EECON1, 1           ;Start write operation
                      00378                                     ;Only enable interrupts
                      00379     ;bsf        INTCON, GIE         ;if using interrupts,
                      00380                                     ;otherwise discard
Message[302]: Register in operand not in bank 0.  Ensure that bank bits are correct.
00D6   110C           00381     bcf         EECON1, 2           ;Disable writes
Message[302]: Register in operand not in bank 0.  Ensure that bank bits are correct.
00D7   188C           00382     btfsc       EECON1, 1           ;Wait for write to finish
00D8   2???           00383     goto        $-1
00D9   1283           00384     bcf         STATUS,5            
00DA   1303           00385     bcf         STATUS,6            ;select bank 0
                      00386     
                      00387     
00DB   0008           00388     return
                      00389     
                      00390  ;LCD routines...........   
                      00391  
00DC                  00392 LCD_Init:                            ; initialize LED to 4 bit mode
                      00393     
00DC   1683           00394     bsf         STATUS, 5           ; select bank 1 
00DD   3000           00395     movlw       b'00000000'         ; LCDPORT Outputs
Message[302]: Register in operand not in bank 0.  Ensure that bank bits are correct.
00DE   0086           00396     movwf       LCDTRIS             ; Change PortB to output
00DF   1283           00397     bcf         STATUS, 5           ; select bank 0
00E0   2???           00398     call        Delay5              ; Wait 15 msecs
00E1   2???           00399     call        Delay5      
00E2   2???           00400     call        Delay5      
00E3   3030           00401     movlw       b'00110000'         ; Send the Reset Instruction
00E4   0086           00402     movwf       LCDPORT     
00E5   2???           00403     call        Pulse_e             ; Pulse LCD_E
00E6   2???           00404     call        Delay5              ; Delay 5ms
00E7   2???           00405     call        Pulse_e             ; Pulse LCD_E
00E8   2???           00406     call        Delay2              ; Delay of 2ms
00E9   2???           00407     call        Pulse_e             ; Pulse LCD_E
00EA   2???           00408     call        Delay2              ; Delay of 2ms
MPASM 5.76                          CPS1.ASM   4-24-2018  15:02:49         PAGE 10


LOC  OBJECT CODE     LINE SOURCE TEXT
  VALUE

00EB   3020           00409     movlw       0x020               ; Send the Data Length Specification
00EC   0086           00410     movwf       LCDPORT     
00ED   2???           00411     call        Pulse_e             ; Pulse LCD_E
00EE   2???           00412     call        Delay2              ; Delay of 2ms
00EF   3028           00413     movlw       b'00101000'         ; Set Interface Length
00F0   2???           00414     call        LCD_Ins     
00F1   3010           00415     movlw       b'00010000'         ; Turn Off Display
00F2   2???           00416     call        LCD_Ins     
00F3   3001           00417     movlw       b'00000001'         ; Clear Display RAM
00F4   2???           00418     call        LCD_Ins     
00F5   3006           00419     movlw       b'00000110'         ; Set Cursor Movement
00F6   2???           00420     call        LCD_Ins     
00F7   300C           00421     movlw       b'00001100'         ; Turn on Display/Cursor
00F8   2???           00422     call        LCD_Ins     
00F9   3001           00423     movlw       b'00000001'         ; Clear LCD
00FA   2???           00424     call        LCD_Ins     
00FB   0008           00425     return 
                      00426     
00FC                  00427 LCD_Ins:                            ;Send the Instruction to the LCD
                      00428     
00FC   00A2           00429     movwf       LCDTemp             ; Save the Value
00FD   39F0           00430     andlw       b'11110000'         ; High Nibble first
00FE   0086           00431     movwf       LCDPORT     
00FF   1106           00432     bcf         LCDPORT,2           
0100   2???           00433     call        Pulse_e     
0101   0E22           00434     swapf       LCDTemp, 0          ; Low Nibble Second
0102   39F0           00435     andlw       b'11110000'         
0103   0086           00436     movwf       LCDPORT     
0104   1106           00437     bcf         LCDPORT,2           
0105   2???           00438     call        Pulse_e     
0106   2???           00439     call        Delay2              ; wait 2 ms
                      00440     
0107   0008           00441     return 
                      00442 
0108                  00443 LCD_char:                           ; Send the Character to the LCD
                      00444     
0108   00A2           00445     movwf       LCDTemp             ; Save the Value
0109   39F0           00446     andlw       0xF0                ; High Nibble first
010A   0086           00447     movwf       LCDPORT     
010B   1506           00448     bsf         LCDPORT,2           
010C   2???           00449     call        Pulse_e ;
010D   0E22           00450     swapf       LCDTemp, 0          ; Low Nibble Second
010E   39F0           00451     andlw       0xF0        
010F   0086           00452     movwf       LCDPORT     
0110   1506           00453     bsf         LCDPORT,2           
0111   2???           00454     call        Pulse_e     
0112   2???           00455     call        Delay2     
0113   0000           00456     nop 
0114   0008           00457     return 
                      00458 
0115                  00459 Pulse_e:                            ;LCD Enable pulse to write data from LCDPORT into LCD module.
                      00460     
0115   1586           00461     bsf         LCDPORT,3            
MPASM 5.76                          CPS1.ASM   4-24-2018  15:02:49         PAGE 11


LOC  OBJECT CODE     LINE SOURCE TEXT
  VALUE

0116   0000           00462     nop                      
0117   1186           00463     bcf         LCDPORT,3                    
0118   0000           00464     nop                     
0119   0008           00465     return
                      00466 
011A                  00467 LCD_Enter:                          ;Input Mode
                      00468     
011A   30C0           00469     movlw       b'11000000'         ;Goto 2nd row
011B   2???           00470     call        LCD_Ins
011C   300F           00471     movlw       b'00001111'         ; Turn on Display/Cursor
011D   2???           00472     call        LCD_Ins
011E   0008           00473     return
                      00474 
011F                  00475 LCD_clear:
                      00476     
011F   3001           00477     movlw        b'00000001'        ; Clear display
0120   2???           00478     call        LCD_Ins
0121   2???           00479     call        Delay5
0122   300C           00480     movlw       b'00001100'         ; Turn off Cursor
0123   2???           00481     call        LCD_Ins
0124   2???           00482     call        Delay2
0125   0008           00483     return
                      00484     
                      00485 ;Messages..........
                      00486     
0126                  00487 Msg1:                               ; 'Enter Password'
0126   3045           00488     movlw   'E'
0127   2???           00489     call    LCD_char
0128   304E           00490     movlw   'N'
0129   2???           00491     call    LCD_char
012A   3054           00492     movlw   'T'
012B   2???           00493     call    LCD_char
012C   3045           00494     movlw   'E'
012D   2???           00495     call    LCD_char
012E   3052           00496     movlw   'R'
012F   2???           00497     call    LCD_char
0130   3020           00498     movlw   ' '
0131   2???           00499     call    LCD_char
0132   3050           00500     movlw   'P'
0133   2???           00501     call    LCD_char
0134   3041           00502     movlw   'A'
0135   2???           00503     call    LCD_char
0136   3053           00504     movlw   'S'
0137   2???           00505     call    LCD_char
0138   3053           00506     movlw   'S'
0139   2???           00507     call    LCD_char
013A   3057           00508     movlw   'W'
013B   2???           00509     call    LCD_char
013C   304F           00510     movlw   'O'
013D   2???           00511     call    LCD_char
013E   3052           00512     movlw   'R'
013F   2???           00513     call    LCD_char
0140   3044           00514     movlw   'D'
MPASM 5.76                          CPS1.ASM   4-24-2018  15:02:49         PAGE 12


LOC  OBJECT CODE     LINE SOURCE TEXT
  VALUE

0141   2???           00515     call    LCD_char
0142   0008           00516     return
                      00517  
Warning[207]: Found label after column 1. (Msg2)
0143                  00518  Msg2:                               ; 'Incorrect Password'
0143   3049           00519     movlw   'I'
0144   2???           00520     call    LCD_char
0145   304E           00521     movlw   'N'
0146   2???           00522     call    LCD_char
0147   3043           00523     movlw   'C'
0148   2???           00524     call    LCD_char
0149   304F           00525     movlw   'O'
014A   2???           00526     call    LCD_char
014B   3052           00527     movlw   'R'
014C   2???           00528     call    LCD_char
014D   3052           00529     movlw   'R'
014E   2???           00530     call    LCD_char
014F   3045           00531     movlw   'E'
0150   2???           00532     call    LCD_char
0151   3043           00533     movlw   'C'
0152   2???           00534     call    LCD_char
0153   3054           00535     movlw   'T'
0154   2???           00536     call    LCD_char
0155   302E           00537     movlw   '.'
0156   2???           00538     call    LCD_char
0157   3020           00539     movlw   ' '
0158   2???           00540     call    LCD_char
0159   3052           00541     movlw   'R'
015A   2???           00542     call    LCD_char
015B   3045           00543     movlw   'E'
015C   2???           00544     call    LCD_char
015D   3054           00545     movlw   'T'
015E   2???           00546     call    LCD_char
015F   3052           00547     movlw   'R'
0160   2???           00548     call    LCD_char
0161   3059           00549     movlw   'Y'
0162   2???           00550     call    LCD_char
                      00551     
0163   0008           00552     return
                      00553     
Warning[207]: Found label after column 1. (Msg3)
0164                  00554  Msg3:                                  ; 'Correct Password'
0164   3043           00555     movlw   'C'
0165   2???           00556     call    LCD_char
0166   304F           00557     movlw   'O'
0167   2???           00558     call    LCD_char
0168   3052           00559     movlw   'R'
0169   2???           00560     call    LCD_char
016A   3052           00561     movlw   'R'
016B   2???           00562     call    LCD_char
016C   3045           00563     movlw   'E'
016D   2???           00564     call    LCD_char
016E   3043           00565     movlw   'C'
MPASM 5.76                          CPS1.ASM   4-24-2018  15:02:49         PAGE 13


LOC  OBJECT CODE     LINE SOURCE TEXT
  VALUE

016F   2???           00566     call    LCD_char
0170   3054           00567     movlw   'T'
0171   2???           00568     call    LCD_char
0172   0008           00569     return
                      00570     
Warning[207]: Found label after column 1. (Msg0)
0173                  00571  Msg0:                                  ;'_WELCOME_'
                      00572     
0173   3020           00573     movlw   ' '
0174   2???           00574     call    LCD_char
0175   3020           00575     movlw   ' '
0176   2???           00576     call    LCD_char
0177   302A           00577     movlw   '*'
0178   2???           00578     call    LCD_char
0179   302A           00579     movlw   '*'
017A   2???           00580     call    LCD_char
017B   3057           00581     movlw   'W'
017C   2???           00582     call    LCD_char
017D   3045           00583     movlw   'E'
017E   2???           00584     call    LCD_char
017F   304C           00585     movlw   'L'
0180   2???           00586     call    LCD_char
0181   3043           00587     movlw   'C'
0182   2???           00588     call    LCD_char
0183   304F           00589     movlw   'O'
0184   2???           00590     call    LCD_char
0185   304D           00591     movlw   'M'
0186   2???           00592     call    LCD_char
0187   3045           00593     movlw   'E'
0188   2???           00594     call    LCD_char
0189   302A           00595     movlw   '*'
018A   2???           00596     call    LCD_char
018B   302A           00597     movlw   '*'
018C   2???           00598     call    LCD_char
018D   0008           00599     return
                      00600     
018E                  00601 Msg4:                               ; 'Reset Password'
018E   3052           00602     movlw   'R'
018F   2???           00603     call    LCD_char
0190   3045           00604     movlw   'E'
0191   2???           00605     call    LCD_char
0192   3053           00606     movlw   'S'
0193   2???           00607     call    LCD_char
0194   3045           00608     movlw   'E'
0195   2???           00609     call    LCD_char
0196   3054           00610     movlw   'T'
0197   2???           00611     call    LCD_char
0198   3020           00612     movlw   ' '
0199   2???           00613     call    LCD_char
019A   3050           00614     movlw   'P'
019B   2???           00615     call    LCD_char
019C   3041           00616     movlw   'A'
019D   2???           00617     call    LCD_char
MPASM 5.76                          CPS1.ASM   4-24-2018  15:02:49         PAGE 14


LOC  OBJECT CODE     LINE SOURCE TEXT
  VALUE

019E   3053           00618     movlw   'S'
019F   2???           00619     call    LCD_char
01A0   3053           00620     movlw   'S'
01A1   2???           00621     call    LCD_char
01A2   3057           00622     movlw   'W'
01A3   2???           00623     call    LCD_char
01A4   304F           00624     movlw   'O'
01A5   2???           00625     call    LCD_char
01A6   3052           00626     movlw   'R'
01A7   2???           00627     call    LCD_char
01A8   3044           00628     movlw   'D'
01A9   2???           00629     call    LCD_char
01AA   0008           00630     return
                      00631     
01AB                  00632 Msg5:                               ; 'Old Password'
01AB   304F           00633     movlw   'O'
01AC   2???           00634     call    LCD_char
01AD   304C           00635     movlw   'L'
01AE   2???           00636     call    LCD_char
01AF   3044           00637     movlw   'D'
01B0   2???           00638     call    LCD_char
01B1   3020           00639     movlw   ' '
01B2   2???           00640     call    LCD_char
01B3   3050           00641     movlw   'P'
01B4   2???           00642     call    LCD_char
01B5   3041           00643     movlw   'A'
01B6   2???           00644     call    LCD_char
01B7   3053           00645     movlw   'S'
01B8   2???           00646     call    LCD_char
01B9   3053           00647     movlw   'S'
01BA   2???           00648     call    LCD_char
01BB   3057           00649     movlw   'W'
01BC   2???           00650     call    LCD_char
01BD   304F           00651     movlw   'O'
01BE   2???           00652     call    LCD_char
01BF   3052           00653     movlw   'R'
01C0   2???           00654     call    LCD_char
01C1   3044           00655     movlw   'D'
01C2   2???           00656     call    LCD_char
01C3   0008           00657     return
                      00658     
01C4                  00659 Msg6:                               ; 'New Password'
01C4   304E           00660     movlw   'N'
01C5   2???           00661     call    LCD_char
01C6   3045           00662     movlw   'E'
01C7   2???           00663     call    LCD_char
01C8   3057           00664     movlw   'W'
01C9   2???           00665     call    LCD_char
01CA   3020           00666     movlw   ' '
01CB   2???           00667     call    LCD_char
01CC   3050           00668     movlw   'P'
01CD   2???           00669     call    LCD_char
01CE   3041           00670     movlw   'A'
MPASM 5.76                          CPS1.ASM   4-24-2018  15:02:49         PAGE 15


LOC  OBJECT CODE     LINE SOURCE TEXT
  VALUE

01CF   2???           00671     call    LCD_char
01D0   3053           00672     movlw   'S'
01D1   2???           00673     call    LCD_char
01D2   3053           00674     movlw   'S'
01D3   2???           00675     call    LCD_char
01D4   3057           00676     movlw   'W'
01D5   2???           00677     call    LCD_char
01D6   304F           00678     movlw   'O'
01D7   2???           00679     call    LCD_char
01D8   3052           00680     movlw   'R'
01D9   2???           00681     call    LCD_char
01DA   3044           00682     movlw   'D'
01DB   2???           00683     call    LCD_char
01DC   0008           00684     return
                      00685     
01DD                  00686 Msg7:                               ; 'Reset Complete'
01DD   3052           00687     movlw   'R'
01DE   2???           00688     call    LCD_char
01DF   3045           00689     movlw   'E'
01E0   2???           00690     call    LCD_char
01E1   3053           00691     movlw   'S'
01E2   2???           00692     call    LCD_char
01E3   3045           00693     movlw   'E'
01E4   2???           00694     call    LCD_char
01E5   3054           00695     movlw   'T'
01E6   2???           00696     call    LCD_char
01E7   3020           00697     movlw   ' '
01E8   2???           00698     call    LCD_char
01E9   3043           00699     movlw   'C'
01EA   2???           00700     call    LCD_char
01EB   304F           00701     movlw   'O'
01EC   2???           00702     call    LCD_char
01ED   304D           00703     movlw   'M'
01EE   2???           00704     call    LCD_char
01EF   3050           00705     movlw   'P'
01F0   2???           00706     call    LCD_char
01F1   304C           00707     movlw   'L'
01F2   2???           00708     call    LCD_char
01F3   3045           00709     movlw   'E'
01F4   2???           00710     call    LCD_char
01F5   3054           00711     movlw   'T'
01F6   2???           00712     call    LCD_char
01F7   3045           00713     movlw   'E'
01F8   2???           00714     call    LCD_char
01F9   0008           00715     return
                      00716  
                      00717     
                      00718     
                      00719     
                      00720  
                      00721 ;Keypad routines.............
                      00722     
01FA                  00723 Key_Init:                                ;Initalize keypad
MPASM 5.76                          CPS1.ASM   4-24-2018  15:02:49         PAGE 16


LOC  OBJECT CODE     LINE SOURCE TEXT
  VALUE

                      00724     
01FA   1683           00725     bsf         STATUS,5                ;select bank 1
01FB   30F0           00726     movlw       b'11110000'             ;0-4 outputs,5-7 inputs in portc
Message[302]: Register in operand not in bank 0.  Ensure that bank bits are correct.
01FC   0087           00727     movwf       KEYTRISC
01FD   3006           00728     movlw       0x06    
Message[302]: Register in operand not in bank 0.  Ensure that bank bits are correct.
01FE   009F           00729     movwf       ADCON1                  ;configure all pins as digital inputs
01FF   3000           00730     movlw       b'00000000'             ; make portA output  
Message[302]: Register in operand not in bank 0.  Ensure that bank bits are correct.
0200   0085           00731     movwf       KEYTRISA
0201   1283           00732     bcf         STATUS,5                ;select bank0
0202   0185           00733     clrf        KEYPORTA                ; clear the port
0203   0187           00734     clrf        KEYPORTC                ; clear the port
0204   01A5           00735     clrf        button_pressed          ;clear the button
0205   0008           00736     return
                      00737     
                      00738     
0206                  00739 Key_Check:                              ;check what button has been pressed
                      00740     
0206   3058           00741     movlw       'X'                     ;X stored as buttonpressed
0207   00A5           00742     movwf       button_pressed
0208   1405           00743     bsf         KEYPORTA, 0             ;scan the first column of keys          
0209   1A07           00744     btfsc       KEYPORTC, 4                             
020A   3037           00745     movlw       '7'                     ;7 is pressed.
020B   1A87           00746     btfsc       KEYPORTC, 5                             
020C   3034           00747     movlw       '4'                     ;4 is pressed.
020D   1B07           00748     btfsc       KEYPORTC, 6                             
020E   3031           00749     movlw       '1'                     ;1 is pressed.
020F   1B87           00750     btfsc       KEYPORTC, 7                             
0210   302A           00751     movlw       '*'                     ;* is pressed.
0211   1005           00752     bcf         KEYPORTA, 0             ;take first column low.
                      00753 
0212   1485           00754     bsf         KEYPORTA, 1             ;scan the second column of keys
0213   1A07           00755     btfsc       KEYPORTC, 4                     
0214   3038           00756     movlw       '8'                     ;8 is pressed.
0215   1A87           00757     btfsc       KEYPORTC, 5                     
0216   3035           00758     movlw       '5'                     ;5 is pressed.
0217   1B07           00759     btfsc       KEYPORTC, 6                     
0218   3032           00760     movlw       '2'                     ;2 is pressed.
0219   1B87           00761     btfsc       KEYPORTC, 7                     
021A   3030           00762     movlw       '0'                     ;0 is pressed.
021B   1085           00763     bcf         KEYPORTA, 1             ;take second column low.
                      00764 
021C   1505           00765     bsf         KEYPORTA, 2             ;scan the third column of keys 
021D   1A07           00766     btfsc       KEYPORTC, 4                     
021E   3039           00767     movlw       '9'                     ;9 is pressed.
021F   1A87           00768     btfsc       KEYPORTC, 5                     
0220   3036           00769     movlw       '6'                     ;6 is pressed.
0221   1B07           00770     btfsc       KEYPORTC, 6                     
0222   3033           00771     movlw       '3'                     ;3 is pressed.
0223   1B87           00772     btfsc       KEYPORTC, 7                     
0224   3023           00773     movlw       '#'                     ;1 is pressed.
MPASM 5.76                          CPS1.ASM   4-24-2018  15:02:49         PAGE 17


LOC  OBJECT CODE     LINE SOURCE TEXT
  VALUE

0225   1105           00774     bcf         KEYPORTA, 2             ;take rhird column low.
                      00775 
0226   1585           00776     bsf         KEYPORTA, 3             ;scan the last column of keys
0227   1A07           00777     btfsc       KEYPORTC, 4                     
0228   3041           00778     movlw       'A'                     ;A is pressed.
0229   1A87           00779     btfsc       KEYPORTC, 5                     
022A   3042           00780     movlw       'B'                     ;B is pressed.
022B   1B07           00781     btfsc       KEYPORTC, 6                     
022C   3043           00782     movlw       'C'                     ;C is pressed.
022D   1B87           00783     btfsc       KEYPORTC, 7                     
022E   3044           00784     movlw       'D'                     ;D is pressed.
022F   1185           00785     bcf         KEYPORTA, 3             ;take last column low.
                      00786     
0230   00A5           00787     movwf       button_pressed
0231   3058           00788     movlw       'X'
0232   0225           00789     subwf       button_pressed,0        ; Check whether the button pressed ='X'
0233   1903           00790     btfsc       STATUS,Z                ; else a button has been pressed and stored
0234   2???           00791     goto        Key_Check
                      00792                         
0235   0008           00793     return
                      00794  
                      00795 
                      00796     
                      00797     
                      00798 ; Delay routines........
                      00799     
0236                  00800 Delay5:                                 ;5ms @ 1MHz
                      00801     
0236   3002           00802     movlw       d'2'
0237   00A0           00803     movwf       c1
0238   2???           00804     call        Delay
0239   0008           00805     return
                      00806     
023A                  00807 Delay:                                  ;0.7s
                      00808     
023A   0BA0           00809     decfsz      c1,1    
023B   2???           00810     goto        Delay
023C   0BA1           00811     decfsz      c2,1
023D   2???           00812     goto        Delay
023E   0008           00813     return
023F                  00814 Delay2:                                 ;2ms
023F   0BA0           00815     decfsz      c1,1        
0240   2???           00816     goto        Delay2
0241   0008           00817     return
                      00818  
                      00819  end
MPASM 5.76                          CPS1.ASM   4-24-2018  15:02:49         PAGE 18


SYMBOL TABLE
  LABEL                             VALUE 

ACKDT                             00000005
ACKEN                             00000004
ACKSTAT                           00000006
ADCON0                            0000001F
ADCON1                            0000009F
ADCS0                             00000006
ADCS1                             00000007
ADDEN                             00000003
ADFM                              00000007
ADIE                              00000006
ADIF                              00000006
ADON                              00000000
ADRESH                            0000001E
ADRESL                            0000009E
Alarm_On                          000000BB
Attempts_Over                     0000006A
BCLIE                             00000003
BCLIF                             00000003
BF                                00000000
BRGH                              00000002
C                                 00000000
CCP1CON                           00000017
CCP1IE                            00000002
CCP1IF                            00000002
CCP1M0                            00000000
CCP1M1                            00000001
CCP1M2                            00000002
CCP1M3                            00000003
CCP1X                             00000005
CCP1Y                             00000004
CCP2CON                           0000001D
CCP2IE                            00000000
CCP2IF                            00000000
CCP2M0                            00000000
CCP2M1                            00000001
CCP2M2                            00000002
CCP2M3                            00000003
CCP2X                             00000005
CCP2Y                             00000004
CCPR1                             00000015
CCPR1H                            00000016
CCPR1L                            00000015
CCPR2                             0000001B
CCPR2H                            0000001C
CCPR2L                            0000001B
CHS0                              00000003
CHS1                              00000004
CHS2                              00000005
CKE                               00000006
CKP                               00000004
CREN                              00000004
CSRC                              00000007
Check_IncorrectAttempts           00000024
MPASM 5.76                          CPS1.ASM   4-24-2018  15:02:49         PAGE 19


SYMBOL TABLE
  LABEL                             VALUE 

Check_PwordChange                 0000009A
Compare_Code                      0000004E
Compared_CorrectPword             00000063
Compared_IncorrectPword           0000005E
D                                 00000005
DATA_ADDRESS                      00000005
DC                                00000001
D_A                               00000005
D_NOT_A                           00000005
Delay                             0000023A
Delay2                            0000023F
Delay5                            00000236
DoorAlarm_Init                    000000A0
Door_Close                        000000AE
Door_Open                         000000A7
Door_OpenClose                    00000011
EEADR                             0000010D
EEADRH                            0000010F
EECON1                            0000018C
EECON2                            0000018D
EEDATA                            0000010C
EEDATH                            0000010E
EEIE                              00000004
EEIF                              00000004
EEPGD                             00000007
F                                 00000001
FERR                              00000002
FSR                               00000004
GCEN                              00000007
GIE                               00000007
GO                                00000002
GO_DONE                           00000002
GO_NOT_DONE                       00000002
Get_Pword                         00000027
I2C_DATA                          00000005
I2C_READ                          00000002
I2C_START                         00000003
I2C_STOP                          00000004
INDF                              00000000
INTCON                            0000000B
INTE                              00000004
INTEDG                            00000006
INTF                              00000001
IRP                               00000007
KEYPORTA                          00000005
KEYPORTC                          00000007
KEYTRISA                          00000085
KEYTRISC                          00000087
Key_Check                         00000206
Key_Init                          000001FA
LCDPORT                           00000006
LCDTRIS                           00000086
LCDTemp                           00000022
MPASM 5.76                          CPS1.ASM   4-24-2018  15:02:49         PAGE 20


SYMBOL TABLE
  LABEL                             VALUE 

LCD_Enter                         0000011A
LCD_Init                          000000DC
LCD_Ins                           000000FC
LCD_char                          00000108
LCD_clear                         0000011F
Main                              00000001
Menu_Select                       00000005
Msg0                              00000173
Msg1                              00000126
Msg2                              00000143
Msg3                              00000164
Msg4                              0000018E
Msg5                              000001AB
Msg6                              000001C4
Msg7                              000001DD
NOT_A                             00000005
NOT_ADDRESS                       00000005
NOT_BO                            00000000
NOT_BOR                           00000000
NOT_DONE                          00000002
NOT_PD                            00000003
NOT_POR                           00000001
NOT_RBPU                          00000007
NOT_RC8                           00000006
NOT_T1SYNC                        00000002
NOT_TO                            00000004
NOT_TX8                           00000006
NOT_W                             00000002
NOT_WRITE                         00000002
OERR                              00000001
OPTION_REG                        00000081
P                                 00000004
PCFG0                             00000000
PCFG1                             00000001
PCFG2                             00000002
PCFG3                             00000003
PCL                               00000002
PCLATH                            0000000A
PCON                              0000008E
PEIE                              00000006
PEN                               00000002
PIE1                              0000008C
PIE2                              0000008D
PIR1                              0000000C
PIR2                              0000000D
PORTA                             00000005
PORTB                             00000006
PORTC                             00000007
PR2                               00000092
PS0                               00000000
PS1                               00000001
PS2                               00000002
PSA                               00000003
MPASM 5.76                          CPS1.ASM   4-24-2018  15:02:49         PAGE 21


SYMBOL TABLE
  LABEL                             VALUE 

Password_Check                    00000020
Pulse_e                           00000115
Pword1                            00000030
PwordCheck                        00000027
PwordTemp                         00000026
Pword_Reset                       0000001B
R                                 00000002
RA0                               00000000
RA1                               00000001
RA2                               00000002
RA3                               00000003
RA4                               00000004
RA5                               00000005
RB0                               00000000
RB1                               00000001
RB2                               00000002
RB3                               00000003
RB4                               00000004
RB5                               00000005
RB6                               00000006
RB7                               00000007
RBIE                              00000003
RBIF                              00000000
RC0                               00000000
RC1                               00000001
RC2                               00000002
RC3                               00000003
RC4                               00000004
RC5                               00000005
RC6                               00000006
RC7                               00000007
RC8_9                             00000006
RC9                               00000006
RCD8                              00000000
RCEN                              00000003
RCIE                              00000005
RCIF                              00000005
RCREG                             0000001A
RCSTA                             00000018
RD                                00000000
READ_WRITE                        00000002
RP0                               00000005
RP1                               00000006
RSEN                              00000001
RX9                               00000006
RX9D                              00000000
R_NOT_W                           00000002
R_W                               00000002
Read_EEPROM                       000000BD
Reset_P                           0000006D
S                                 00000003
SEN                               00000000
SMP                               00000007
MPASM 5.76                          CPS1.ASM   4-24-2018  15:02:49         PAGE 22


SYMBOL TABLE
  LABEL                             VALUE 

SPBRG                             00000099
SPEN                              00000007
SREN                              00000005
SSPADD                            00000093
SSPBUF                            00000013
SSPCON                            00000014
SSPCON2                           00000091
SSPEN                             00000005
SSPIE                             00000003
SSPIF                             00000003
SSPM0                             00000000
SSPM1                             00000001
SSPM2                             00000002
SSPM3                             00000003
SSPOV                             00000006
SSPSTAT                           00000094
STATUS                            00000003
SYNC                              00000004
Show_UserCode                     00000045
Store_Pword                       0000008C
Store_UserCode                    0000003A
Store_UserCodetoEEPROM            0000007A
T0CS                              00000005
T0IE                              00000005
T0IF                              00000002
T0SE                              00000004
T1CKPS0                           00000004
T1CKPS1                           00000005
T1CON                             00000010
T1INSYNC                          00000002
T1OSCEN                           00000003
T1SYNC                            00000002
T2CKPS0                           00000000
T2CKPS1                           00000001
T2CON                             00000012
TMR0                              00000001
TMR0IE                            00000005
TMR0IF                            00000002
TMR1                              0000000E
TMR1CS                            00000001
TMR1H                             0000000F
TMR1IE                            00000000
TMR1IF                            00000000
TMR1L                             0000000E
TMR1ON                            00000000
TMR2                              00000011
TMR2IE                            00000001
TMR2IF                            00000001
TMR2ON                            00000002
TOUTPS0                           00000003
TOUTPS1                           00000004
TOUTPS2                           00000005
TOUTPS3                           00000006
MPASM 5.76                          CPS1.ASM   4-24-2018  15:02:49         PAGE 23


SYMBOL TABLE
  LABEL                             VALUE 

TRISA                             00000085
TRISA0                            00000000
TRISA1                            00000001
TRISA2                            00000002
TRISA3                            00000003
TRISA4                            00000004
TRISA5                            00000005
TRISB                             00000086
TRISB0                            00000000
TRISB1                            00000001
TRISB2                            00000002
TRISB3                            00000003
TRISB4                            00000004
TRISB5                            00000005
TRISB6                            00000006
TRISB7                            00000007
TRISC                             00000087
TRISC0                            00000000
TRISC1                            00000001
TRISC2                            00000002
TRISC3                            00000003
TRISC4                            00000004
TRISC5                            00000005
TRISC6                            00000006
TRISC7                            00000007
TRMT                              00000001
TX8_9                             00000006
TX9                               00000006
TX9D                              00000000
TXD8                              00000000
TXEN                              00000005
TXIE                              00000004
TXIF                              00000004
TXREG                             00000019
TXSTA                             00000098
UA                                00000001
Usercode                          00000040
W                                 00000000
WCOL                              00000007
WR                                00000001
WREN                              00000002
WRERR                             00000003
Write_EEPROM                      000000C8
Z                                 00000002
_.org_0_00D8                      000000D8
_BODEN_OFF                        00003FBF
_BODEN_ON                         00003FFF
_BOREN_OFF                        00003FBF
_BOREN_ON                         00003FFF
_CONFIG                           00002007
_CPD_OFF                          00003FFF
_CPD_ON                           00003EFF
_CP_ALL                           00000FCF
MPASM 5.76                          CPS1.ASM   4-24-2018  15:02:49         PAGE 24


SYMBOL TABLE
  LABEL                             VALUE 

_CP_HALF                          00001FDF
_CP_OFF                           00003FFF
_CP_UPPER_256                     00002FEF
_DEBUG_OFF                        00003FFF
_DEBUG_ON                         000037FF
_DEVID1                           00002006
_FOSC_EXTRC                       00003FFF
_FOSC_HS                          00003FFE
_FOSC_LP                          00003FFC
_FOSC_XT                          00003FFD
_HS_OSC                           00003FFE
_IDLOC0                           00002000
_IDLOC1                           00002001
_IDLOC2                           00002002
_IDLOC3                           00002003
_LP_OSC                           00003FFC
_LVP_OFF                          00003F7F
_LVP_ON                           00003FFF
_PWRTE_OFF                        00003FFF
_PWRTE_ON                         00003FF7
_RC_OSC                           00003FFF
_WDTE_OFF                         00003FFB
_WDTE_ON                          00003FFF
_WDT_OFF                          00003FFB
_WDT_ON                           00003FFF
_WRT_ENABLE_OFF                   00003DFF
_WRT_ENABLE_ON                    00003FFF
_WRT_OFF                          00003DFF
_WRT_ON                           00003FFF
_XT_OSC                           00003FFD
__16F873A                         00000001
button_pressed                    00000025
c1                                00000020
c2                                00000021
closedoor                         00000015
eead                              00000051
eeval                             00000050
loopinCompare                     00000050
loopinshow                        00000047
loopinstore                       0000003C
reset                             00000028
reset1                            00000072

Errors   :     0
Warnings :    42 reported,     0 suppressed
Messages :    21 reported,     0 suppressed

