MPASM 5.76                       KEYPAD1.ASM   3-3-2018  11:54:48         PAGE  1


LOC  OBJECT CODE     LINE SOURCE TEXT
  VALUE

                      00001 #include "p16f873.inc"
                      00001         LIST
                      00002 
                      00003 ;==========================================================================
                      00004 ; Build date : Sep 19 2017
                      00005 ;  MPASM PIC16F873 processor include
                      00006 ; 
                      00007 ;  (c) Copyright 1999-2017 Microchip Technology, All rights reserved
                      00008 ;==========================================================================
                      00009 
                      00501         LIST
                      00002     
  00000025            00003 button_pressed equ 0x25
  00000007            00004 KEYPORT        equ PORTC
  00000087            00005 KEYTRIS        equ TRISC
                      00006  
Warning[205]: Found directive in column 1. (org)
                      00007 org 0x00
Warning[203]: Found opcode in column 1. (goto)
0000   2???           00008 goto Main
                      00009               
0001                  00010 Main:
0001   2???           00011     call    Key_Init        ; intialize keypad
0002   2???           00012     call    Key_Check       ; check the button pressed
                      00013     
                      00014     
                      00015     
0003                  00016 Key_Init:                   ;   initalize keypad
0003   1683           00017     bsf     STATUS,5        ;select bank 1
0004   30F0           00018     movlw   b'11110000'     ;0-4 outputs,5-7 inputs.
0005   1283           00019     bcf     STATUS,5        ;select bank0
0006   01A5           00020     clrf    button_pressed  ;clear the button
0007   0008           00021     return
                      00022     
                      00023     
0008                  00024 Key_Check:                              ;       check what button has been pressed
                      00025     
0008   1407           00026     bsf     KEYPORT, 0                  ;       scan the first column of keys           
0009   1A07           00027     btfsc   KEYPORT, 4                  ;       
000A   3037           00028     movlw   '7'                         ;       7 is pressed.
000B   1A87           00029     btfsc   KEYPORT, 5                  ;       
000C   3034           00030     movlw   '4'                         ;       4 is pressed.
000D   1B07           00031     btfsc   KEYPORT, 6                  ;       
000E   3031           00032     movlw   '1'                         ;       1 is pressed.
000F   1B87           00033     btfsc   KEYPORT, 7                  ;       
0010   302A           00034     movlw   '*'                         ;       * is pressed.
0011   1007           00035     bcf     KEYPORT, 0                  ;       take first column low.
                      00036 
0012   1487           00037     bsf     KEYPORT, 1                  ;       scan the second column of keys
0013   1A07           00038     btfsc   KEYPORT, 4                  ;       
0014   3038           00039     movlw   '8'                         ;       8 is pressed.
0015   1A87           00040     btfsc   KEYPORT, 5                  ;       
0016   3035           00041     movlw   '5'                         ;       5 is pressed.
MPASM 5.76                       KEYPAD1.ASM   3-3-2018  11:54:48         PAGE  2


LOC  OBJECT CODE     LINE SOURCE TEXT
  VALUE

0017   1B07           00042     btfsc   KEYPORT, 6                  ;       
0018   3032           00043     movlw   '2'                         ;       2 is pressed.
0019   1B87           00044     btfsc   KEYPORT, 7                  ;       
001A   3030           00045     movlw   '0'                         ;       0 is pressed.
001B   1087           00046     bcf     KEYPORT, 1                  ;       take second column low.
                      00047 
001C   1507           00048     bsf     KEYPORT, 2                  ;       scan the third column of keys 
001D   1A07           00049     btfsc   KEYPORT, 4                  ;       
001E   3039           00050     movlw   '9'                         ;       9 is pressed.
001F   1A87           00051     btfsc   KEYPORT, 5                  ;       
0020   3036           00052     movlw   '6'                         ;       6 is pressed.
0021   1B07           00053     btfsc   KEYPORT, 6                  ;       
0022   3033           00054     movlw   '3'                         ;       3 is pressed.
0023   1B87           00055     btfsc   KEYPORT, 7                  ;       
0024   3031           00056     movlw   '1'                         ;       1 is pressed.
0025   1107           00057     bcf     KEYPORT, 2                  ;       take rhird column low.
                      00058 
0026   1587           00059     bsf     KEYPORT, 3                  ;       scan the last column of keys
0027   1A07           00060     btfsc   KEYPORT, 4                  ;       
0028   3041           00061     movlw   'A'                         ;       A is pressed.
0029   1A87           00062     btfsc   KEYPORT, 5                  ;       
002A   3042           00063     movlw   'B'                         ;       B is pressed.
002B   1B07           00064     btfsc   KEYPORT, 6                  ;       
002C   3043           00065     movlw   'C'                         ;       C is pressed.
002D   1B87           00066     btfsc   KEYPORT, 7                  ;       
002E   3044           00067     movlw   'D'                         ;       D is pressed.
002F   1107           00068     bcf     KEYPORT, 2                  ;       take last column low.
                      00069 
0030   00A5           00070     movwf button_pressed                ;       
                      00071                                                                     
                      00072                                                                     
                      00073                                                                    
                      00074 
0031   0008           00075     return                                              
                      00076     
                      00077     
                      00078     end
MPASM 5.76                       KEYPAD1.ASM   3-3-2018  11:54:48         PAGE  3


SYMBOL TABLE
  LABEL                             VALUE 

ACKDT                             00000005
ACKEN                             00000004
ACKSTAT                           00000006
ADCON0                            0000001F
ADCON1                            0000009F
ADCS0                             00000006
ADCS1                             00000007
ADDEN                             00000003
ADFM                              00000007
ADIE                              00000006
ADIF                              00000006
ADON                              00000000
ADRESH                            0000001E
ADRESL                            0000009E
BCLIE                             00000003
BCLIF                             00000003
BF                                00000000
BRGH                              00000002
C                                 00000000
CCP1CON                           00000017
CCP1IE                            00000002
CCP1IF                            00000002
CCP1M0                            00000000
CCP1M1                            00000001
CCP1M2                            00000002
CCP1M3                            00000003
CCP1X                             00000005
CCP1Y                             00000004
CCP2CON                           0000001D
CCP2IE                            00000000
CCP2IF                            00000000
CCP2M0                            00000000
CCP2M1                            00000001
CCP2M2                            00000002
CCP2M3                            00000003
CCP2X                             00000005
CCP2Y                             00000004
CCPR1                             00000015
CCPR1H                            00000016
CCPR1L                            00000015
CCPR2                             0000001B
CCPR2H                            0000001C
CCPR2L                            0000001B
CHS0                              00000003
CHS1                              00000004
CHS2                              00000005
CKE                               00000006
CKP                               00000004
CREN                              00000004
CSRC                              00000007
D                                 00000005
DATA_ADDRESS                      00000005
DC                                00000001
MPASM 5.76                       KEYPAD1.ASM   3-3-2018  11:54:48         PAGE  4


SYMBOL TABLE
  LABEL                             VALUE 

D_A                               00000005
D_NOT_A                           00000005
EEADR                             0000010D
EEADRH                            0000010F
EECON1                            0000018C
EECON2                            0000018D
EEDATA                            0000010C
EEDATH                            0000010E
EEIE                              00000004
EEIF                              00000004
EEPGD                             00000007
F                                 00000001
FERR                              00000002
FSR                               00000004
GCEN                              00000007
GIE                               00000007
GO                                00000002
GO_DONE                           00000002
GO_NOT_DONE                       00000002
I2C_DATA                          00000005
I2C_READ                          00000002
I2C_START                         00000003
I2C_STOP                          00000004
INDF                              00000000
INTCON                            0000000B
INTE                              00000004
INTEDG                            00000006
INTF                              00000001
IRP                               00000007
KEYPORT                           00000007
KEYTRIS                           00000087
Key_Check                         00000008
Key_Init                          00000003
Main                              00000001
NOT_A                             00000005
NOT_ADDRESS                       00000005
NOT_BO                            00000000
NOT_BOR                           00000000
NOT_DONE                          00000002
NOT_PD                            00000003
NOT_POR                           00000001
NOT_RBPU                          00000007
NOT_RC8                           00000006
NOT_T1SYNC                        00000002
NOT_TO                            00000004
NOT_TX8                           00000006
NOT_W                             00000002
NOT_WRITE                         00000002
OERR                              00000001
OPTION_REG                        00000081
P                                 00000004
PCFG0                             00000000
PCFG1                             00000001
MPASM 5.76                       KEYPAD1.ASM   3-3-2018  11:54:48         PAGE  5


SYMBOL TABLE
  LABEL                             VALUE 

PCFG2                             00000002
PCFG3                             00000003
PCL                               00000002
PCLATH                            0000000A
PCON                              0000008E
PEIE                              00000006
PEN                               00000002
PIE1                              0000008C
PIE2                              0000008D
PIR1                              0000000C
PIR2                              0000000D
PORTA                             00000005
PORTB                             00000006
PORTC                             00000007
PR2                               00000092
PS0                               00000000
PS1                               00000001
PS2                               00000002
PSA                               00000003
R                                 00000002
RA0                               00000000
RA1                               00000001
RA2                               00000002
RA3                               00000003
RA4                               00000004
RA5                               00000005
RB0                               00000000
RB1                               00000001
RB2                               00000002
RB3                               00000003
RB4                               00000004
RB5                               00000005
RB6                               00000006
RB7                               00000007
RBIE                              00000003
RBIF                              00000000
RC0                               00000000
RC1                               00000001
RC2                               00000002
RC3                               00000003
RC4                               00000004
RC5                               00000005
RC6                               00000006
RC7                               00000007
RC8_9                             00000006
RC9                               00000006
RCD8                              00000000
RCEN                              00000003
RCIE                              00000005
RCIF                              00000005
RCREG                             0000001A
RCSTA                             00000018
RD                                00000000
MPASM 5.76                       KEYPAD1.ASM   3-3-2018  11:54:48         PAGE  6


SYMBOL TABLE
  LABEL                             VALUE 

READ_WRITE                        00000002
RP0                               00000005
RP1                               00000006
RSEN                              00000001
RX9                               00000006
RX9D                              00000000
R_NOT_W                           00000002
R_W                               00000002
S                                 00000003
SEN                               00000000
SMP                               00000007
SPBRG                             00000099
SPEN                              00000007
SREN                              00000005
SSPADD                            00000093
SSPBUF                            00000013
SSPCON                            00000014
SSPCON2                           00000091
SSPEN                             00000005
SSPIE                             00000003
SSPIF                             00000003
SSPM0                             00000000
SSPM1                             00000001
SSPM2                             00000002
SSPM3                             00000003
SSPOV                             00000006
SSPSTAT                           00000094
STATUS                            00000003
SYNC                              00000004
T0CS                              00000005
T0IE                              00000005
T0IF                              00000002
T0SE                              00000004
T1CKPS0                           00000004
T1CKPS1                           00000005
T1CON                             00000010
T1INSYNC                          00000002
T1OSCEN                           00000003
T1SYNC                            00000002
T2CKPS0                           00000000
T2CKPS1                           00000001
T2CON                             00000012
TMR0                              00000001
TMR0IE                            00000005
TMR0IF                            00000002
TMR1                              0000000E
TMR1CS                            00000001
TMR1H                             0000000F
TMR1IE                            00000000
TMR1IF                            00000000
TMR1L                             0000000E
TMR1ON                            00000000
TMR2                              00000011
MPASM 5.76                       KEYPAD1.ASM   3-3-2018  11:54:48         PAGE  7


SYMBOL TABLE
  LABEL                             VALUE 

TMR2IE                            00000001
TMR2IF                            00000001
TMR2ON                            00000002
TOUTPS0                           00000003
TOUTPS1                           00000004
TOUTPS2                           00000005
TOUTPS3                           00000006
TRISA                             00000085
TRISA0                            00000000
TRISA1                            00000001
TRISA2                            00000002
TRISA3                            00000003
TRISA4                            00000004
TRISA5                            00000005
TRISB                             00000086
TRISB0                            00000000
TRISB1                            00000001
TRISB2                            00000002
TRISB3                            00000003
TRISB4                            00000004
TRISB5                            00000005
TRISB6                            00000006
TRISB7                            00000007
TRISC                             00000087
TRISC0                            00000000
TRISC1                            00000001
TRISC2                            00000002
TRISC3                            00000003
TRISC4                            00000004
TRISC5                            00000005
TRISC6                            00000006
TRISC7                            00000007
TRMT                              00000001
TX8_9                             00000006
TX9                               00000006
TX9D                              00000000
TXD8                              00000000
TXEN                              00000005
TXIE                              00000004
TXIF                              00000004
TXREG                             00000019
TXSTA                             00000098
UA                                00000001
W                                 00000000
WCOL                              00000007
WR                                00000001
WREN                              00000002
WRERR                             00000003
Z                                 00000002
_BODEN_OFF                        00003FBF
_BODEN_ON                         00003FFF
_BOREN_OFF                        00003FBF
_BOREN_ON                         00003FFF
MPASM 5.76                       KEYPAD1.ASM   3-3-2018  11:54:48         PAGE  8


SYMBOL TABLE
  LABEL                             VALUE 

_CONFIG                           00002007
_CPD_OFF                          00003FFF
_CPD_ON                           00003EFF
_CP_ALL                           00000FCF
_CP_HALF                          00001FDF
_CP_OFF                           00003FFF
_CP_UPPER_256                     00002FEF
_DEBUG_OFF                        00003FFF
_DEBUG_ON                         000037FF
_DEVID1                           00002006
_FOSC_EXTRC                       00003FFF
_FOSC_HS                          00003FFE
_FOSC_LP                          00003FFC
_FOSC_XT                          00003FFD
_HS_OSC                           00003FFE
_IDLOC0                           00002000
_IDLOC1                           00002001
_IDLOC2                           00002002
_IDLOC3                           00002003
_LP_OSC                           00003FFC
_LVP_OFF                          00003F7F
_LVP_ON                           00003FFF
_PWRTE_OFF                        00003FFF
_PWRTE_ON                         00003FF7
_RC_OSC                           00003FFF
_WDTE_OFF                         00003FFB
_WDTE_ON                          00003FFF
_WDT_OFF                          00003FFB
_WDT_ON                           00003FFF
_WRT_ENABLE_OFF                   00003DFF
_WRT_ENABLE_ON                    00003FFF
_WRT_OFF                          00003DFF
_WRT_ON                           00003FFF
_XT_OSC                           00003FFD
__16F873                          00000001
button_pressed                    00000025

Errors   :     0
Warnings :     2 reported,     0 suppressed
Messages :     0 reported,     0 suppressed

