MPASM 5.76                        CHECK1.ASM   3-11-2018  22:50:10         PAGE  1


LOC  OBJECT CODE     LINE SOURCE TEXT
  VALUE

                      00001 
                      00002 
                      00003 
                      00004 #include "p16f873.inc"
                      00001         LIST
                      00002 
                      00003 ;==========================================================================
                      00004 ; Build date : Sep 19 2017
                      00005 ;  MPASM PIC16F873 processor include
                      00006 ; 
                      00007 ;  (c) Copyright 1999-2017 Microchip Technology, All rights reserved
                      00008 ;==========================================================================
                      00009 
                      00501         LIST
                      00005 
                      00006     
                      00007 
Warning[207]: Found label after column 1. (c1)
  00000020            00008  c1             equ     0x20        ; for delays
Warning[207]: Found label after column 1. (c2)
  00000021            00009  c2             equ     0x21        ; for delays
Warning[207]: Found label after column 1. (LCDTemp)
  00000022            00010  LCDTemp        equ     0x22        ; Yo keep LCD data tempararily
Warning[207]: Found label after column 1. (LCDPORT)
  00000006            00011  LCDPORT        equ     PORTB       
Warning[207]: Found label after column 1. (LCDTRIS)
  00000086            00012  LCDTRIS        equ     TRISB
Warning[207]: Found label after column 1. (button_pressed)
  00000025            00013  button_pressed equ     0x25        ; to store the pressed button
Warning[207]: Found label after column 1. (PwordTemp)
  00000026            00014  PwordTemp      equ     0x26        ; to store each character at comparision
Warning[207]: Found label after column 1. (PwordCheck)
  00000027            00015  PwordCheck     equ     0x27        ; to check number of loops in Password_check
Warning[207]: Found label after column 1. (KEYPORT)
  00000007            00016  KEYPORT        equ     PORTC       
Warning[207]: Found label after column 1. (KEYTRIS)
  00000087            00017  KEYTRIS        equ     TRISC
Warning[207]: Found label after column 1. (Pword1)
  00000030            00018  Pword1         equ     0x30        ; password
Warning[207]: Found label after column 1. (Pword2)
  00000031            00019  Pword2         equ     0x31        ; password
Warning[207]: Found label after column 1. (Pword3)
  00000032            00020  Pword3         equ     0x32        ; password
Warning[207]: Found label after column 1. (Pword4)
  00000033            00021  Pword4         equ     0x33        ; password
                      00022  
                      00023 
                      00024  
                      00025  
                      00026 
Warning[205]: Found directive in column 1. (org)
                      00027 org 0x00
Warning[203]: Found opcode in column 1. (goto)
MPASM 5.76                        CHECK1.ASM   3-11-2018  22:50:10         PAGE  2


LOC  OBJECT CODE     LINE SOURCE TEXT
  VALUE

0000   2???           00028 goto Main
                      00029    
0001                  00030 Main:
0001   2???           00031     call    LCD_Init
0002   2???           00032     call    Key_Init
0003   2???           00033     call    Msg1            ;"Enter Password"
0004   2???           00034     call    LCD_Enter       ;input mode
0005   2???           00035     call    Password_Check  ; check the password
                      00036     
0006   3058           00037     movlw   'X'
0007   2???           00038     call    LCD_char
                      00039     
                      00040     
Warning[207]: Found label after column 1. (l1)
0008                  00041     l1
0008   2???           00042     goto l1
                      00043     
                      00044        
                      00045     
                      00046     
                      00047     
                      00048     
                      00049     
                      00050  ;Password Check.......
                      00051  
Warning[207]: Found label after column 1. (Password_Check)
0009                  00052  Password_Check:            ; check the password 
0009   2???           00053     call    Get_Pword
000A   2???           00054     call    Store_UserCode
000B   2???           00055     call    Compare_Code
                      00056     
000C   0008           00057     return
                      00058  
Warning[207]: Found label after column 1. (Get_Pword)
000D                  00059  Get_Pword:                 ; to get the password stored in memeory
000D   3030           00060     movlw   0x30
000E   0084           00061     movwf   FSR
000F   3031           00062     movlw   '1'
0010   0080           00063     movwf   INDF
0011   0A84           00064     incf    FSR,1
0012   3032           00065     movlw   '2'
0013   0080           00066     movwf   INDF
0014   0A84           00067     incf    FSR,1
0015   3033           00068     movlw   '3'
0016   0080           00069     movwf   INDF
0017   0A84           00070     incf    FSR,1
0018   3034           00071     movlw   '4'
0019   0080           00072     movwf   INDF
001A   0008           00073     return
                      00074   
Warning[207]: Found label after column 1. (Store_UserCode)
001B                  00075  Store_UserCode:            ; to store the code given by user
001B   3040           00076     movlw   0x40
MPASM 5.76                        CHECK1.ASM   3-11-2018  22:50:10         PAGE  3


LOC  OBJECT CODE     LINE SOURCE TEXT
  VALUE

001C   0084           00077     movwf   FSR
Warning[207]: Found label after column 1. (loopinstore)
001D                  00078     loopinstore
001D   2???           00079     call    Key_Check
001E   0825           00080     movf    button_pressed,0
001F   0080           00081     movwf   INDF
0020   2???           00082     call    LCD_char
0021   2???           00083     call    Delay5
0022   0A84           00084     incf    FSR,1
0023   1D04           00085     btfss   FSR,2
0024   2???           00086     goto    loopinstore
0025   0008           00087     return
                      00088     
Warning[207]: Found label after column 1. (Show_UserCode)
0026                  00089   Show_UserCode:           ; show the code submitted by user
0026   3040           00090     movlw   0x40
0027   0084           00091     movwf   FSR
Warning[207]: Found label after column 1. (loopinshow)
0028                  00092     loopinshow
0028   0800           00093     movf    INDF,0
0029   2???           00094     call    LCD_char
002A   2???           00095     call    Delay5
002B   0A84           00096     incf    FSR,1
002C   1D04           00097     btfss   FSR,2
002D   2???           00098     goto    loopinshow
002E   0008           00099     return
                      00100    
Warning[207]: Found label after column 1. (Compare_Code)
002F                  00101  Compare_Code:                      ; compare the user submited code with the correct password
002F   3030           00102     movlw   0x30
0030   0084           00103     movwf   FSR                     ; point to 0x30-0x33
Warning[207]: Found label after column 1. (loopinCompare)
0031                  00104     loopinCompare
0031   0800           00105     movf    INDF,0      
0032   00A6           00106     movwf   PwordTemp               ;store the value in current pointed register
0033   3010           00107     movlw   0x10
0034   0784           00108     addwf   FSR,1                   ;point to 0x40-0x43
0035   0800           00109     movf    INDF,0
0036   0226           00110     subwf   PwordTemp,0             ;check weather 0x30=0x40 and ....
0037   1D03           00111     btfss   STATUS,Z                ;check 0 flag
0038   2???           00112     goto    Compared_IncorrectPword ;subroutine for wrong password
0039   3010           00113     movlw   0x10                    ;
003A   0284           00114     subwf   FSR,1                   ;point back to 30
003B   0A84           00115     incf    FSR,1
003C   1D04           00116     btfss   FSR,2
003D   2???           00117     goto    loopinCompare
003E   2???           00118     goto    Compared_CorrectPword   ;subroutine for right password
003F   0008           00119     return
                      00120     
                      00121     
Warning[207]: Found label after column 1. (Compared_IncorrectPword)
0040                  00122  Compared_IncorrectPword:           ;subroutine for wrong password
0040   2???           00123     call    LCD_clear
MPASM 5.76                        CHECK1.ASM   3-11-2018  22:50:10         PAGE  4


LOC  OBJECT CODE     LINE SOURCE TEXT
  VALUE

0041   2???           00124     call    Msg2
0042   2???           00125     call    LCD_Enter
0043   2???           00126     call    Store_UserCode
0044   2???           00127     call    Compare_Code
0045   0008           00128     return
                      00129     
Warning[207]: Found label after column 1. (Compared_CorrectPword)
0046                  00130  Compared_CorrectPword:             ;subroutine for right password
0046   2???           00131     call    LCD_clear
0047   2???           00132     call    Msg3
0048   0008           00133     return
                      00134     
                      00135     
                      00136     
                      00137     
                      00138  ;LCD routines...........   
0049                  00139 LCD_Init:                   ; initialize LED to 4 bit mode
0049   1683           00140     bsf     STATUS, 5       ; select bank 1 
004A   3000           00141     movlw   b'00000000'     ; LCDPORT Outputs
Message[302]: Register in operand not in bank 0.  Ensure that bank bits are correct.
004B   0086           00142     movwf   LCDTRIS         ; Change PortB to output
004C   1283           00143     bcf     STATUS, 5       ; select bank 0
004D   2???           00144     call    Delay5          ; Wait 15 msecs
004E   2???           00145     call    Delay5          
004F   2???           00146     call    Delay5          
0050   3030           00147     movlw   b'00110000'     ; Send the Reset Instruction
0051   0086           00148     movwf   LCDPORT         
0052   2???           00149     call    Pulse_e         ; Pulse LCD_E
0053   2???           00150     call    Delay5          ; Delay 5ms
0054   2???           00151     call    Pulse_e         ; Pulse LCD_E
0055   2???           00152     call    Delay2          ; Delay of 2ms
0056   2???           00153     call    Pulse_e         ; Pulse LCD_E
0057   2???           00154     call    Delay2          ; Delay of 2ms
0058   3020           00155     movlw   0x020           ; Send the Data Length Specification
0059   0086           00156     movwf   LCDPORT         
005A   2???           00157     call    Pulse_e         ; Pulse LCD_E
005B   2???           00158     call    Delay2          ; Delay of 2ms
005C   3028           00159     movlw   b'00101000'     ; Set Interface Length
005D   2???           00160     call    LCD_Ins         
005E   3010           00161     movlw   b'00010000'     ; Turn Off Display
005F   2???           00162     call    LCD_Ins         
0060   3001           00163     movlw   b'00000001'     ; Clear Display RAM
0061   2???           00164     call    LCD_Ins         
0062   3006           00165     movlw   b'00000110'     ; Set Cursor Movement
0063   2???           00166     call    LCD_Ins         
0064   300C           00167     movlw   b'00001100'     ; Turn on Display/Cursor
0065   2???           00168     call    LCD_Ins         
0066   3001           00169     movlw   b'00000001'     ; Clear LCD
0067   2???           00170     call    LCD_Ins         
0068   0008           00171     return ;
                      00172     
0069                  00173 LCD_Ins:                    ;Send the Instruction to the LCD
0069   00A2           00174     movwf   LCDTemp         ; Save the Value
MPASM 5.76                        CHECK1.ASM   3-11-2018  22:50:10         PAGE  5


LOC  OBJECT CODE     LINE SOURCE TEXT
  VALUE

006A   39F0           00175     andlw   b'11110000'     ; High Nibble first
006B   0086           00176     movwf   LCDPORT         
006C   1106           00177     bcf     LCDPORT,2       
006D   2???           00178     call    Pulse_e         
006E   0E22           00179     swapf   LCDTemp, 0      ; Low Nibble Second
006F   39F0           00180     andlw   b'11110000'     
0070   0086           00181     movwf   LCDPORT         
0071   1106           00182     bcf     LCDPORT,2       
0072   2???           00183     call    Pulse_e         
0073   2???           00184     call    Delay2          ; wait 2 ms
                      00185     
0074   0008           00186     return ;
                      00187 
0075                  00188 LCD_char:                   ; Send the Character to the LCD
0075   00A2           00189     movwf   LCDTemp         ; Save the Value
0076   39F0           00190     andlw   0xF0            ; High Nibble first
0077   0086           00191     movwf   LCDPORT         
0078   1506           00192     bsf     LCDPORT,2       
0079   2???           00193     call    Pulse_e ;
007A   0E22           00194     swapf   LCDTemp, 0      ; Low Nibble Second
007B   39F0           00195     andlw   0xF0            
007C   0086           00196     movwf   LCDPORT         
007D   1506           00197     bsf     LCDPORT,2       
007E   2???           00198     call    Pulse_e         
007F   2???           00199     call    Delay2         
0080   0000           00200     nop 
0081   0008           00201     return 
                      00202 
0082                  00203 Pulse_e:                    ;LCD Enable pulse to write data from LCDPORT into LCD module.
0082   1586           00204     bsf LCDPORT,3            
0083   0000           00205     nop                      
0084   1186           00206     bcf LCDPORT,3                    
0085   0000           00207     nop                     
0086   0008           00208     return
                      00209 
0087                  00210 LCD_Enter:                  ;Input Mode
0087   30C0           00211     movlw   b'11000000'     ;Goto 2nd row
0088   2???           00212     call    LCD_Ins
0089   300F           00213     movlw   b'00001111'     ; Turn on Display/Cursor
008A   2???           00214     call    LCD_Ins
008B   0008           00215     return
                      00216 
008C                  00217 LCD_clear:
008C   3001           00218     movlw   b'00000001'     ; Clear display
008D   2???           00219     call    LCD_Ins
008E   2???           00220     call    Delay5
008F   300C           00221     movlw   b'00001100'     ; Turn off Cursor
0090   2???           00222     call    LCD_Ins
0091   2???           00223     call    Delay2
0092   0008           00224     return
                      00225     
                      00226 ;Messages..........
0093                  00227 Msg1:                       ; 'Enter Password'
MPASM 5.76                        CHECK1.ASM   3-11-2018  22:50:10         PAGE  6


LOC  OBJECT CODE     LINE SOURCE TEXT
  VALUE

0093   3045           00228     movlw   'E'
0094   2???           00229     call    LCD_char
0095   304E           00230     movlw   'N'
0096   2???           00231     call    LCD_char
0097   3054           00232     movlw   'T'
0098   2???           00233     call    LCD_char
0099   3045           00234     movlw   'E'
009A   2???           00235     call    LCD_char
009B   3052           00236     movlw   'R'
009C   2???           00237     call    LCD_char
009D   3020           00238     movlw   ' '
009E   2???           00239     call    LCD_char
009F   3050           00240     movlw   'P'
00A0   2???           00241     call    LCD_char
00A1   3041           00242     movlw   'A'
00A2   2???           00243     call    LCD_char
00A3   3053           00244     movlw   'S'
00A4   2???           00245     call    LCD_char
00A5   3053           00246     movlw   'S'
00A6   2???           00247     call    LCD_char
00A7   3057           00248     movlw   'W'
00A8   2???           00249     call    LCD_char
00A9   304F           00250     movlw   'O'
00AA   2???           00251     call    LCD_char
00AB   3052           00252     movlw   'R'
00AC   2???           00253     call    LCD_char
00AD   3044           00254     movlw   'D'
00AE   2???           00255     call    LCD_char
00AF   0008           00256     return
                      00257  
Warning[207]: Found label after column 1. (Msg2)
00B0                  00258  Msg2:                      ; 'Incorrect Password'
00B0   3049           00259     movlw   'I'
00B1   2???           00260     call    LCD_char
00B2   304E           00261     movlw   'N'
00B3   2???           00262     call    LCD_char
00B4   3043           00263     movlw   'C'
00B5   2???           00264     call    LCD_char
00B6   304F           00265     movlw   'O'
00B7   2???           00266     call    LCD_char
00B8   3052           00267     movlw   'R'
00B9   2???           00268     call    LCD_char
00BA   3052           00269     movlw   'R'
00BB   2???           00270     call    LCD_char
00BC   3045           00271     movlw   'E'
00BD   2???           00272     call    LCD_char
00BE   3043           00273     movlw   'C'
00BF   2???           00274     call    LCD_char
00C0   3054           00275     movlw   'T'
00C1   2???           00276     call    LCD_char
00C2   302E           00277     movlw   '.'
00C3   2???           00278     call    LCD_char
00C4   3020           00279     movlw   ' '
MPASM 5.76                        CHECK1.ASM   3-11-2018  22:50:10         PAGE  7


LOC  OBJECT CODE     LINE SOURCE TEXT
  VALUE

00C5   2???           00280     call    LCD_char
00C6   3052           00281     movlw   'R'
00C7   2???           00282     call    LCD_char
00C8   3045           00283     movlw   'E'
00C9   2???           00284     call    LCD_char
00CA   3054           00285     movlw   'T'
00CB   2???           00286     call    LCD_char
00CC   3052           00287     movlw   'R'
00CD   2???           00288     call    LCD_char
00CE   3059           00289     movlw   'Y'
00CF   2???           00290     call    LCD_char
                      00291     
00D0   0008           00292     return
                      00293     
Warning[207]: Found label after column 1. (Msg3)
00D1                  00294  Msg3:                      ; 'Correct Password'
00D1   3043           00295     movlw   'C'
00D2   2???           00296     call    LCD_char
00D3   304F           00297     movlw   'O'
00D4   2???           00298     call    LCD_char
00D5   3052           00299     movlw   'R'
00D6   2???           00300     call    LCD_char
00D7   3052           00301     movlw   'R'
00D8   2???           00302     call    LCD_char
00D9   3045           00303     movlw   'E'
00DA   2???           00304     call    LCD_char
00DB   3043           00305     movlw   'C'
00DC   2???           00306     call    LCD_char
00DD   3054           00307     movlw   'T'
00DE   2???           00308     call    LCD_char
                      00309     
                      00310     
00DF   0008           00311     return
                      00312  
                      00313 ;Keypad routines.............
00E0                  00314 Key_Init:                   ;   initalize keypad
00E0   1683           00315     bsf     STATUS,5        ;select bank 1
00E1   30F0           00316     movlw   b'11110000'     ;0-4 outputs,5-7 inputs.
Message[302]: Register in operand not in bank 0.  Ensure that bank bits are correct.
00E2   0087           00317     movwf   KEYTRIS         
00E3   1283           00318     bcf     STATUS,5        ;select bank0
00E4   01A5           00319     clrf    button_pressed  ;clear the button
00E5   0008           00320     return
                      00321     
                      00322     
00E6                  00323 Key_Check:                              ;       check what button has been pressed
00E6   3058           00324     movlw   'X'                         ;       X stored as buttonpressed
00E7   00A5           00325     movwf   button_pressed
00E8   1407           00326     bsf     KEYPORT, 0                  ;       scan the first column of keys           
00E9   1A07           00327     btfsc   KEYPORT, 4                  ;       
00EA   3037           00328     movlw   '7'                         ;       7 is pressed.
00EB   1A87           00329     btfsc   KEYPORT, 5                  ;       
00EC   3034           00330     movlw   '4'                         ;       4 is pressed.
MPASM 5.76                        CHECK1.ASM   3-11-2018  22:50:10         PAGE  8


LOC  OBJECT CODE     LINE SOURCE TEXT
  VALUE

00ED   1B07           00331     btfsc   KEYPORT, 6                  ;       
00EE   3031           00332     movlw   '1'                         ;       1 is pressed.
00EF   1B87           00333     btfsc   KEYPORT, 7                  ;       
00F0   302A           00334     movlw   '*'                         ;       * is pressed.
00F1   1007           00335     bcf     KEYPORT, 0                  ;       take first column low.
                      00336 
00F2   1487           00337     bsf     KEYPORT, 1                  ;       scan the second column of keys
00F3   1A07           00338     btfsc   KEYPORT, 4                  ;       
00F4   3038           00339     movlw   '8'                         ;       8 is pressed.
00F5   1A87           00340     btfsc   KEYPORT, 5                  ;       
00F6   3035           00341     movlw   '5'                         ;       5 is pressed.
00F7   1B07           00342     btfsc   KEYPORT, 6                  ;       
00F8   3032           00343     movlw   '2'                         ;       2 is pressed.
00F9   1B87           00344     btfsc   KEYPORT, 7                  ;       
00FA   3030           00345     movlw   '0'                         ;       0 is pressed.
00FB   1087           00346     bcf     KEYPORT, 1                  ;       take second column low.
                      00347 
00FC   1507           00348     bsf     KEYPORT, 2                  ;       scan the third column of keys 
00FD   1A07           00349     btfsc   KEYPORT, 4                  ;       
00FE   3039           00350     movlw   '9'                         ;       9 is pressed.
00FF   1A87           00351     btfsc   KEYPORT, 5                  ;       
0100   3036           00352     movlw   '6'                         ;       6 is pressed.
0101   1B07           00353     btfsc   KEYPORT, 6                  ;       
0102   3033           00354     movlw   '3'                         ;       3 is pressed.
0103   1B87           00355     btfsc   KEYPORT, 7                  ;       
0104   3023           00356     movlw   '#'                         ;       1 is pressed.
0105   1107           00357     bcf     KEYPORT, 2                  ;       take rhird column low.
                      00358 
0106   1587           00359     bsf     KEYPORT, 3                  ;       scan the last column of keys
0107   1A07           00360     btfsc   KEYPORT, 4                  ;       
0108   3041           00361     movlw   'A'                         ;       A is pressed.
0109   1A87           00362     btfsc   KEYPORT, 5                  ;       
010A   3042           00363     movlw   'B'                         ;       B is pressed.
010B   1B07           00364     btfsc   KEYPORT, 6                  ;       
010C   3043           00365     movlw   'C'                         ;       C is pressed.
010D   1B87           00366     btfsc   KEYPORT, 7                  ;       
010E   3044           00367     movlw   'D'                         ;       D is pressed.
010F   1187           00368     bcf     KEYPORT, 3                  ;       take last column low.
                      00369     
0110   00A5           00370     movwf   button_pressed
0111   3058           00371     movlw   'X'
0112   0225           00372     subwf   button_pressed,0            ; Check whether the button pressed ='X'
0113   1903           00373     btfsc   STATUS,Z                    ; else a button has been pressed and stored
0114   2???           00374     goto    Key_Check
                      00375                         
0115   0008           00376     return
                      00377  
                      00378 
                      00379     
                      00380     
                      00381 ; Delay routines........
0116                  00382 Delay5:                         ;5ms
0116   3002           00383     movlw       d'2'
MPASM 5.76                        CHECK1.ASM   3-11-2018  22:50:10         PAGE  9


LOC  OBJECT CODE     LINE SOURCE TEXT
  VALUE

0117   00A0           00384     movwf       c1
0118   2???           00385     goto        Delay
                      00386     
0119                  00387 Delay:                          ;0.7s
0119   0BA0           00388     decfsz      c1,1    
011A   2???           00389     goto        Delay
011B   0BA1           00390     decfsz      c2,1
011C   2???           00391     goto        Delay
011D   0008           00392     return
011E                  00393 Delay2:                         ;2ms
011E   0BA0           00394     decfsz      c1,1        
011F   2???           00395     goto        Delay2
0120   0008           00396     return
                      00397  
                      00398  end
MPASM 5.76                        CHECK1.ASM   3-11-2018  22:50:10         PAGE 10


SYMBOL TABLE
  LABEL                             VALUE 

ACKDT                             00000005
ACKEN                             00000004
ACKSTAT                           00000006
ADCON0                            0000001F
ADCON1                            0000009F
ADCS0                             00000006
ADCS1                             00000007
ADDEN                             00000003
ADFM                              00000007
ADIE                              00000006
ADIF                              00000006
ADON                              00000000
ADRESH                            0000001E
ADRESL                            0000009E
BCLIE                             00000003
BCLIF                             00000003
BF                                00000000
BRGH                              00000002
C                                 00000000
CCP1CON                           00000017
CCP1IE                            00000002
CCP1IF                            00000002
CCP1M0                            00000000
CCP1M1                            00000001
CCP1M2                            00000002
CCP1M3                            00000003
CCP1X                             00000005
CCP1Y                             00000004
CCP2CON                           0000001D
CCP2IE                            00000000
CCP2IF                            00000000
CCP2M0                            00000000
CCP2M1                            00000001
CCP2M2                            00000002
CCP2M3                            00000003
CCP2X                             00000005
CCP2Y                             00000004
CCPR1                             00000015
CCPR1H                            00000016
CCPR1L                            00000015
CCPR2                             0000001B
CCPR2H                            0000001C
CCPR2L                            0000001B
CHS0                              00000003
CHS1                              00000004
CHS2                              00000005
CKE                               00000006
CKP                               00000004
CREN                              00000004
CSRC                              00000007
Compare_Code                      0000002F
Compared_CorrectPword             00000046
Compared_IncorrectPword           00000040
MPASM 5.76                        CHECK1.ASM   3-11-2018  22:50:10         PAGE 11


SYMBOL TABLE
  LABEL                             VALUE 

D                                 00000005
DATA_ADDRESS                      00000005
DC                                00000001
D_A                               00000005
D_NOT_A                           00000005
Delay                             00000119
Delay2                            0000011E
Delay5                            00000116
EEADR                             0000010D
EEADRH                            0000010F
EECON1                            0000018C
EECON2                            0000018D
EEDATA                            0000010C
EEDATH                            0000010E
EEIE                              00000004
EEIF                              00000004
EEPGD                             00000007
F                                 00000001
FERR                              00000002
FSR                               00000004
GCEN                              00000007
GIE                               00000007
GO                                00000002
GO_DONE                           00000002
GO_NOT_DONE                       00000002
Get_Pword                         0000000D
I2C_DATA                          00000005
I2C_READ                          00000002
I2C_START                         00000003
I2C_STOP                          00000004
INDF                              00000000
INTCON                            0000000B
INTE                              00000004
INTEDG                            00000006
INTF                              00000001
IRP                               00000007
KEYPORT                           00000007
KEYTRIS                           00000087
Key_Check                         000000E6
Key_Init                          000000E0
LCDPORT                           00000006
LCDTRIS                           00000086
LCDTemp                           00000022
LCD_Enter                         00000087
LCD_Init                          00000049
LCD_Ins                           00000069
LCD_char                          00000075
LCD_clear                         0000008C
Main                              00000001
Msg1                              00000093
Msg2                              000000B0
Msg3                              000000D1
NOT_A                             00000005
MPASM 5.76                        CHECK1.ASM   3-11-2018  22:50:10         PAGE 12


SYMBOL TABLE
  LABEL                             VALUE 

NOT_ADDRESS                       00000005
NOT_BO                            00000000
NOT_BOR                           00000000
NOT_DONE                          00000002
NOT_PD                            00000003
NOT_POR                           00000001
NOT_RBPU                          00000007
NOT_RC8                           00000006
NOT_T1SYNC                        00000002
NOT_TO                            00000004
NOT_TX8                           00000006
NOT_W                             00000002
NOT_WRITE                         00000002
OERR                              00000001
OPTION_REG                        00000081
P                                 00000004
PCFG0                             00000000
PCFG1                             00000001
PCFG2                             00000002
PCFG3                             00000003
PCL                               00000002
PCLATH                            0000000A
PCON                              0000008E
PEIE                              00000006
PEN                               00000002
PIE1                              0000008C
PIE2                              0000008D
PIR1                              0000000C
PIR2                              0000000D
PORTA                             00000005
PORTB                             00000006
PORTC                             00000007
PR2                               00000092
PS0                               00000000
PS1                               00000001
PS2                               00000002
PSA                               00000003
Password_Check                    00000009
Pulse_e                           00000082
Pword1                            00000030
Pword2                            00000031
Pword3                            00000032
Pword4                            00000033
PwordCheck                        00000027
PwordTemp                         00000026
R                                 00000002
RA0                               00000000
RA1                               00000001
RA2                               00000002
RA3                               00000003
RA4                               00000004
RA5                               00000005
RB0                               00000000
MPASM 5.76                        CHECK1.ASM   3-11-2018  22:50:10         PAGE 13


SYMBOL TABLE
  LABEL                             VALUE 

RB1                               00000001
RB2                               00000002
RB3                               00000003
RB4                               00000004
RB5                               00000005
RB6                               00000006
RB7                               00000007
RBIE                              00000003
RBIF                              00000000
RC0                               00000000
RC1                               00000001
RC2                               00000002
RC3                               00000003
RC4                               00000004
RC5                               00000005
RC6                               00000006
RC7                               00000007
RC8_9                             00000006
RC9                               00000006
RCD8                              00000000
RCEN                              00000003
RCIE                              00000005
RCIF                              00000005
RCREG                             0000001A
RCSTA                             00000018
RD                                00000000
READ_WRITE                        00000002
RP0                               00000005
RP1                               00000006
RSEN                              00000001
RX9                               00000006
RX9D                              00000000
R_NOT_W                           00000002
R_W                               00000002
S                                 00000003
SEN                               00000000
SMP                               00000007
SPBRG                             00000099
SPEN                              00000007
SREN                              00000005
SSPADD                            00000093
SSPBUF                            00000013
SSPCON                            00000014
SSPCON2                           00000091
SSPEN                             00000005
SSPIE                             00000003
SSPIF                             00000003
SSPM0                             00000000
SSPM1                             00000001
SSPM2                             00000002
SSPM3                             00000003
SSPOV                             00000006
SSPSTAT                           00000094
MPASM 5.76                        CHECK1.ASM   3-11-2018  22:50:10         PAGE 14


SYMBOL TABLE
  LABEL                             VALUE 

STATUS                            00000003
SYNC                              00000004
Show_UserCode                     00000026
Store_UserCode                    0000001B
T0CS                              00000005
T0IE                              00000005
T0IF                              00000002
T0SE                              00000004
T1CKPS0                           00000004
T1CKPS1                           00000005
T1CON                             00000010
T1INSYNC                          00000002
T1OSCEN                           00000003
T1SYNC                            00000002
T2CKPS0                           00000000
T2CKPS1                           00000001
T2CON                             00000012
TMR0                              00000001
TMR0IE                            00000005
TMR0IF                            00000002
TMR1                              0000000E
TMR1CS                            00000001
TMR1H                             0000000F
TMR1IE                            00000000
TMR1IF                            00000000
TMR1L                             0000000E
TMR1ON                            00000000
TMR2                              00000011
TMR2IE                            00000001
TMR2IF                            00000001
TMR2ON                            00000002
TOUTPS0                           00000003
TOUTPS1                           00000004
TOUTPS2                           00000005
TOUTPS3                           00000006
TRISA                             00000085
TRISA0                            00000000
TRISA1                            00000001
TRISA2                            00000002
TRISA3                            00000003
TRISA4                            00000004
TRISA5                            00000005
TRISB                             00000086
TRISB0                            00000000
TRISB1                            00000001
TRISB2                            00000002
TRISB3                            00000003
TRISB4                            00000004
TRISB5                            00000005
TRISB6                            00000006
TRISB7                            00000007
TRISC                             00000087
TRISC0                            00000000
MPASM 5.76                        CHECK1.ASM   3-11-2018  22:50:10         PAGE 15


SYMBOL TABLE
  LABEL                             VALUE 

TRISC1                            00000001
TRISC2                            00000002
TRISC3                            00000003
TRISC4                            00000004
TRISC5                            00000005
TRISC6                            00000006
TRISC7                            00000007
TRMT                              00000001
TX8_9                             00000006
TX9                               00000006
TX9D                              00000000
TXD8                              00000000
TXEN                              00000005
TXIE                              00000004
TXIF                              00000004
TXREG                             00000019
TXSTA                             00000098
UA                                00000001
W                                 00000000
WCOL                              00000007
WR                                00000001
WREN                              00000002
WRERR                             00000003
Z                                 00000002
_BODEN_OFF                        00003FBF
_BODEN_ON                         00003FFF
_BOREN_OFF                        00003FBF
_BOREN_ON                         00003FFF
_CONFIG                           00002007
_CPD_OFF                          00003FFF
_CPD_ON                           00003EFF
_CP_ALL                           00000FCF
_CP_HALF                          00001FDF
_CP_OFF                           00003FFF
_CP_UPPER_256                     00002FEF
_DEBUG_OFF                        00003FFF
_DEBUG_ON                         000037FF
_DEVID1                           00002006
_FOSC_EXTRC                       00003FFF
_FOSC_HS                          00003FFE
_FOSC_LP                          00003FFC
_FOSC_XT                          00003FFD
_HS_OSC                           00003FFE
_IDLOC0                           00002000
_IDLOC1                           00002001
_IDLOC2                           00002002
_IDLOC3                           00002003
_LP_OSC                           00003FFC
_LVP_OFF                          00003F7F
_LVP_ON                           00003FFF
_PWRTE_OFF                        00003FFF
_PWRTE_ON                         00003FF7
_RC_OSC                           00003FFF
MPASM 5.76                        CHECK1.ASM   3-11-2018  22:50:10         PAGE 16


SYMBOL TABLE
  LABEL                             VALUE 

_WDTE_OFF                         00003FFB
_WDTE_ON                          00003FFF
_WDT_OFF                          00003FFB
_WDT_ON                           00003FFF
_WRT_ENABLE_OFF                   00003DFF
_WRT_ENABLE_ON                    00003FFF
_WRT_OFF                          00003DFF
_WRT_ON                           00003FFF
_XT_OSC                           00003FFD
__16F873                          00000001
button_pressed                    00000025
c1                                00000020
c2                                00000021
l1                                00000008
loopinCompare                     00000031
loopinshow                        00000028
loopinstore                       0000001D

Errors   :     0
Warnings :    29 reported,     0 suppressed
Messages :     2 reported,     0 suppressed

