Warning[207] C:\USERS\GHOST\DESKTOP\PROJECT\CODES\PASSWORD_CHECK.X\CHECK1.ASM 8 : Found label after column 1. (c1)
Warning[207] C:\USERS\GHOST\DESKTOP\PROJECT\CODES\PASSWORD_CHECK.X\CHECK1.ASM 9 : Found label after column 1. (c2)
Warning[207] C:\USERS\GHOST\DESKTOP\PROJECT\CODES\PASSWORD_CHECK.X\CHECK1.ASM 10 : Found label after column 1. (LCDTemp)
Warning[207] C:\USERS\GHOST\DESKTOP\PROJECT\CODES\PASSWORD_CHECK.X\CHECK1.ASM 11 : Found label after column 1. (LCDPORT)
Warning[207] C:\USERS\GHOST\DESKTOP\PROJECT\CODES\PASSWORD_CHECK.X\CHECK1.ASM 12 : Found label after column 1. (LCDTRIS)
Warning[207] C:\USERS\GHOST\DESKTOP\PROJECT\CODES\PASSWORD_CHECK.X\CHECK1.ASM 13 : Found label after column 1. (button_pressed)
Warning[207] C:\USERS\GHOST\DESKTOP\PROJECT\CODES\PASSWORD_CHECK.X\CHECK1.ASM 14 : Found label after column 1. (PwordTemp)
Warning[207] C:\USERS\GHOST\DESKTOP\PROJECT\CODES\PASSWORD_CHECK.X\CHECK1.ASM 15 : Found label after column 1. (PwordCheck)
Warning[207] C:\USERS\GHOST\DESKTOP\PROJECT\CODES\PASSWORD_CHECK.X\CHECK1.ASM 16 : Found label after column 1. (KEYPORT)
Warning[207] C:\USERS\GHOST\DESKTOP\PROJECT\CODES\PASSWORD_CHECK.X\CHECK1.ASM 17 : Found label after column 1. (KEYTRIS)
Warning[207] C:\USERS\GHOST\DESKTOP\PROJECT\CODES\PASSWORD_CHECK.X\CHECK1.ASM 18 : Found label after column 1. (Pword1)
Warning[207] C:\USERS\GHOST\DESKTOP\PROJECT\CODES\PASSWORD_CHECK.X\CHECK1.ASM 19 : Found label after column 1. (Pword2)
Warning[207] C:\USERS\GHOST\DESKTOP\PROJECT\CODES\PASSWORD_CHECK.X\CHECK1.ASM 20 : Found label after column 1. (Pword3)
Warning[207] C:\USERS\GHOST\DESKTOP\PROJECT\CODES\PASSWORD_CHECK.X\CHECK1.ASM 21 : Found label after column 1. (Pword4)
Warning[205] C:\USERS\GHOST\DESKTOP\PROJECT\CODES\PASSWORD_CHECK.X\CHECK1.ASM 27 : Found directive in column 1. (org)
Warning[203] C:\USERS\GHOST\DESKTOP\PROJECT\CODES\PASSWORD_CHECK.X\CHECK1.ASM 28 : Found opcode in column 1. (goto)
Warning[207] C:\USERS\GHOST\DESKTOP\PROJECT\CODES\PASSWORD_CHECK.X\CHECK1.ASM 41 : Found label after column 1. (l1)
Warning[207] C:\USERS\GHOST\DESKTOP\PROJECT\CODES\PASSWORD_CHECK.X\CHECK1.ASM 52 : Found label after column 1. (Password_Check)
Warning[207] C:\USERS\GHOST\DESKTOP\PROJECT\CODES\PASSWORD_CHECK.X\CHECK1.ASM 59 : Found label after column 1. (Get_Pword)
Warning[207] C:\USERS\GHOST\DESKTOP\PROJECT\CODES\PASSWORD_CHECK.X\CHECK1.ASM 75 : Found label after column 1. (Store_UserCode)
Warning[207] C:\USERS\GHOST\DESKTOP\PROJECT\CODES\PASSWORD_CHECK.X\CHECK1.ASM 78 : Found label after column 1. (loopinstore)
Warning[207] C:\USERS\GHOST\DESKTOP\PROJECT\CODES\PASSWORD_CHECK.X\CHECK1.ASM 89 : Found label after column 1. (Show_UserCode)
Warning[207] C:\USERS\GHOST\DESKTOP\PROJECT\CODES\PASSWORD_CHECK.X\CHECK1.ASM 92 : Found label after column 1. (loopinshow)
Warning[207] C:\USERS\GHOST\DESKTOP\PROJECT\CODES\PASSWORD_CHECK.X\CHECK1.ASM 101 : Found label after column 1. (Compare_Code)
Warning[207] C:\USERS\GHOST\DESKTOP\PROJECT\CODES\PASSWORD_CHECK.X\CHECK1.ASM 104 : Found label after column 1. (loopinCompare)
Warning[207] C:\USERS\GHOST\DESKTOP\PROJECT\CODES\PASSWORD_CHECK.X\CHECK1.ASM 122 : Found label after column 1. (Compared_IncorrectPword)
Warning[207] C:\USERS\GHOST\DESKTOP\PROJECT\CODES\PASSWORD_CHECK.X\CHECK1.ASM 130 : Found label after column 1. (Compared_CorrectPword)
Message[302] C:\USERS\GHOST\DESKTOP\PROJECT\CODES\PASSWORD_CHECK.X\CHECK1.ASM 142 : Register in operand not in bank 0.  Ensure that bank bits are correct.
Warning[207] C:\USERS\GHOST\DESKTOP\PROJECT\CODES\PASSWORD_CHECK.X\CHECK1.ASM 258 : Found label after column 1. (Msg2)
Warning[207] C:\USERS\GHOST\DESKTOP\PROJECT\CODES\PASSWORD_CHECK.X\CHECK1.ASM 294 : Found label after column 1. (Msg3)
Message[302] C:\USERS\GHOST\DESKTOP\PROJECT\CODES\PASSWORD_CHECK.X\CHECK1.ASM 317 : Register in operand not in bank 0.  Ensure that bank bits are correct.
